[0.638s] Invoking command in '/home/humberto/ros2_ws/src/lpc': PYTHONPATH=/home/humberto/ros2_ws/build/lpc/prefix_override:/usr/lib/python3/dist-packages/colcon_core/task/python/colcon_distutils_commands:/home/humberto/ros2_ws/install/lpc/lib/python3.10/site-packages:${PYTHONPATH} /usr/bin/python3 -W ignore:setup.py install is deprecated -W ignore:easy_install command is deprecated setup.py egg_info --egg-base ../../build/lpc build --build-base /home/humberto/ros2_ws/build/lpc/build install --record /home/humberto/ros2_ws/build/lpc/install.log --single-version-externally-managed install_data
[0.894s] running egg_info
[0.894s] creating ../../build/lpc/lpc.egg-info
[0.894s] writing ../../build/lpc/lpc.egg-info/PKG-INFO
[0.895s] writing dependency_links to ../../build/lpc/lpc.egg-info/dependency_links.txt
[0.895s] writing entry points to ../../build/lpc/lpc.egg-info/entry_points.txt
[0.895s] writing requirements to ../../build/lpc/lpc.egg-info/requires.txt
[0.895s] writing top-level names to ../../build/lpc/lpc.egg-info/top_level.txt
[0.895s] writing manifest file '../../build/lpc/lpc.egg-info/SOURCES.txt'
[0.897s] reading manifest file '../../build/lpc/lpc.egg-info/SOURCES.txt'
[0.897s] writing manifest file '../../build/lpc/lpc.egg-info/SOURCES.txt'
[0.898s] running build
[0.898s] running build_py
[0.898s] creating /home/humberto/ros2_ws/build/lpc/build
[0.898s] creating /home/humberto/ros2_ws/build/lpc/build/lib
[0.898s] creating /home/humberto/ros2_ws/build/lpc/build/lib/lpc
[0.898s] copying lpc/ros2_client.py -> /home/humberto/ros2_ws/build/lpc/build/lib/lpc
[0.898s] copying lpc/__init__.py -> /home/humberto/ros2_ws/build/lpc/build/lib/lpc
[0.898s] copying lpc/ros2_server.py -> /home/humberto/ros2_ws/build/lpc/build/lib/lpc
[0.898s] running install
[0.899s] running install_lib
[0.899s] creating /home/humberto/ros2_ws/install/lpc/lib/python3.10/site-packages/lpc
[0.900s] copying /home/humberto/ros2_ws/build/lpc/build/lib/lpc/ros2_client.py -> /home/humberto/ros2_ws/install/lpc/lib/python3.10/site-packages/lpc
[0.900s] copying /home/humberto/ros2_ws/build/lpc/build/lib/lpc/__init__.py -> /home/humberto/ros2_ws/install/lpc/lib/python3.10/site-packages/lpc
[0.900s] copying /home/humberto/ros2_ws/build/lpc/build/lib/lpc/ros2_server.py -> /home/humberto/ros2_ws/install/lpc/lib/python3.10/site-packages/lpc
[0.900s] byte-compiling /home/humberto/ros2_ws/install/lpc/lib/python3.10/site-packages/lpc/ros2_client.py to ros2_client.cpython-310.pyc
[0.901s] byte-compiling /home/humberto/ros2_ws/install/lpc/lib/python3.10/site-packages/lpc/__init__.py to __init__.cpython-310.pyc
[0.901s] byte-compiling /home/humberto/ros2_ws/install/lpc/lib/python3.10/site-packages/lpc/ros2_server.py to ros2_server.cpython-310.pyc
[0.902s] running install_data
[0.902s] creating /home/humberto/ros2_ws/install/lpc/share/ament_index
[0.902s] creating /home/humberto/ros2_ws/install/lpc/share/ament_index/resource_index
[0.902s] creating /home/humberto/ros2_ws/install/lpc/share/ament_index/resource_index/packages
[0.902s] copying resource/lpc -> /home/humberto/ros2_ws/install/lpc/share/ament_index/resource_index/packages
[0.902s] copying package.xml -> /home/humberto/ros2_ws/install/lpc/share/lpc
[0.902s] running install_egg_info
[0.904s] Copying ../../build/lpc/lpc.egg-info to /home/humberto/ros2_ws/install/lpc/lib/python3.10/site-packages/lpc-0.0.1-py3.10.egg-info
[0.905s] running install_scripts
[0.925s] Installing client script to /home/humberto/ros2_ws/install/lpc/lib/lpc
[0.925s] Installing server script to /home/humberto/ros2_ws/install/lpc/lib/lpc
[0.926s] writing list of installed files to '/home/humberto/ros2_ws/build/lpc/install.log'
[0.944s] Invoked command in '/home/humberto/ros2_ws/src/lpc' returned '0': PYTHONPATH=/home/humberto/ros2_ws/build/lpc/prefix_override:/usr/lib/python3/dist-packages/colcon_core/task/python/colcon_distutils_commands:/home/humberto/ros2_ws/install/lpc/lib/python3.10/site-packages:${PYTHONPATH} /usr/bin/python3 -W ignore:setup.py install is deprecated -W ignore:easy_install command is deprecated setup.py egg_info --egg-base ../../build/lpc build --build-base /home/humberto/ros2_ws/build/lpc/build install --record /home/humberto/ros2_ws/build/lpc/install.log --single-version-externally-managed install_data
