[14.794s] DEBUG:colcon:Command line arguments: ['/usr/bin/colcon', 'build', '--packages-select', 'puzzlebot_ros', '--symlink-install']
[14.795s] DEBUG:colcon:Parsed command line arguments: Namespace(allow_overriding=[], ament_cmake_args=None, base_paths=['.'], build_base='build', catkin_cmake_args=None, catkin_skip_building_tests=False, cmake_args=None, cmake_clean_cache=False, cmake_clean_first=False, cmake_force_configure=False, cmake_target=None, cmake_target_skip_unavailable=False, continue_on_error=False, event_handlers=None, executor='parallel', ignore_user_meta=False, install_base='install', log_base=None, log_level=None, main=<bound method BuildVerb.main of <colcon_core.verb.build.BuildVerb object at 0x7fa3c24430>>, merge_install=False, metas=['./colcon.meta'], packages_above=None, packages_above_and_dependencies=None, packages_above_depth=None, packages_end=None, packages_ignore=None, packages_ignore_regex=None, packages_select=['puzzlebot_ros'], packages_select_build_failed=False, packages_select_by_dep=None, packages_select_regex=None, packages_select_test_failures=False, packages_skip=None, packages_skip_build_finished=False, packages_skip_by_dep=None, packages_skip_regex=None, packages_skip_test_passed=False, packages_skip_up_to=None, packages_start=None, packages_up_to=None, packages_up_to_regex=None, parallel_workers=4, paths=None, symlink_install=True, test_result_base=None, verb_extension=<colcon_core.verb.build.BuildVerb object at 0x7fa3c24430>, verb_name='build', verb_parser=<colcon_defaults.argument_parser.defaults.DefaultArgumentsDecorator object at 0x7fa37fee80>)
[15.411s] Level 1:colcon.colcon_core.package_discovery:discover_packages(colcon_meta) check parameters
[15.412s] Level 1:colcon.colcon_core.package_discovery:discover_packages(recursive) check parameters
[15.412s] Level 1:colcon.colcon_core.package_discovery:discover_packages(ignore) check parameters
[15.412s] Level 1:colcon.colcon_core.package_discovery:discover_packages(path) check parameters
[15.412s] Level 1:colcon.colcon_core.package_discovery:discover_packages(colcon_meta) discover
[15.413s] Level 1:colcon.colcon_core.package_discovery:discover_packages(recursive) discover
[15.413s] INFO:colcon.colcon_core.package_discovery:Crawling recursively for packages in '/home/puzzlebot/ros2_ws'
[15.413s] Level 1:colcon.colcon_core.package_identification:_identify(.) by extensions ['ignore', 'ignore_ament_install']
[15.414s] Level 1:colcon.colcon_core.package_identification:_identify(.) by extension 'ignore'
[15.414s] Level 1:colcon.colcon_core.package_identification:_identify(.) by extension 'ignore_ament_install'
[15.414s] Level 1:colcon.colcon_core.package_identification:_identify(.) by extensions ['colcon_pkg']
[15.414s] Level 1:colcon.colcon_core.package_identification:_identify(.) by extension 'colcon_pkg'
[15.415s] Level 1:colcon.colcon_core.package_identification:_identify(.) by extensions ['colcon_meta']
[15.415s] Level 1:colcon.colcon_core.package_identification:_identify(.) by extension 'colcon_meta'
[15.415s] Level 1:colcon.colcon_core.package_identification:_identify(.) by extensions ['ros']
[15.415s] Level 1:colcon.colcon_core.package_identification:_identify(.) by extension 'ros'
[15.484s] Level 1:colcon.colcon_core.package_identification:_identify(.) by extensions ['cmake', 'python']
[15.485s] Level 1:colcon.colcon_core.package_identification:_identify(.) by extension 'cmake'
[15.485s] Level 1:colcon.colcon_core.package_identification:_identify(.) by extension 'python'
[15.485s] Level 1:colcon.colcon_core.package_identification:_identify(.) by extensions ['python_setup_py']
[15.486s] Level 1:colcon.colcon_core.package_identification:_identify(.) by extension 'python_setup_py'
[15.486s] Level 1:colcon.colcon_core.package_identification:_identify(build) by extensions ['ignore', 'ignore_ament_install']
[15.487s] Level 1:colcon.colcon_core.package_identification:_identify(build) by extension 'ignore'
[15.487s] Level 1:colcon.colcon_core.package_identification:_identify(build) ignored
[15.488s] Level 1:colcon.colcon_core.package_identification:_identify(install) by extensions ['ignore', 'ignore_ament_install']
[15.488s] Level 1:colcon.colcon_core.package_identification:_identify(install) by extension 'ignore'
[15.488s] Level 1:colcon.colcon_core.package_identification:_identify(install) ignored
[15.489s] Level 1:colcon.colcon_core.package_identification:_identify(log) by extensions ['ignore', 'ignore_ament_install']
[15.489s] Level 1:colcon.colcon_core.package_identification:_identify(log) by extension 'ignore'
[15.490s] Level 1:colcon.colcon_core.package_identification:_identify(log) ignored
[15.490s] Level 1:colcon.colcon_core.package_identification:_identify(src) by extensions ['ignore', 'ignore_ament_install']
[15.490s] Level 1:colcon.colcon_core.package_identification:_identify(src) by extension 'ignore'
[15.490s] Level 1:colcon.colcon_core.package_identification:_identify(src) by extension 'ignore_ament_install'
[15.491s] Level 1:colcon.colcon_core.package_identification:_identify(src) by extensions ['colcon_pkg']
[15.491s] Level 1:colcon.colcon_core.package_identification:_identify(src) by extension 'colcon_pkg'
[15.491s] Level 1:colcon.colcon_core.package_identification:_identify(src) by extensions ['colcon_meta']
[15.491s] Level 1:colcon.colcon_core.package_identification:_identify(src) by extension 'colcon_meta'
[15.492s] Level 1:colcon.colcon_core.package_identification:_identify(src) by extensions ['ros']
[15.492s] Level 1:colcon.colcon_core.package_identification:_identify(src) by extension 'ros'
[15.492s] Level 1:colcon.colcon_core.package_identification:_identify(src) by extensions ['cmake', 'python']
[15.493s] Level 1:colcon.colcon_core.package_identification:_identify(src) by extension 'cmake'
[15.493s] Level 1:colcon.colcon_core.package_identification:_identify(src) by extension 'python'
[15.493s] Level 1:colcon.colcon_core.package_identification:_identify(src) by extensions ['python_setup_py']
[15.493s] Level 1:colcon.colcon_core.package_identification:_identify(src) by extension 'python_setup_py'
[15.494s] Level 1:colcon.colcon_core.package_identification:_identify(src/build) by extensions ['ignore', 'ignore_ament_install']
[15.494s] Level 1:colcon.colcon_core.package_identification:_identify(src/build) by extension 'ignore'
[15.497s] Level 1:colcon.colcon_core.package_identification:_identify(src/build) ignored
[15.498s] Level 1:colcon.colcon_core.package_identification:_identify(src/install) by extensions ['ignore', 'ignore_ament_install']
[15.499s] Level 1:colcon.colcon_core.package_identification:_identify(src/install) by extension 'ignore'
[15.499s] Level 1:colcon.colcon_core.package_identification:_identify(src/install) ignored
[15.499s] Level 1:colcon.colcon_core.package_identification:_identify(src/log) by extensions ['ignore', 'ignore_ament_install']
[15.500s] Level 1:colcon.colcon_core.package_identification:_identify(src/log) by extension 'ignore'
[15.500s] Level 1:colcon.colcon_core.package_identification:_identify(src/log) ignored
[15.500s] Level 1:colcon.colcon_core.package_identification:_identify(src/puzzlebot_ros) by extensions ['ignore', 'ignore_ament_install']
[15.501s] Level 1:colcon.colcon_core.package_identification:_identify(src/puzzlebot_ros) by extension 'ignore'
[15.501s] Level 1:colcon.colcon_core.package_identification:_identify(src/puzzlebot_ros) by extension 'ignore_ament_install'
[15.501s] Level 1:colcon.colcon_core.package_identification:_identify(src/puzzlebot_ros) by extensions ['colcon_pkg']
[15.501s] Level 1:colcon.colcon_core.package_identification:_identify(src/puzzlebot_ros) by extension 'colcon_pkg'
[15.502s] Level 1:colcon.colcon_core.package_identification:_identify(src/puzzlebot_ros) by extensions ['colcon_meta']
[15.502s] Level 1:colcon.colcon_core.package_identification:_identify(src/puzzlebot_ros) by extension 'colcon_meta'
[15.502s] Level 1:colcon.colcon_core.package_identification:_identify(src/puzzlebot_ros) by extensions ['ros']
[15.502s] Level 1:colcon.colcon_core.package_identification:_identify(src/puzzlebot_ros) by extension 'ros'
[15.515s] DEBUG:colcon.colcon_core.package_identification:Package 'src/puzzlebot_ros' with type 'ros.ament_python' and name 'puzzlebot_ros'
[15.516s] Level 1:colcon.colcon_core.package_identification:_identify(src/sllidar_ros2) by extensions ['ignore', 'ignore_ament_install']
[15.516s] Level 1:colcon.colcon_core.package_identification:_identify(src/sllidar_ros2) by extension 'ignore'
[15.517s] Level 1:colcon.colcon_core.package_identification:_identify(src/sllidar_ros2) by extension 'ignore_ament_install'
[15.517s] Level 1:colcon.colcon_core.package_identification:_identify(src/sllidar_ros2) by extensions ['colcon_pkg']
[15.517s] Level 1:colcon.colcon_core.package_identification:_identify(src/sllidar_ros2) by extension 'colcon_pkg'
[15.518s] Level 1:colcon.colcon_core.package_identification:_identify(src/sllidar_ros2) by extensions ['colcon_meta']
[15.518s] Level 1:colcon.colcon_core.package_identification:_identify(src/sllidar_ros2) by extension 'colcon_meta'
[15.518s] Level 1:colcon.colcon_core.package_identification:_identify(src/sllidar_ros2) by extensions ['ros']
[15.518s] Level 1:colcon.colcon_core.package_identification:_identify(src/sllidar_ros2) by extension 'ros'
[15.522s] DEBUG:colcon.colcon_core.package_identification:Package 'src/sllidar_ros2' with type 'ros.ament_cmake' and name 'sllidar_ros2'
[15.522s] Level 1:colcon.colcon_core.package_discovery:discover_packages(recursive) using defaults
[15.522s] Level 1:colcon.colcon_core.package_discovery:discover_packages(ignore) discover
[15.523s] Level 1:colcon.colcon_core.package_discovery:discover_packages(ignore) using defaults
[15.523s] Level 1:colcon.colcon_core.package_discovery:discover_packages(path) discover
[15.523s] Level 1:colcon.colcon_core.package_discovery:discover_packages(path) using defaults
[16.316s] INFO:colcon.colcon_core.package_selection:Skipping not selected package 'sllidar_ros2' in 'src/sllidar_ros2'
[16.767s] Level 1:colcon.colcon_core.package_discovery:discover_packages(prefix_path) check parameters
[16.768s] Level 1:colcon.colcon_core.package_discovery:discover_packages(prefix_path) discover
[17.246s] DEBUG:colcon.colcon_installed_package_information.package_discovery:Found 2 installed packages in /home/puzzlebot/ros2_ws/install
[17.513s] DEBUG:colcon.colcon_installed_package_information.package_discovery:Found 5 installed packages in /home/puzzlebot/ros2_packages_ws/install
[17.749s] DEBUG:colcon.colcon_installed_package_information.package_discovery:Found 276 installed packages in /opt/ros/humble
[17.758s] Level 1:colcon.colcon_core.package_discovery:discover_packages(prefix_path) using defaults
[18.716s] Level 5:colcon.colcon_core.verb:set package 'puzzlebot_ros' build argument 'cmake_args' from command line to 'None'
[18.717s] Level 5:colcon.colcon_core.verb:set package 'puzzlebot_ros' build argument 'cmake_target' from command line to 'None'
[18.717s] Level 5:colcon.colcon_core.verb:set package 'puzzlebot_ros' build argument 'cmake_target_skip_unavailable' from command line to 'False'
[18.717s] Level 5:colcon.colcon_core.verb:set package 'puzzlebot_ros' build argument 'cmake_clean_cache' from command line to 'False'
[18.717s] Level 5:colcon.colcon_core.verb:set package 'puzzlebot_ros' build argument 'cmake_clean_first' from command line to 'False'
[18.717s] Level 5:colcon.colcon_core.verb:set package 'puzzlebot_ros' build argument 'cmake_force_configure' from command line to 'False'
[18.718s] Level 5:colcon.colcon_core.verb:set package 'puzzlebot_ros' build argument 'ament_cmake_args' from command line to 'None'
[18.718s] Level 5:colcon.colcon_core.verb:set package 'puzzlebot_ros' build argument 'catkin_cmake_args' from command line to 'None'
[18.718s] Level 5:colcon.colcon_core.verb:set package 'puzzlebot_ros' build argument 'catkin_skip_building_tests' from command line to 'False'
[18.718s] DEBUG:colcon.colcon_core.verb:Building package 'puzzlebot_ros' with the following arguments: {'ament_cmake_args': None, 'build_base': '/home/puzzlebot/ros2_ws/build/puzzlebot_ros', 'catkin_cmake_args': None, 'catkin_skip_building_tests': False, 'cmake_args': None, 'cmake_clean_cache': False, 'cmake_clean_first': False, 'cmake_force_configure': False, 'cmake_target': None, 'cmake_target_skip_unavailable': False, 'install_base': '/home/puzzlebot/ros2_ws/install/puzzlebot_ros', 'merge_install': False, 'path': '/home/puzzlebot/ros2_ws/src/puzzlebot_ros', 'symlink_install': True, 'test_result_base': None}
[18.944s] INFO:colcon.colcon_core.executor:Executing jobs using 'parallel' executor
[19.174s] DEBUG:colcon.colcon_parallel_executor.executor.parallel:run_until_complete
[19.175s] INFO:colcon.colcon_ros.task.ament_python.build:Building ROS package in '/home/puzzlebot/ros2_ws/src/puzzlebot_ros' with build type 'ament_python'
[19.176s] Level 1:colcon.colcon_core.shell:create_environment_hook('puzzlebot_ros', 'ament_prefix_path')
[19.425s] INFO:colcon.colcon_core.plugin_system:Skipping extension 'colcon_core.shell.bat': Not used on non-Windows systems
[19.426s] INFO:colcon.colcon_core.shell:Creating environment hook '/home/puzzlebot/ros2_ws/install/puzzlebot_ros/share/puzzlebot_ros/hook/ament_prefix_path.ps1'
[19.430s] INFO:colcon.colcon_core.shell:Creating environment descriptor '/home/puzzlebot/ros2_ws/install/puzzlebot_ros/share/puzzlebot_ros/hook/ament_prefix_path.dsv'
[19.434s] INFO:colcon.colcon_core.shell:Creating environment hook '/home/puzzlebot/ros2_ws/install/puzzlebot_ros/share/puzzlebot_ros/hook/ament_prefix_path.sh'
[19.667s] INFO:colcon.colcon_core.shell:Skip shell extension 'powershell' for command environment: Not usable outside of PowerShell
[19.667s] DEBUG:colcon.colcon_core.shell:Skip shell extension 'dsv' for command environment
[22.062s] INFO:colcon.colcon_core.task.python.build:Building Python package in '/home/puzzlebot/ros2_ws/src/puzzlebot_ros'
[22.486s] INFO:colcon.colcon_core.shell:Skip shell extension 'powershell' for command environment: Not usable outside of PowerShell
[22.486s] DEBUG:colcon.colcon_core.shell:Skip shell extension 'dsv' for command environment
[26.073s] DEBUG:colcon.colcon_core.event_handler.log_command:Invoking command in '/home/puzzlebot/ros2_ws/build/puzzlebot_ros': PYTHONPATH=/home/puzzlebot/ros2_ws/build/puzzlebot_ros/prefix_override:/home/puzzlebot/ros2_ws/install/puzzlebot_ros/lib/python3.8/site-packages:${PYTHONPATH} /usr/bin/python3 setup.py develop --editable --build-directory /home/puzzlebot/ros2_ws/build/puzzlebot_ros/build --no-deps install_data
[28.663s] Level 1:colcon.colcon_core.shell:create_environment_hook('puzzlebot_ros', 'pythonpath_develop')
[28.665s] DEBUG:colcon.colcon_core.event_handler.log_command:Invoked command in '/home/puzzlebot/ros2_ws/build/puzzlebot_ros' returned '0': PYTHONPATH=/home/puzzlebot/ros2_ws/build/puzzlebot_ros/prefix_override:/home/puzzlebot/ros2_ws/install/puzzlebot_ros/lib/python3.8/site-packages:${PYTHONPATH} /usr/bin/python3 setup.py develop --editable --build-directory /home/puzzlebot/ros2_ws/build/puzzlebot_ros/build --no-deps install_data
[28.988s] INFO:colcon.colcon_core.shell:Creating environment hook '/home/puzzlebot/ros2_ws/build/puzzlebot_ros/share/puzzlebot_ros/hook/pythonpath_develop.ps1'
[28.991s] INFO:colcon.colcon_core.shell:Creating environment descriptor '/home/puzzlebot/ros2_ws/build/puzzlebot_ros/share/puzzlebot_ros/hook/pythonpath_develop.dsv'
[28.992s] INFO:colcon.colcon_core.shell:Creating environment hook '/home/puzzlebot/ros2_ws/build/puzzlebot_ros/share/puzzlebot_ros/hook/pythonpath_develop.sh'
[29.250s] Level 1:colcon.colcon_core.environment:checking '/home/puzzlebot/ros2_ws/install/puzzlebot_ros' for CMake module files
[29.254s] Level 1:colcon.colcon_core.environment:checking '/home/puzzlebot/ros2_ws/install/puzzlebot_ros' for CMake config files
[29.258s] Level 1:colcon.colcon_core.environment:checking '/home/puzzlebot/ros2_ws/install/puzzlebot_ros/lib'
[29.258s] Level 1:colcon.colcon_core.environment:checking '/home/puzzlebot/ros2_ws/install/puzzlebot_ros/bin'
[29.259s] Level 1:colcon.colcon_core.environment:checking '/home/puzzlebot/ros2_ws/install/puzzlebot_ros/lib/pkgconfig/puzzlebot_ros.pc'
[29.260s] Level 1:colcon.colcon_core.environment:checking '/home/puzzlebot/ros2_ws/install/puzzlebot_ros/lib/python3.8/site-packages'
[29.260s] Level 1:colcon.colcon_core.shell:create_environment_hook('puzzlebot_ros', 'pythonpath')
[29.489s] INFO:colcon.colcon_core.shell:Creating environment hook '/home/puzzlebot/ros2_ws/install/puzzlebot_ros/share/puzzlebot_ros/hook/pythonpath.ps1'
[29.492s] INFO:colcon.colcon_core.shell:Creating environment descriptor '/home/puzzlebot/ros2_ws/install/puzzlebot_ros/share/puzzlebot_ros/hook/pythonpath.dsv'
[29.493s] INFO:colcon.colcon_core.shell:Creating environment hook '/home/puzzlebot/ros2_ws/install/puzzlebot_ros/share/puzzlebot_ros/hook/pythonpath.sh'
[29.495s] Level 1:colcon.colcon_core.environment:checking '/home/puzzlebot/ros2_ws/install/puzzlebot_ros/bin'
[29.496s] Level 1:colcon.colcon_core.environment:create_environment_scripts_only(puzzlebot_ros)
[29.732s] INFO:colcon.colcon_core.shell:Creating package script '/home/puzzlebot/ros2_ws/install/puzzlebot_ros/share/puzzlebot_ros/package.ps1'
[29.738s] INFO:colcon.colcon_core.shell:Creating package descriptor '/home/puzzlebot/ros2_ws/install/puzzlebot_ros/share/puzzlebot_ros/package.dsv'
[29.742s] INFO:colcon.colcon_core.shell:Creating package script '/home/puzzlebot/ros2_ws/install/puzzlebot_ros/share/puzzlebot_ros/package.sh'
[29.746s] INFO:colcon.colcon_core.shell:Creating package script '/home/puzzlebot/ros2_ws/install/puzzlebot_ros/share/puzzlebot_ros/package.bash'
[29.751s] INFO:colcon.colcon_core.shell:Creating package script '/home/puzzlebot/ros2_ws/install/puzzlebot_ros/share/puzzlebot_ros/package.zsh'
[29.756s] Level 1:colcon.colcon_core.environment:create_file_with_runtime_dependencies(/home/puzzlebot/ros2_ws/install/puzzlebot_ros/share/colcon-core/packages/puzzlebot_ros)
[29.757s] DEBUG:colcon.colcon_parallel_executor.executor.parallel:closing loop
[29.758s] DEBUG:colcon.colcon_parallel_executor.executor.parallel:loop closed
[29.759s] DEBUG:colcon.colcon_parallel_executor.executor.parallel:run_until_complete finished with '0'
[29.759s] DEBUG:colcon.colcon_core.event_reactor:joining thread
[30.063s] INFO:colcon.colcon_core.plugin_system:Skipping extension 'colcon_notification.desktop_notification.terminal_notifier': Not used on non-Darwin systems
[30.063s] INFO:colcon.colcon_core.plugin_system:Skipping extension 'colcon_notification.desktop_notification.win32': Not used on non-Windows systems
[30.064s] INFO:colcon.colcon_notification.desktop_notification:Sending desktop notification using 'notify2'
[30.460s] DEBUG:colcon.colcon_core.event_reactor:joined thread
[30.703s] INFO:colcon.colcon_core.shell:Creating prefix script '/home/puzzlebot/ros2_ws/install/local_setup.ps1'
[30.709s] INFO:colcon.colcon_core.shell:Creating prefix util module '/home/puzzlebot/ros2_ws/install/_local_setup_util_ps1.py'
[30.716s] INFO:colcon.colcon_core.shell:Creating prefix chain script '/home/puzzlebot/ros2_ws/install/setup.ps1'
[30.961s] INFO:colcon.colcon_core.shell:Creating prefix script '/home/puzzlebot/ros2_ws/install/local_setup.sh'
[30.965s] INFO:colcon.colcon_core.shell:Creating prefix util module '/home/puzzlebot/ros2_ws/install/_local_setup_util_sh.py'
[30.967s] INFO:colcon.colcon_core.shell:Creating prefix chain script '/home/puzzlebot/ros2_ws/install/setup.sh'
[31.220s] INFO:colcon.colcon_core.shell:Creating prefix script '/home/puzzlebot/ros2_ws/install/local_setup.bash'
[31.223s] INFO:colcon.colcon_core.shell:Creating prefix chain script '/home/puzzlebot/ros2_ws/install/setup.bash'
[31.461s] INFO:colcon.colcon_core.shell:Creating prefix script '/home/puzzlebot/ros2_ws/install/local_setup.zsh'
[31.464s] INFO:colcon.colcon_core.shell:Creating prefix chain script '/home/puzzlebot/ros2_ws/install/setup.zsh'
