[11.884s] DEBUG:colcon:Command line arguments: ['/usr/bin/colcon', 'build', '--symlink-install']
[11.885s] DEBUG:colcon:Parsed command line arguments: Namespace(allow_overriding=[], ament_cmake_args=None, base_paths=['.'], build_base='build', catkin_cmake_args=None, catkin_skip_building_tests=False, cmake_args=None, cmake_clean_cache=False, cmake_clean_first=False, cmake_force_configure=False, cmake_target=None, cmake_target_skip_unavailable=False, continue_on_error=False, event_handlers=None, executor='parallel', ignore_user_meta=False, install_base='install', log_base=None, log_level=None, main=<bound method BuildVerb.main of <colcon_core.verb.build.BuildVerb object at 0x7f867171c0>>, merge_install=False, metas=['./colcon.meta'], packages_above=None, packages_above_and_dependencies=None, packages_above_depth=None, packages_end=None, packages_ignore=None, packages_ignore_regex=None, packages_select=None, packages_select_build_failed=False, packages_select_by_dep=None, packages_select_regex=None, packages_select_test_failures=False, packages_skip=None, packages_skip_build_finished=False, packages_skip_by_dep=None, packages_skip_regex=None, packages_skip_test_passed=False, packages_skip_up_to=None, packages_start=None, packages_up_to=None, packages_up_to_regex=None, parallel_workers=4, paths=None, symlink_install=True, test_result_base=None, verb_extension=<colcon_core.verb.build.BuildVerb object at 0x7f867171c0>, verb_name='build', verb_parser=<colcon_defaults.argument_parser.defaults.DefaultArgumentsDecorator object at 0x7f85b67dc0>)
[12.467s] Level 1:colcon.colcon_core.package_discovery:discover_packages(colcon_meta) check parameters
[12.467s] Level 1:colcon.colcon_core.package_discovery:discover_packages(recursive) check parameters
[12.467s] Level 1:colcon.colcon_core.package_discovery:discover_packages(ignore) check parameters
[12.468s] Level 1:colcon.colcon_core.package_discovery:discover_packages(path) check parameters
[12.468s] Level 1:colcon.colcon_core.package_discovery:discover_packages(colcon_meta) discover
[12.468s] Level 1:colcon.colcon_core.package_discovery:discover_packages(recursive) discover
[12.468s] INFO:colcon.colcon_core.package_discovery:Crawling recursively for packages in '/home/puzzlebot/ros2_ws'
[12.469s] Level 1:colcon.colcon_core.package_identification:_identify(.) by extensions ['ignore', 'ignore_ament_install']
[12.469s] Level 1:colcon.colcon_core.package_identification:_identify(.) by extension 'ignore'
[12.469s] Level 1:colcon.colcon_core.package_identification:_identify(.) by extension 'ignore_ament_install'
[12.470s] Level 1:colcon.colcon_core.package_identification:_identify(.) by extensions ['colcon_pkg']
[12.470s] Level 1:colcon.colcon_core.package_identification:_identify(.) by extension 'colcon_pkg'
[12.470s] Level 1:colcon.colcon_core.package_identification:_identify(.) by extensions ['colcon_meta']
[12.470s] Level 1:colcon.colcon_core.package_identification:_identify(.) by extension 'colcon_meta'
[12.470s] Level 1:colcon.colcon_core.package_identification:_identify(.) by extensions ['ros']
[12.470s] Level 1:colcon.colcon_core.package_identification:_identify(.) by extension 'ros'
[12.536s] Level 1:colcon.colcon_core.package_identification:_identify(.) by extensions ['cmake', 'python']
[12.536s] Level 1:colcon.colcon_core.package_identification:_identify(.) by extension 'cmake'
[12.536s] Level 1:colcon.colcon_core.package_identification:_identify(.) by extension 'python'
[12.537s] Level 1:colcon.colcon_core.package_identification:_identify(.) by extensions ['python_setup_py']
[12.537s] Level 1:colcon.colcon_core.package_identification:_identify(.) by extension 'python_setup_py'
[12.537s] Level 1:colcon.colcon_core.package_identification:_identify(build) by extensions ['ignore', 'ignore_ament_install']
[12.538s] Level 1:colcon.colcon_core.package_identification:_identify(build) by extension 'ignore'
[12.538s] Level 1:colcon.colcon_core.package_identification:_identify(build) ignored
[12.539s] Level 1:colcon.colcon_core.package_identification:_identify(install) by extensions ['ignore', 'ignore_ament_install']
[12.539s] Level 1:colcon.colcon_core.package_identification:_identify(install) by extension 'ignore'
[12.539s] Level 1:colcon.colcon_core.package_identification:_identify(install) ignored
[12.540s] Level 1:colcon.colcon_core.package_identification:_identify(log) by extensions ['ignore', 'ignore_ament_install']
[12.540s] Level 1:colcon.colcon_core.package_identification:_identify(log) by extension 'ignore'
[12.540s] Level 1:colcon.colcon_core.package_identification:_identify(log) ignored
[12.540s] Level 1:colcon.colcon_core.package_identification:_identify(src) by extensions ['ignore', 'ignore_ament_install']
[12.541s] Level 1:colcon.colcon_core.package_identification:_identify(src) by extension 'ignore'
[12.541s] Level 1:colcon.colcon_core.package_identification:_identify(src) by extension 'ignore_ament_install'
[12.541s] Level 1:colcon.colcon_core.package_identification:_identify(src) by extensions ['colcon_pkg']
[12.541s] Level 1:colcon.colcon_core.package_identification:_identify(src) by extension 'colcon_pkg'
[12.542s] Level 1:colcon.colcon_core.package_identification:_identify(src) by extensions ['colcon_meta']
[12.542s] Level 1:colcon.colcon_core.package_identification:_identify(src) by extension 'colcon_meta'
[12.542s] Level 1:colcon.colcon_core.package_identification:_identify(src) by extensions ['ros']
[12.542s] Level 1:colcon.colcon_core.package_identification:_identify(src) by extension 'ros'
[12.543s] Level 1:colcon.colcon_core.package_identification:_identify(src) by extensions ['cmake', 'python']
[12.543s] Level 1:colcon.colcon_core.package_identification:_identify(src) by extension 'cmake'
[12.543s] Level 1:colcon.colcon_core.package_identification:_identify(src) by extension 'python'
[12.543s] Level 1:colcon.colcon_core.package_identification:_identify(src) by extensions ['python_setup_py']
[12.544s] Level 1:colcon.colcon_core.package_identification:_identify(src) by extension 'python_setup_py'
[12.546s] Level 1:colcon.colcon_core.package_identification:_identify(src/build) by extensions ['ignore', 'ignore_ament_install']
[12.547s] Level 1:colcon.colcon_core.package_identification:_identify(src/build) by extension 'ignore'
[12.547s] Level 1:colcon.colcon_core.package_identification:_identify(src/build) ignored
[12.548s] Level 1:colcon.colcon_core.package_identification:_identify(src/install) by extensions ['ignore', 'ignore_ament_install']
[12.548s] Level 1:colcon.colcon_core.package_identification:_identify(src/install) by extension 'ignore'
[12.548s] Level 1:colcon.colcon_core.package_identification:_identify(src/install) ignored
[12.549s] Level 1:colcon.colcon_core.package_identification:_identify(src/log) by extensions ['ignore', 'ignore_ament_install']
[12.549s] Level 1:colcon.colcon_core.package_identification:_identify(src/log) by extension 'ignore'
[12.550s] Level 1:colcon.colcon_core.package_identification:_identify(src/log) ignored
[12.550s] Level 1:colcon.colcon_core.package_identification:_identify(src/puzzlebot_ros) by extensions ['ignore', 'ignore_ament_install']
[12.551s] Level 1:colcon.colcon_core.package_identification:_identify(src/puzzlebot_ros) by extension 'ignore'
[12.551s] Level 1:colcon.colcon_core.package_identification:_identify(src/puzzlebot_ros) by extension 'ignore_ament_install'
[12.552s] Level 1:colcon.colcon_core.package_identification:_identify(src/puzzlebot_ros) by extensions ['colcon_pkg']
[12.552s] Level 1:colcon.colcon_core.package_identification:_identify(src/puzzlebot_ros) by extension 'colcon_pkg'
[12.552s] Level 1:colcon.colcon_core.package_identification:_identify(src/puzzlebot_ros) by extensions ['colcon_meta']
[12.552s] Level 1:colcon.colcon_core.package_identification:_identify(src/puzzlebot_ros) by extension 'colcon_meta'
[12.552s] Level 1:colcon.colcon_core.package_identification:_identify(src/puzzlebot_ros) by extensions ['ros']
[12.552s] Level 1:colcon.colcon_core.package_identification:_identify(src/puzzlebot_ros) by extension 'ros'
[12.566s] DEBUG:colcon.colcon_core.package_identification:Package 'src/puzzlebot_ros' with type 'ros.ament_python' and name 'puzzlebot_ros'
[12.566s] Level 1:colcon.colcon_core.package_identification:_identify(src/sllidar_ros2) by extensions ['ignore', 'ignore_ament_install']
[12.567s] Level 1:colcon.colcon_core.package_identification:_identify(src/sllidar_ros2) by extension 'ignore'
[12.567s] Level 1:colcon.colcon_core.package_identification:_identify(src/sllidar_ros2) by extension 'ignore_ament_install'
[12.567s] Level 1:colcon.colcon_core.package_identification:_identify(src/sllidar_ros2) by extensions ['colcon_pkg']
[12.567s] Level 1:colcon.colcon_core.package_identification:_identify(src/sllidar_ros2) by extension 'colcon_pkg'
[12.568s] Level 1:colcon.colcon_core.package_identification:_identify(src/sllidar_ros2) by extensions ['colcon_meta']
[12.568s] Level 1:colcon.colcon_core.package_identification:_identify(src/sllidar_ros2) by extension 'colcon_meta'
[12.568s] Level 1:colcon.colcon_core.package_identification:_identify(src/sllidar_ros2) by extensions ['ros']
[12.568s] Level 1:colcon.colcon_core.package_identification:_identify(src/sllidar_ros2) by extension 'ros'
[12.572s] DEBUG:colcon.colcon_core.package_identification:Package 'src/sllidar_ros2' with type 'ros.ament_cmake' and name 'sllidar_ros2'
[12.572s] Level 1:colcon.colcon_core.package_discovery:discover_packages(recursive) using defaults
[12.572s] Level 1:colcon.colcon_core.package_discovery:discover_packages(ignore) discover
[12.572s] Level 1:colcon.colcon_core.package_discovery:discover_packages(ignore) using defaults
[12.572s] Level 1:colcon.colcon_core.package_discovery:discover_packages(path) discover
[12.572s] Level 1:colcon.colcon_core.package_discovery:discover_packages(path) using defaults
[13.646s] Level 1:colcon.colcon_core.package_discovery:discover_packages(prefix_path) check parameters
[13.647s] Level 1:colcon.colcon_core.package_discovery:discover_packages(prefix_path) discover
[14.063s] DEBUG:colcon.colcon_installed_package_information.package_discovery:Found 2 installed packages in /home/puzzlebot/ros2_ws/install
[14.262s] DEBUG:colcon.colcon_installed_package_information.package_discovery:Found 5 installed packages in /home/puzzlebot/ros2_packages_ws/install
[14.474s] DEBUG:colcon.colcon_installed_package_information.package_discovery:Found 276 installed packages in /opt/ros/humble
[14.482s] Level 1:colcon.colcon_core.package_discovery:discover_packages(prefix_path) using defaults
[15.400s] Level 5:colcon.colcon_core.verb:set package 'puzzlebot_ros' build argument 'cmake_args' from command line to 'None'
[15.400s] Level 5:colcon.colcon_core.verb:set package 'puzzlebot_ros' build argument 'cmake_target' from command line to 'None'
[15.400s] Level 5:colcon.colcon_core.verb:set package 'puzzlebot_ros' build argument 'cmake_target_skip_unavailable' from command line to 'False'
[15.400s] Level 5:colcon.colcon_core.verb:set package 'puzzlebot_ros' build argument 'cmake_clean_cache' from command line to 'False'
[15.401s] Level 5:colcon.colcon_core.verb:set package 'puzzlebot_ros' build argument 'cmake_clean_first' from command line to 'False'
[15.401s] Level 5:colcon.colcon_core.verb:set package 'puzzlebot_ros' build argument 'cmake_force_configure' from command line to 'False'
[15.401s] Level 5:colcon.colcon_core.verb:set package 'puzzlebot_ros' build argument 'ament_cmake_args' from command line to 'None'
[15.401s] Level 5:colcon.colcon_core.verb:set package 'puzzlebot_ros' build argument 'catkin_cmake_args' from command line to 'None'
[15.401s] Level 5:colcon.colcon_core.verb:set package 'puzzlebot_ros' build argument 'catkin_skip_building_tests' from command line to 'False'
[15.401s] DEBUG:colcon.colcon_core.verb:Building package 'puzzlebot_ros' with the following arguments: {'ament_cmake_args': None, 'build_base': '/home/puzzlebot/ros2_ws/build/puzzlebot_ros', 'catkin_cmake_args': None, 'catkin_skip_building_tests': False, 'cmake_args': None, 'cmake_clean_cache': False, 'cmake_clean_first': False, 'cmake_force_configure': False, 'cmake_target': None, 'cmake_target_skip_unavailable': False, 'install_base': '/home/puzzlebot/ros2_ws/install/puzzlebot_ros', 'merge_install': False, 'path': '/home/puzzlebot/ros2_ws/src/puzzlebot_ros', 'symlink_install': True, 'test_result_base': None}
[15.607s] Level 5:colcon.colcon_core.verb:set package 'sllidar_ros2' build argument 'cmake_args' from command line to 'None'
[15.608s] Level 5:colcon.colcon_core.verb:set package 'sllidar_ros2' build argument 'cmake_target' from command line to 'None'
[15.608s] Level 5:colcon.colcon_core.verb:set package 'sllidar_ros2' build argument 'cmake_target_skip_unavailable' from command line to 'False'
[15.608s] Level 5:colcon.colcon_core.verb:set package 'sllidar_ros2' build argument 'cmake_clean_cache' from command line to 'False'
[15.608s] Level 5:colcon.colcon_core.verb:set package 'sllidar_ros2' build argument 'cmake_clean_first' from command line to 'False'
[15.608s] Level 5:colcon.colcon_core.verb:set package 'sllidar_ros2' build argument 'cmake_force_configure' from command line to 'False'
[15.609s] Level 5:colcon.colcon_core.verb:set package 'sllidar_ros2' build argument 'ament_cmake_args' from command line to 'None'
[15.609s] Level 5:colcon.colcon_core.verb:set package 'sllidar_ros2' build argument 'catkin_cmake_args' from command line to 'None'
[15.609s] Level 5:colcon.colcon_core.verb:set package 'sllidar_ros2' build argument 'catkin_skip_building_tests' from command line to 'False'
[15.609s] DEBUG:colcon.colcon_core.verb:Building package 'sllidar_ros2' with the following arguments: {'ament_cmake_args': None, 'build_base': '/home/puzzlebot/ros2_ws/build/sllidar_ros2', 'catkin_cmake_args': None, 'catkin_skip_building_tests': False, 'cmake_args': None, 'cmake_clean_cache': False, 'cmake_clean_first': False, 'cmake_force_configure': False, 'cmake_target': None, 'cmake_target_skip_unavailable': False, 'install_base': '/home/puzzlebot/ros2_ws/install/sllidar_ros2', 'merge_install': False, 'path': '/home/puzzlebot/ros2_ws/src/sllidar_ros2', 'symlink_install': True, 'test_result_base': None}
[15.813s] INFO:colcon.colcon_core.executor:Executing jobs using 'parallel' executor
[16.023s] DEBUG:colcon.colcon_parallel_executor.executor.parallel:run_until_complete
[16.025s] INFO:colcon.colcon_ros.task.ament_python.build:Building ROS package in '/home/puzzlebot/ros2_ws/src/puzzlebot_ros' with build type 'ament_python'
[16.025s] Level 1:colcon.colcon_core.shell:create_environment_hook('puzzlebot_ros', 'ament_prefix_path')
[16.258s] INFO:colcon.colcon_core.plugin_system:Skipping extension 'colcon_core.shell.bat': Not used on non-Windows systems
[16.260s] INFO:colcon.colcon_core.shell:Creating environment hook '/home/puzzlebot/ros2_ws/install/puzzlebot_ros/share/puzzlebot_ros/hook/ament_prefix_path.ps1'
[16.262s] INFO:colcon.colcon_core.shell:Creating environment descriptor '/home/puzzlebot/ros2_ws/install/puzzlebot_ros/share/puzzlebot_ros/hook/ament_prefix_path.dsv'
[16.264s] INFO:colcon.colcon_core.shell:Creating environment hook '/home/puzzlebot/ros2_ws/install/puzzlebot_ros/share/puzzlebot_ros/hook/ament_prefix_path.sh'
[16.476s] INFO:colcon.colcon_core.shell:Skip shell extension 'powershell' for command environment: Not usable outside of PowerShell
[16.476s] DEBUG:colcon.colcon_core.shell:Skip shell extension 'dsv' for command environment
[17.382s] INFO:colcon.colcon_ros.task.ament_cmake.build:Building ROS package in '/home/puzzlebot/ros2_ws/src/sllidar_ros2' with build type 'ament_cmake'
[17.383s] INFO:colcon.colcon_cmake.task.cmake.build:Building CMake package in '/home/puzzlebot/ros2_ws/src/sllidar_ros2'
[17.605s] INFO:colcon.colcon_core.shell:Skip shell extension 'powershell' for command environment: Not usable outside of PowerShell
[17.606s] DEBUG:colcon.colcon_core.shell:Skip shell extension 'dsv' for command environment
[19.572s] INFO:colcon.colcon_core.task.python.build:Building Python package in '/home/puzzlebot/ros2_ws/src/puzzlebot_ros'
[19.788s] INFO:colcon.colcon_core.shell:Skip shell extension 'powershell' for command environment: Not usable outside of PowerShell
[19.788s] DEBUG:colcon.colcon_core.shell:Skip shell extension 'dsv' for command environment
[20.666s] DEBUG:colcon.colcon_core.event_handler.log_command:Invoking command in '/home/puzzlebot/ros2_ws/build/sllidar_ros2': CMAKE_PREFIX_PATH=/home/puzzlebot/ros2_ws/install/sllidar_ros2:/home/puzzlebot/ros2_ws/install/puzzlebot_ros:/opt/ros/humble:/home/puzzlebot/ros2_packages_ws/install/ros_deep_learning:/home/puzzlebot/ros2_packages_ws/install/micro_ros_setup:/home/puzzlebot/ros2_packages_ws/install/micro_ros_agent:/home/puzzlebot/ros2_packages_ws/install/micro_ros_msgs:/home/puzzlebot/ros2_packages_ws/install/camera_info_publisher /usr/bin/cmake --build /home/puzzlebot/ros2_ws/build/sllidar_ros2 -- -j4 -l4
[21.098s] DEBUG:colcon.colcon_core.event_handler.log_command:Invoked command in '/home/puzzlebot/ros2_ws/build/sllidar_ros2' returned '0': CMAKE_PREFIX_PATH=/home/puzzlebot/ros2_ws/install/sllidar_ros2:/home/puzzlebot/ros2_ws/install/puzzlebot_ros:/opt/ros/humble:/home/puzzlebot/ros2_packages_ws/install/ros_deep_learning:/home/puzzlebot/ros2_packages_ws/install/micro_ros_setup:/home/puzzlebot/ros2_packages_ws/install/micro_ros_agent:/home/puzzlebot/ros2_packages_ws/install/micro_ros_msgs:/home/puzzlebot/ros2_packages_ws/install/camera_info_publisher /usr/bin/cmake --build /home/puzzlebot/ros2_ws/build/sllidar_ros2 -- -j4 -l4
[21.381s] DEBUG:colcon.colcon_core.event_handler.log_command:Invoking command in '/home/puzzlebot/ros2_ws/build/sllidar_ros2': CMAKE_PREFIX_PATH=/home/puzzlebot/ros2_ws/install/sllidar_ros2:/home/puzzlebot/ros2_ws/install/puzzlebot_ros:/opt/ros/humble:/home/puzzlebot/ros2_packages_ws/install/ros_deep_learning:/home/puzzlebot/ros2_packages_ws/install/micro_ros_setup:/home/puzzlebot/ros2_packages_ws/install/micro_ros_agent:/home/puzzlebot/ros2_packages_ws/install/micro_ros_msgs:/home/puzzlebot/ros2_packages_ws/install/camera_info_publisher /usr/bin/cmake --install /home/puzzlebot/ros2_ws/build/sllidar_ros2
[21.498s] Level 1:colcon.colcon_core.environment:create_environment_scripts_only(sllidar_ros2)
[21.499s] DEBUG:colcon.colcon_core.event_handler.log_command:Invoked command in '/home/puzzlebot/ros2_ws/build/sllidar_ros2' returned '0': CMAKE_PREFIX_PATH=/home/puzzlebot/ros2_ws/install/sllidar_ros2:/home/puzzlebot/ros2_ws/install/puzzlebot_ros:/opt/ros/humble:/home/puzzlebot/ros2_packages_ws/install/ros_deep_learning:/home/puzzlebot/ros2_packages_ws/install/micro_ros_setup:/home/puzzlebot/ros2_packages_ws/install/micro_ros_agent:/home/puzzlebot/ros2_packages_ws/install/micro_ros_msgs:/home/puzzlebot/ros2_packages_ws/install/camera_info_publisher /usr/bin/cmake --install /home/puzzlebot/ros2_ws/build/sllidar_ros2
[21.751s] Level 1:colcon.colcon_core.environment:checking '/home/puzzlebot/ros2_ws/install/sllidar_ros2' for CMake module files
[21.754s] Level 1:colcon.colcon_core.environment:checking '/home/puzzlebot/ros2_ws/install/sllidar_ros2' for CMake config files
[21.756s] Level 1:colcon.colcon_core.shell:create_environment_hook('sllidar_ros2', 'cmake_prefix_path')
[21.999s] INFO:colcon.colcon_core.shell:Creating environment hook '/home/puzzlebot/ros2_ws/install/sllidar_ros2/share/sllidar_ros2/hook/cmake_prefix_path.ps1'
[22.001s] INFO:colcon.colcon_core.shell:Creating environment descriptor '/home/puzzlebot/ros2_ws/install/sllidar_ros2/share/sllidar_ros2/hook/cmake_prefix_path.dsv'
[22.003s] INFO:colcon.colcon_core.shell:Creating environment hook '/home/puzzlebot/ros2_ws/install/sllidar_ros2/share/sllidar_ros2/hook/cmake_prefix_path.sh'
[22.006s] Level 1:colcon.colcon_core.environment:checking '/home/puzzlebot/ros2_ws/install/sllidar_ros2/lib'
[22.006s] Level 1:colcon.colcon_core.environment:checking '/home/puzzlebot/ros2_ws/install/sllidar_ros2/bin'
[22.007s] Level 1:colcon.colcon_core.environment:checking '/home/puzzlebot/ros2_ws/install/sllidar_ros2/lib/pkgconfig/sllidar_ros2.pc'
[22.008s] Level 1:colcon.colcon_core.environment:checking '/home/puzzlebot/ros2_ws/install/sllidar_ros2/lib/python3.8/site-packages'
[22.009s] Level 1:colcon.colcon_core.environment:checking '/home/puzzlebot/ros2_ws/install/sllidar_ros2/bin'
[22.237s] INFO:colcon.colcon_core.shell:Creating package script '/home/puzzlebot/ros2_ws/install/sllidar_ros2/share/sllidar_ros2/package.ps1'
[22.240s] INFO:colcon.colcon_core.shell:Creating package descriptor '/home/puzzlebot/ros2_ws/install/sllidar_ros2/share/sllidar_ros2/package.dsv'
[22.242s] INFO:colcon.colcon_core.shell:Creating package script '/home/puzzlebot/ros2_ws/install/sllidar_ros2/share/sllidar_ros2/package.sh'
[22.245s] INFO:colcon.colcon_core.shell:Creating package script '/home/puzzlebot/ros2_ws/install/sllidar_ros2/share/sllidar_ros2/package.bash'
[22.248s] INFO:colcon.colcon_core.shell:Creating package script '/home/puzzlebot/ros2_ws/install/sllidar_ros2/share/sllidar_ros2/package.zsh'
[22.251s] Level 1:colcon.colcon_core.environment:create_file_with_runtime_dependencies(/home/puzzlebot/ros2_ws/install/sllidar_ros2/share/colcon-core/packages/sllidar_ros2)
[22.751s] Level 1:colcon.colcon_core.environment:create_environment_scripts_only(sllidar_ros2)
[22.988s] Level 1:colcon.colcon_core.environment:checking '/home/puzzlebot/ros2_ws/install/sllidar_ros2' for CMake module files
[22.991s] Level 1:colcon.colcon_core.environment:checking '/home/puzzlebot/ros2_ws/install/sllidar_ros2' for CMake config files
[22.993s] Level 1:colcon.colcon_core.shell:create_environment_hook('sllidar_ros2', 'cmake_prefix_path')
[23.202s] INFO:colcon.colcon_core.shell:Creating environment hook '/home/puzzlebot/ros2_ws/install/sllidar_ros2/share/sllidar_ros2/hook/cmake_prefix_path.ps1'
[23.205s] INFO:colcon.colcon_core.shell:Creating environment descriptor '/home/puzzlebot/ros2_ws/install/sllidar_ros2/share/sllidar_ros2/hook/cmake_prefix_path.dsv'
[23.206s] INFO:colcon.colcon_core.shell:Creating environment hook '/home/puzzlebot/ros2_ws/install/sllidar_ros2/share/sllidar_ros2/hook/cmake_prefix_path.sh'
[23.208s] Level 1:colcon.colcon_core.environment:checking '/home/puzzlebot/ros2_ws/install/sllidar_ros2/lib'
[23.209s] Level 1:colcon.colcon_core.environment:checking '/home/puzzlebot/ros2_ws/install/sllidar_ros2/bin'
[23.209s] Level 1:colcon.colcon_core.environment:checking '/home/puzzlebot/ros2_ws/install/sllidar_ros2/lib/pkgconfig/sllidar_ros2.pc'
[23.210s] Level 1:colcon.colcon_core.environment:checking '/home/puzzlebot/ros2_ws/install/sllidar_ros2/lib/python3.8/site-packages'
[23.211s] Level 1:colcon.colcon_core.environment:checking '/home/puzzlebot/ros2_ws/install/sllidar_ros2/bin'
[23.424s] INFO:colcon.colcon_core.shell:Creating package script '/home/puzzlebot/ros2_ws/install/sllidar_ros2/share/sllidar_ros2/package.ps1'
[23.427s] INFO:colcon.colcon_core.shell:Creating package descriptor '/home/puzzlebot/ros2_ws/install/sllidar_ros2/share/sllidar_ros2/package.dsv'
[23.429s] INFO:colcon.colcon_core.shell:Creating package script '/home/puzzlebot/ros2_ws/install/sllidar_ros2/share/sllidar_ros2/package.sh'
[23.431s] INFO:colcon.colcon_core.shell:Creating package script '/home/puzzlebot/ros2_ws/install/sllidar_ros2/share/sllidar_ros2/package.bash'
[23.432s] INFO:colcon.colcon_core.shell:Creating package script '/home/puzzlebot/ros2_ws/install/sllidar_ros2/share/sllidar_ros2/package.zsh'
[23.435s] Level 1:colcon.colcon_core.environment:create_file_with_runtime_dependencies(/home/puzzlebot/ros2_ws/install/sllidar_ros2/share/colcon-core/packages/sllidar_ros2)
[23.456s] DEBUG:colcon.colcon_core.event_handler.log_command:Invoking command in '/home/puzzlebot/ros2_ws/build/puzzlebot_ros': PYTHONPATH=/home/puzzlebot/ros2_ws/build/puzzlebot_ros/prefix_override:/home/puzzlebot/ros2_ws/install/puzzlebot_ros/lib/python3.8/site-packages:${PYTHONPATH} /usr/bin/python3 setup.py develop --editable --build-directory /home/puzzlebot/ros2_ws/build/puzzlebot_ros/build --no-deps install_data
[25.861s] Level 1:colcon.colcon_core.shell:create_environment_hook('puzzlebot_ros', 'pythonpath_develop')
[25.862s] DEBUG:colcon.colcon_core.event_handler.log_command:Invoked command in '/home/puzzlebot/ros2_ws/build/puzzlebot_ros' returned '0': PYTHONPATH=/home/puzzlebot/ros2_ws/build/puzzlebot_ros/prefix_override:/home/puzzlebot/ros2_ws/install/puzzlebot_ros/lib/python3.8/site-packages:${PYTHONPATH} /usr/bin/python3 setup.py develop --editable --build-directory /home/puzzlebot/ros2_ws/build/puzzlebot_ros/build --no-deps install_data
[26.072s] INFO:colcon.colcon_core.shell:Creating environment hook '/home/puzzlebot/ros2_ws/build/puzzlebot_ros/share/puzzlebot_ros/hook/pythonpath_develop.ps1'
[26.074s] INFO:colcon.colcon_core.shell:Creating environment descriptor '/home/puzzlebot/ros2_ws/build/puzzlebot_ros/share/puzzlebot_ros/hook/pythonpath_develop.dsv'
[26.076s] INFO:colcon.colcon_core.shell:Creating environment hook '/home/puzzlebot/ros2_ws/build/puzzlebot_ros/share/puzzlebot_ros/hook/pythonpath_develop.sh'
[26.288s] Level 1:colcon.colcon_core.environment:checking '/home/puzzlebot/ros2_ws/install/puzzlebot_ros' for CMake module files
[26.291s] Level 1:colcon.colcon_core.environment:checking '/home/puzzlebot/ros2_ws/install/puzzlebot_ros' for CMake config files
[26.296s] Level 1:colcon.colcon_core.environment:checking '/home/puzzlebot/ros2_ws/install/puzzlebot_ros/lib'
[26.296s] Level 1:colcon.colcon_core.environment:checking '/home/puzzlebot/ros2_ws/install/puzzlebot_ros/bin'
[26.297s] Level 1:colcon.colcon_core.environment:checking '/home/puzzlebot/ros2_ws/install/puzzlebot_ros/lib/pkgconfig/puzzlebot_ros.pc'
[26.298s] Level 1:colcon.colcon_core.environment:checking '/home/puzzlebot/ros2_ws/install/puzzlebot_ros/lib/python3.8/site-packages'
[26.298s] Level 1:colcon.colcon_core.shell:create_environment_hook('puzzlebot_ros', 'pythonpath')
[26.511s] INFO:colcon.colcon_core.shell:Creating environment hook '/home/puzzlebot/ros2_ws/install/puzzlebot_ros/share/puzzlebot_ros/hook/pythonpath.ps1'
[26.513s] INFO:colcon.colcon_core.shell:Creating environment descriptor '/home/puzzlebot/ros2_ws/install/puzzlebot_ros/share/puzzlebot_ros/hook/pythonpath.dsv'
[26.514s] INFO:colcon.colcon_core.shell:Creating environment hook '/home/puzzlebot/ros2_ws/install/puzzlebot_ros/share/puzzlebot_ros/hook/pythonpath.sh'
[26.516s] Level 1:colcon.colcon_core.environment:checking '/home/puzzlebot/ros2_ws/install/puzzlebot_ros/bin'
[26.516s] Level 1:colcon.colcon_core.environment:create_environment_scripts_only(puzzlebot_ros)
[26.729s] INFO:colcon.colcon_core.shell:Creating package script '/home/puzzlebot/ros2_ws/install/puzzlebot_ros/share/puzzlebot_ros/package.ps1'
[26.734s] INFO:colcon.colcon_core.shell:Creating package descriptor '/home/puzzlebot/ros2_ws/install/puzzlebot_ros/share/puzzlebot_ros/package.dsv'
[26.736s] INFO:colcon.colcon_core.shell:Creating package script '/home/puzzlebot/ros2_ws/install/puzzlebot_ros/share/puzzlebot_ros/package.sh'
[26.738s] INFO:colcon.colcon_core.shell:Creating package script '/home/puzzlebot/ros2_ws/install/puzzlebot_ros/share/puzzlebot_ros/package.bash'
[26.740s] INFO:colcon.colcon_core.shell:Creating package script '/home/puzzlebot/ros2_ws/install/puzzlebot_ros/share/puzzlebot_ros/package.zsh'
[26.741s] Level 1:colcon.colcon_core.environment:create_file_with_runtime_dependencies(/home/puzzlebot/ros2_ws/install/puzzlebot_ros/share/colcon-core/packages/puzzlebot_ros)
[26.742s] DEBUG:colcon.colcon_parallel_executor.executor.parallel:closing loop
[26.743s] DEBUG:colcon.colcon_parallel_executor.executor.parallel:loop closed
[26.744s] DEBUG:colcon.colcon_parallel_executor.executor.parallel:run_until_complete finished with '0'
[26.744s] DEBUG:colcon.colcon_core.event_reactor:joining thread
[26.977s] INFO:colcon.colcon_core.plugin_system:Skipping extension 'colcon_notification.desktop_notification.terminal_notifier': Not used on non-Darwin systems
[26.978s] INFO:colcon.colcon_core.plugin_system:Skipping extension 'colcon_notification.desktop_notification.win32': Not used on non-Windows systems
[26.978s] INFO:colcon.colcon_notification.desktop_notification:Sending desktop notification using 'notify2'
[27.027s] DEBUG:colcon.colcon_core.event_reactor:joined thread
[27.288s] INFO:colcon.colcon_core.shell:Creating prefix script '/home/puzzlebot/ros2_ws/install/local_setup.ps1'
[27.293s] INFO:colcon.colcon_core.shell:Creating prefix util module '/home/puzzlebot/ros2_ws/install/_local_setup_util_ps1.py'
[27.299s] INFO:colcon.colcon_core.shell:Creating prefix chain script '/home/puzzlebot/ros2_ws/install/setup.ps1'
[27.510s] INFO:colcon.colcon_core.shell:Creating prefix script '/home/puzzlebot/ros2_ws/install/local_setup.sh'
[27.512s] INFO:colcon.colcon_core.shell:Creating prefix util module '/home/puzzlebot/ros2_ws/install/_local_setup_util_sh.py'
[27.514s] INFO:colcon.colcon_core.shell:Creating prefix chain script '/home/puzzlebot/ros2_ws/install/setup.sh'
[27.727s] INFO:colcon.colcon_core.shell:Creating prefix script '/home/puzzlebot/ros2_ws/install/local_setup.bash'
[27.729s] INFO:colcon.colcon_core.shell:Creating prefix chain script '/home/puzzlebot/ros2_ws/install/setup.bash'
[27.942s] INFO:colcon.colcon_core.shell:Creating prefix script '/home/puzzlebot/ros2_ws/install/local_setup.zsh'
[27.944s] INFO:colcon.colcon_core.shell:Creating prefix chain script '/home/puzzlebot/ros2_ws/install/setup.zsh'
