[0.450s] Invoking command in '/home/humberto/ros2_ws/src/puzzlebot_sim': PYTHONPATH=/home/humberto/ros2_ws/build/puzzlebot_sim/prefix_override:/usr/lib/python3/dist-packages/colcon_core/task/python/colcon_distutils_commands:/home/humberto/ros2_ws/install/puzzlebot_sim/lib/python3.10/site-packages:${PYTHONPATH} /usr/bin/python3 -W ignore:setup.py install is deprecated -W ignore:easy_install command is deprecated setup.py egg_info --egg-base ../ros2_ws/build/puzzlebot_sim build --build-base /home/humberto/ros2_ws/build/puzzlebot_sim/build install --record /home/humberto/ros2_ws/build/puzzlebot_sim/install.log --single-version-externally-managed install_data
[0.636s] running egg_info
[0.637s] writing ../ros2_ws/build/puzzlebot_sim/puzzlebot_sim.egg-info/PKG-INFO
[0.637s] writing dependency_links to ../ros2_ws/build/puzzlebot_sim/puzzlebot_sim.egg-info/dependency_links.txt
[0.637s] writing entry points to ../ros2_ws/build/puzzlebot_sim/puzzlebot_sim.egg-info/entry_points.txt
[0.637s] writing requirements to ../ros2_ws/build/puzzlebot_sim/puzzlebot_sim.egg-info/requires.txt
[0.637s] writing top-level names to ../ros2_ws/build/puzzlebot_sim/puzzlebot_sim.egg-info/top_level.txt
[0.639s] reading manifest file '../ros2_ws/build/puzzlebot_sim/puzzlebot_sim.egg-info/SOURCES.txt'
[0.639s] writing manifest file '../ros2_ws/build/puzzlebot_sim/puzzlebot_sim.egg-info/SOURCES.txt'
[0.639s] running build
[0.640s] running build_py
[0.640s] copying puzzlebot_sim/joint_state_publisher.py -> /home/humberto/ros2_ws/build/puzzlebot_sim/build/lib/puzzlebot_sim
[0.640s] copying puzzlebot_sim/__init__.py -> /home/humberto/ros2_ws/build/puzzlebot_sim/build/lib/puzzlebot_sim
[0.640s] running install
[0.640s] running install_lib
[0.640s] copying /home/humberto/ros2_ws/build/puzzlebot_sim/build/lib/puzzlebot_sim/joint_state_publisher.py -> /home/humberto/ros2_ws/install/puzzlebot_sim/lib/python3.10/site-packages/puzzlebot_sim
[0.641s] copying /home/humberto/ros2_ws/build/puzzlebot_sim/build/lib/puzzlebot_sim/__init__.py -> /home/humberto/ros2_ws/install/puzzlebot_sim/lib/python3.10/site-packages/puzzlebot_sim
[0.641s] byte-compiling /home/humberto/ros2_ws/install/puzzlebot_sim/lib/python3.10/site-packages/puzzlebot_sim/joint_state_publisher.py to joint_state_publisher.cpython-310.pyc
[0.642s] byte-compiling /home/humberto/ros2_ws/install/puzzlebot_sim/lib/python3.10/site-packages/puzzlebot_sim/__init__.py to __init__.cpython-310.pyc
[0.642s] running install_data
[0.642s] copying package.xml -> /home/humberto/ros2_ws/install/puzzlebot_sim/share/puzzlebot_sim
[0.642s] copying launch/puzzlebot_launch.py -> /home/humberto/ros2_ws/install/puzzlebot_sim/share/puzzlebot_sim/launch
[0.642s] copying rviz/puzzlebot_rviz.rviz -> /home/humberto/ros2_ws/install/puzzlebot_sim/share/puzzlebot_sim/rviz
[0.642s] copying urdf/puzzlebot.urdf -> /home/humberto/ros2_ws/install/puzzlebot_sim/share/puzzlebot_sim/urdf
[0.643s] running install_egg_info
[0.644s] removing '/home/humberto/ros2_ws/install/puzzlebot_sim/lib/python3.10/site-packages/puzzlebot_sim-1.0.0-py3.10.egg-info' (and everything under it)
[0.644s] Copying ../ros2_ws/build/puzzlebot_sim/puzzlebot_sim.egg-info to /home/humberto/ros2_ws/install/puzzlebot_sim/lib/python3.10/site-packages/puzzlebot_sim-1.0.0-py3.10.egg-info
[0.645s] running install_scripts
[0.659s] Installing joint_state_publisher script to /home/humberto/ros2_ws/install/puzzlebot_sim/lib/puzzlebot_sim
[0.659s] writing list of installed files to '/home/humberto/ros2_ws/build/puzzlebot_sim/install.log'
[0.673s] Invoked command in '/home/humberto/ros2_ws/src/puzzlebot_sim' returned '0': PYTHONPATH=/home/humberto/ros2_ws/build/puzzlebot_sim/prefix_override:/usr/lib/python3/dist-packages/colcon_core/task/python/colcon_distutils_commands:/home/humberto/ros2_ws/install/puzzlebot_sim/lib/python3.10/site-packages:${PYTHONPATH} /usr/bin/python3 -W ignore:setup.py install is deprecated -W ignore:easy_install command is deprecated setup.py egg_info --egg-base ../ros2_ws/build/puzzlebot_sim build --build-base /home/humberto/ros2_ws/build/puzzlebot_sim/build install --record /home/humberto/ros2_ws/build/puzzlebot_sim/install.log --single-version-externally-managed install_data
