[11.965s] DEBUG:colcon:Command line arguments: ['/usr/bin/colcon', 'build', '--symlink-install']
[11.965s] DEBUG:colcon:Parsed command line arguments: Namespace(allow_overriding=[], ament_cmake_args=None, base_paths=['.'], build_base='build', catkin_cmake_args=None, catkin_skip_building_tests=False, cmake_args=None, cmake_clean_cache=False, cmake_clean_first=False, cmake_force_configure=False, cmake_target=None, cmake_target_skip_unavailable=False, continue_on_error=False, event_handlers=None, executor='parallel', ignore_user_meta=False, install_base='install', log_base=None, log_level=None, main=<bound method BuildVerb.main of <colcon_core.verb.build.BuildVerb object at 0x7f9ff28370>>, merge_install=False, metas=['./colcon.meta'], packages_above=None, packages_above_and_dependencies=None, packages_above_depth=None, packages_end=None, packages_ignore=None, packages_ignore_regex=None, packages_select=None, packages_select_build_failed=False, packages_select_by_dep=None, packages_select_regex=None, packages_select_test_failures=False, packages_skip=None, packages_skip_build_finished=False, packages_skip_by_dep=None, packages_skip_regex=None, packages_skip_test_passed=False, packages_skip_up_to=None, packages_start=None, packages_up_to=None, packages_up_to_regex=None, parallel_workers=4, paths=None, symlink_install=True, test_result_base=None, verb_extension=<colcon_core.verb.build.BuildVerb object at 0x7f9ff28370>, verb_name='build', verb_parser=<colcon_defaults.argument_parser.defaults.DefaultArgumentsDecorator object at 0x7f9fea85e0>)
[12.537s] Level 1:colcon.colcon_core.package_discovery:discover_packages(colcon_meta) check parameters
[12.538s] Level 1:colcon.colcon_core.package_discovery:discover_packages(recursive) check parameters
[12.538s] Level 1:colcon.colcon_core.package_discovery:discover_packages(ignore) check parameters
[12.538s] Level 1:colcon.colcon_core.package_discovery:discover_packages(path) check parameters
[12.538s] Level 1:colcon.colcon_core.package_discovery:discover_packages(colcon_meta) discover
[12.539s] Level 1:colcon.colcon_core.package_discovery:discover_packages(recursive) discover
[12.539s] INFO:colcon.colcon_core.package_discovery:Crawling recursively for packages in '/home/puzzlebot/ros2_ws/src'
[12.539s] Level 1:colcon.colcon_core.package_identification:_identify(.) by extensions ['ignore', 'ignore_ament_install']
[12.539s] Level 1:colcon.colcon_core.package_identification:_identify(.) by extension 'ignore'
[12.540s] Level 1:colcon.colcon_core.package_identification:_identify(.) by extension 'ignore_ament_install'
[12.540s] Level 1:colcon.colcon_core.package_identification:_identify(.) by extensions ['colcon_pkg']
[12.540s] Level 1:colcon.colcon_core.package_identification:_identify(.) by extension 'colcon_pkg'
[12.540s] Level 1:colcon.colcon_core.package_identification:_identify(.) by extensions ['colcon_meta']
[12.540s] Level 1:colcon.colcon_core.package_identification:_identify(.) by extension 'colcon_meta'
[12.541s] Level 1:colcon.colcon_core.package_identification:_identify(.) by extensions ['ros']
[12.541s] Level 1:colcon.colcon_core.package_identification:_identify(.) by extension 'ros'
[12.604s] Level 1:colcon.colcon_core.package_identification:_identify(.) by extensions ['cmake', 'python']
[12.604s] Level 1:colcon.colcon_core.package_identification:_identify(.) by extension 'cmake'
[12.604s] Level 1:colcon.colcon_core.package_identification:_identify(.) by extension 'python'
[12.605s] Level 1:colcon.colcon_core.package_identification:_identify(.) by extensions ['python_setup_py']
[12.605s] Level 1:colcon.colcon_core.package_identification:_identify(.) by extension 'python_setup_py'
[12.605s] Level 1:colcon.colcon_core.package_identification:_identify(build) by extensions ['ignore', 'ignore_ament_install']
[12.606s] Level 1:colcon.colcon_core.package_identification:_identify(build) by extension 'ignore'
[12.606s] Level 1:colcon.colcon_core.package_identification:_identify(build) ignored
[12.606s] Level 1:colcon.colcon_core.package_identification:_identify(install) by extensions ['ignore', 'ignore_ament_install']
[12.607s] Level 1:colcon.colcon_core.package_identification:_identify(install) by extension 'ignore'
[12.607s] Level 1:colcon.colcon_core.package_identification:_identify(install) ignored
[12.607s] Level 1:colcon.colcon_core.package_identification:_identify(log) by extensions ['ignore', 'ignore_ament_install']
[12.608s] Level 1:colcon.colcon_core.package_identification:_identify(log) by extension 'ignore'
[12.608s] Level 1:colcon.colcon_core.package_identification:_identify(log) ignored
[12.611s] Level 1:colcon.colcon_core.package_identification:_identify(puzzlebot_ros) by extensions ['ignore', 'ignore_ament_install']
[12.612s] Level 1:colcon.colcon_core.package_identification:_identify(puzzlebot_ros) by extension 'ignore'
[12.612s] Level 1:colcon.colcon_core.package_identification:_identify(puzzlebot_ros) by extension 'ignore_ament_install'
[12.612s] Level 1:colcon.colcon_core.package_identification:_identify(puzzlebot_ros) by extensions ['colcon_pkg']
[12.612s] Level 1:colcon.colcon_core.package_identification:_identify(puzzlebot_ros) by extension 'colcon_pkg'
[12.612s] Level 1:colcon.colcon_core.package_identification:_identify(puzzlebot_ros) by extensions ['colcon_meta']
[12.613s] Level 1:colcon.colcon_core.package_identification:_identify(puzzlebot_ros) by extension 'colcon_meta'
[12.613s] Level 1:colcon.colcon_core.package_identification:_identify(puzzlebot_ros) by extensions ['ros']
[12.613s] Level 1:colcon.colcon_core.package_identification:_identify(puzzlebot_ros) by extension 'ros'
[12.626s] DEBUG:colcon.colcon_core.package_identification:Package 'puzzlebot_ros' with type 'ros.ament_python' and name 'puzzlebot_ros'
[12.626s] Level 1:colcon.colcon_core.package_identification:_identify(sllidar_ros2) by extensions ['ignore', 'ignore_ament_install']
[12.627s] Level 1:colcon.colcon_core.package_identification:_identify(sllidar_ros2) by extension 'ignore'
[12.627s] Level 1:colcon.colcon_core.package_identification:_identify(sllidar_ros2) by extension 'ignore_ament_install'
[12.627s] Level 1:colcon.colcon_core.package_identification:_identify(sllidar_ros2) by extensions ['colcon_pkg']
[12.627s] Level 1:colcon.colcon_core.package_identification:_identify(sllidar_ros2) by extension 'colcon_pkg'
[12.628s] Level 1:colcon.colcon_core.package_identification:_identify(sllidar_ros2) by extensions ['colcon_meta']
[12.628s] Level 1:colcon.colcon_core.package_identification:_identify(sllidar_ros2) by extension 'colcon_meta'
[12.628s] Level 1:colcon.colcon_core.package_identification:_identify(sllidar_ros2) by extensions ['ros']
[12.628s] Level 1:colcon.colcon_core.package_identification:_identify(sllidar_ros2) by extension 'ros'
[12.632s] DEBUG:colcon.colcon_core.package_identification:Package 'sllidar_ros2' with type 'ros.ament_cmake' and name 'sllidar_ros2'
[12.632s] Level 1:colcon.colcon_core.package_discovery:discover_packages(recursive) using defaults
[12.632s] Level 1:colcon.colcon_core.package_discovery:discover_packages(ignore) discover
[12.632s] Level 1:colcon.colcon_core.package_discovery:discover_packages(ignore) using defaults
[12.632s] Level 1:colcon.colcon_core.package_discovery:discover_packages(path) discover
[12.633s] Level 1:colcon.colcon_core.package_discovery:discover_packages(path) using defaults
[13.702s] Level 1:colcon.colcon_core.package_discovery:discover_packages(prefix_path) check parameters
[13.703s] Level 1:colcon.colcon_core.package_discovery:discover_packages(prefix_path) discover
[14.112s] DEBUG:colcon.colcon_installed_package_information.package_discovery:Found 1 installed packages in /home/puzzlebot/ros2_ws/install
[14.316s] DEBUG:colcon.colcon_installed_package_information.package_discovery:Found 5 installed packages in /home/puzzlebot/ros2_packages_ws/install
[14.520s] DEBUG:colcon.colcon_installed_package_information.package_discovery:Found 276 installed packages in /opt/ros/humble
[14.528s] Level 1:colcon.colcon_core.package_discovery:discover_packages(prefix_path) using defaults
[15.545s] Level 5:colcon.colcon_core.verb:set package 'puzzlebot_ros' build argument 'cmake_args' from command line to 'None'
[15.545s] Level 5:colcon.colcon_core.verb:set package 'puzzlebot_ros' build argument 'cmake_target' from command line to 'None'
[15.545s] Level 5:colcon.colcon_core.verb:set package 'puzzlebot_ros' build argument 'cmake_target_skip_unavailable' from command line to 'False'
[15.545s] Level 5:colcon.colcon_core.verb:set package 'puzzlebot_ros' build argument 'cmake_clean_cache' from command line to 'False'
[15.546s] Level 5:colcon.colcon_core.verb:set package 'puzzlebot_ros' build argument 'cmake_clean_first' from command line to 'False'
[15.546s] Level 5:colcon.colcon_core.verb:set package 'puzzlebot_ros' build argument 'cmake_force_configure' from command line to 'False'
[15.546s] Level 5:colcon.colcon_core.verb:set package 'puzzlebot_ros' build argument 'ament_cmake_args' from command line to 'None'
[15.546s] Level 5:colcon.colcon_core.verb:set package 'puzzlebot_ros' build argument 'catkin_cmake_args' from command line to 'None'
[15.546s] Level 5:colcon.colcon_core.verb:set package 'puzzlebot_ros' build argument 'catkin_skip_building_tests' from command line to 'False'
[15.546s] DEBUG:colcon.colcon_core.verb:Building package 'puzzlebot_ros' with the following arguments: {'ament_cmake_args': None, 'build_base': '/home/puzzlebot/ros2_ws/src/build/puzzlebot_ros', 'catkin_cmake_args': None, 'catkin_skip_building_tests': False, 'cmake_args': None, 'cmake_clean_cache': False, 'cmake_clean_first': False, 'cmake_force_configure': False, 'cmake_target': None, 'cmake_target_skip_unavailable': False, 'install_base': '/home/puzzlebot/ros2_ws/src/install/puzzlebot_ros', 'merge_install': False, 'path': '/home/puzzlebot/ros2_ws/src/puzzlebot_ros', 'symlink_install': True, 'test_result_base': None}
[15.742s] Level 5:colcon.colcon_core.verb:set package 'sllidar_ros2' build argument 'cmake_args' from command line to 'None'
[15.742s] Level 5:colcon.colcon_core.verb:set package 'sllidar_ros2' build argument 'cmake_target' from command line to 'None'
[15.742s] Level 5:colcon.colcon_core.verb:set package 'sllidar_ros2' build argument 'cmake_target_skip_unavailable' from command line to 'False'
[15.742s] Level 5:colcon.colcon_core.verb:set package 'sllidar_ros2' build argument 'cmake_clean_cache' from command line to 'False'
[15.743s] Level 5:colcon.colcon_core.verb:set package 'sllidar_ros2' build argument 'cmake_clean_first' from command line to 'False'
[15.743s] Level 5:colcon.colcon_core.verb:set package 'sllidar_ros2' build argument 'cmake_force_configure' from command line to 'False'
[15.743s] Level 5:colcon.colcon_core.verb:set package 'sllidar_ros2' build argument 'ament_cmake_args' from command line to 'None'
[15.743s] Level 5:colcon.colcon_core.verb:set package 'sllidar_ros2' build argument 'catkin_cmake_args' from command line to 'None'
[15.743s] Level 5:colcon.colcon_core.verb:set package 'sllidar_ros2' build argument 'catkin_skip_building_tests' from command line to 'False'
[15.743s] DEBUG:colcon.colcon_core.verb:Building package 'sllidar_ros2' with the following arguments: {'ament_cmake_args': None, 'build_base': '/home/puzzlebot/ros2_ws/src/build/sllidar_ros2', 'catkin_cmake_args': None, 'catkin_skip_building_tests': False, 'cmake_args': None, 'cmake_clean_cache': False, 'cmake_clean_first': False, 'cmake_force_configure': False, 'cmake_target': None, 'cmake_target_skip_unavailable': False, 'install_base': '/home/puzzlebot/ros2_ws/src/install/sllidar_ros2', 'merge_install': False, 'path': '/home/puzzlebot/ros2_ws/src/sllidar_ros2', 'symlink_install': True, 'test_result_base': None}
[15.941s] INFO:colcon.colcon_core.executor:Executing jobs using 'parallel' executor
[16.141s] DEBUG:colcon.colcon_parallel_executor.executor.parallel:run_until_complete
[16.142s] INFO:colcon.colcon_ros.task.ament_python.build:Building ROS package in '/home/puzzlebot/ros2_ws/src/puzzlebot_ros' with build type 'ament_python'
[16.142s] Level 1:colcon.colcon_core.shell:create_environment_hook('puzzlebot_ros', 'ament_prefix_path')
[16.366s] INFO:colcon.colcon_core.plugin_system:Skipping extension 'colcon_core.shell.bat': Not used on non-Windows systems
[16.367s] INFO:colcon.colcon_core.shell:Creating environment hook '/home/puzzlebot/ros2_ws/src/install/puzzlebot_ros/share/puzzlebot_ros/hook/ament_prefix_path.ps1'
[16.371s] INFO:colcon.colcon_core.shell:Creating environment descriptor '/home/puzzlebot/ros2_ws/src/install/puzzlebot_ros/share/puzzlebot_ros/hook/ament_prefix_path.dsv'
[16.373s] INFO:colcon.colcon_core.shell:Creating environment hook '/home/puzzlebot/ros2_ws/src/install/puzzlebot_ros/share/puzzlebot_ros/hook/ament_prefix_path.sh'
[16.579s] INFO:colcon.colcon_core.shell:Skip shell extension 'powershell' for command environment: Not usable outside of PowerShell
[16.579s] DEBUG:colcon.colcon_core.shell:Skip shell extension 'dsv' for command environment
[17.479s] INFO:colcon.colcon_ros.task.ament_cmake.build:Building ROS package in '/home/puzzlebot/ros2_ws/src/sllidar_ros2' with build type 'ament_cmake'
[17.480s] INFO:colcon.colcon_cmake.task.cmake.build:Building CMake package in '/home/puzzlebot/ros2_ws/src/sllidar_ros2'
[17.698s] INFO:colcon.colcon_core.shell:Skip shell extension 'powershell' for command environment: Not usable outside of PowerShell
[17.699s] DEBUG:colcon.colcon_core.shell:Skip shell extension 'dsv' for command environment
[19.680s] INFO:colcon.colcon_core.task.python.build:Building Python package in '/home/puzzlebot/ros2_ws/src/puzzlebot_ros'
[19.888s] INFO:colcon.colcon_core.shell:Skip shell extension 'powershell' for command environment: Not usable outside of PowerShell
[19.888s] DEBUG:colcon.colcon_core.shell:Skip shell extension 'dsv' for command environment
[20.747s] DEBUG:colcon.colcon_core.event_handler.log_command:Invoking command in '/home/puzzlebot/ros2_ws/src/build/sllidar_ros2': CMAKE_PREFIX_PATH=/home/puzzlebot/ros2_ws/install/puzzlebot_ros:/opt/ros/humble:${CMAKE_PREFIX_PATH} /usr/bin/cmake --build /home/puzzlebot/ros2_ws/src/build/sllidar_ros2 -- -j4 -l4
[21.205s] DEBUG:colcon.colcon_core.event_handler.log_command:Invoked command in '/home/puzzlebot/ros2_ws/src/build/sllidar_ros2' returned '0': CMAKE_PREFIX_PATH=/home/puzzlebot/ros2_ws/install/puzzlebot_ros:/opt/ros/humble:${CMAKE_PREFIX_PATH} /usr/bin/cmake --build /home/puzzlebot/ros2_ws/src/build/sllidar_ros2 -- -j4 -l4
[21.487s] DEBUG:colcon.colcon_core.event_handler.log_command:Invoking command in '/home/puzzlebot/ros2_ws/src/build/sllidar_ros2': CMAKE_PREFIX_PATH=/home/puzzlebot/ros2_ws/install/puzzlebot_ros:/opt/ros/humble:${CMAKE_PREFIX_PATH} /usr/bin/cmake --install /home/puzzlebot/ros2_ws/src/build/sllidar_ros2
[21.599s] Level 1:colcon.colcon_core.environment:create_environment_scripts_only(sllidar_ros2)
[21.600s] DEBUG:colcon.colcon_core.event_handler.log_command:Invoked command in '/home/puzzlebot/ros2_ws/src/build/sllidar_ros2' returned '0': CMAKE_PREFIX_PATH=/home/puzzlebot/ros2_ws/install/puzzlebot_ros:/opt/ros/humble:${CMAKE_PREFIX_PATH} /usr/bin/cmake --install /home/puzzlebot/ros2_ws/src/build/sllidar_ros2
[21.843s] Level 1:colcon.colcon_core.environment:checking '/home/puzzlebot/ros2_ws/src/install/sllidar_ros2' for CMake module files
[21.846s] Level 1:colcon.colcon_core.environment:checking '/home/puzzlebot/ros2_ws/src/install/sllidar_ros2' for CMake config files
[21.848s] Level 1:colcon.colcon_core.shell:create_environment_hook('sllidar_ros2', 'cmake_prefix_path')
[22.076s] INFO:colcon.colcon_core.shell:Creating environment hook '/home/puzzlebot/ros2_ws/src/install/sllidar_ros2/share/sllidar_ros2/hook/cmake_prefix_path.ps1'
[22.078s] INFO:colcon.colcon_core.shell:Creating environment descriptor '/home/puzzlebot/ros2_ws/src/install/sllidar_ros2/share/sllidar_ros2/hook/cmake_prefix_path.dsv'
[22.079s] INFO:colcon.colcon_core.shell:Creating environment hook '/home/puzzlebot/ros2_ws/src/install/sllidar_ros2/share/sllidar_ros2/hook/cmake_prefix_path.sh'
[22.082s] Level 1:colcon.colcon_core.environment:checking '/home/puzzlebot/ros2_ws/src/install/sllidar_ros2/lib'
[22.083s] Level 1:colcon.colcon_core.environment:checking '/home/puzzlebot/ros2_ws/src/install/sllidar_ros2/bin'
[22.084s] Level 1:colcon.colcon_core.environment:checking '/home/puzzlebot/ros2_ws/src/install/sllidar_ros2/lib/pkgconfig/sllidar_ros2.pc'
[22.085s] Level 1:colcon.colcon_core.environment:checking '/home/puzzlebot/ros2_ws/src/install/sllidar_ros2/lib/python3.8/site-packages'
[22.085s] Level 1:colcon.colcon_core.environment:checking '/home/puzzlebot/ros2_ws/src/install/sllidar_ros2/bin'
[22.312s] INFO:colcon.colcon_core.shell:Creating package script '/home/puzzlebot/ros2_ws/src/install/sllidar_ros2/share/sllidar_ros2/package.ps1'
[22.316s] INFO:colcon.colcon_core.shell:Creating package descriptor '/home/puzzlebot/ros2_ws/src/install/sllidar_ros2/share/sllidar_ros2/package.dsv'
[22.318s] INFO:colcon.colcon_core.shell:Creating package script '/home/puzzlebot/ros2_ws/src/install/sllidar_ros2/share/sllidar_ros2/package.sh'
[22.322s] INFO:colcon.colcon_core.shell:Creating package script '/home/puzzlebot/ros2_ws/src/install/sllidar_ros2/share/sllidar_ros2/package.bash'
[22.326s] INFO:colcon.colcon_core.shell:Creating package script '/home/puzzlebot/ros2_ws/src/install/sllidar_ros2/share/sllidar_ros2/package.zsh'
[22.329s] Level 1:colcon.colcon_core.environment:create_file_with_runtime_dependencies(/home/puzzlebot/ros2_ws/src/install/sllidar_ros2/share/colcon-core/packages/sllidar_ros2)
[22.824s] Level 1:colcon.colcon_core.environment:create_environment_scripts_only(sllidar_ros2)
[23.091s] Level 1:colcon.colcon_core.environment:checking '/home/puzzlebot/ros2_ws/src/install/sllidar_ros2' for CMake module files
[23.093s] Level 1:colcon.colcon_core.environment:checking '/home/puzzlebot/ros2_ws/src/install/sllidar_ros2' for CMake config files
[23.095s] Level 1:colcon.colcon_core.shell:create_environment_hook('sllidar_ros2', 'cmake_prefix_path')
[23.308s] INFO:colcon.colcon_core.shell:Creating environment hook '/home/puzzlebot/ros2_ws/src/install/sllidar_ros2/share/sllidar_ros2/hook/cmake_prefix_path.ps1'
[23.310s] INFO:colcon.colcon_core.shell:Creating environment descriptor '/home/puzzlebot/ros2_ws/src/install/sllidar_ros2/share/sllidar_ros2/hook/cmake_prefix_path.dsv'
[23.311s] INFO:colcon.colcon_core.shell:Creating environment hook '/home/puzzlebot/ros2_ws/src/install/sllidar_ros2/share/sllidar_ros2/hook/cmake_prefix_path.sh'
[23.313s] Level 1:colcon.colcon_core.environment:checking '/home/puzzlebot/ros2_ws/src/install/sllidar_ros2/lib'
[23.313s] Level 1:colcon.colcon_core.environment:checking '/home/puzzlebot/ros2_ws/src/install/sllidar_ros2/bin'
[23.314s] Level 1:colcon.colcon_core.environment:checking '/home/puzzlebot/ros2_ws/src/install/sllidar_ros2/lib/pkgconfig/sllidar_ros2.pc'
[23.315s] Level 1:colcon.colcon_core.environment:checking '/home/puzzlebot/ros2_ws/src/install/sllidar_ros2/lib/python3.8/site-packages'
[23.315s] Level 1:colcon.colcon_core.environment:checking '/home/puzzlebot/ros2_ws/src/install/sllidar_ros2/bin'
[23.530s] INFO:colcon.colcon_core.shell:Creating package script '/home/puzzlebot/ros2_ws/src/install/sllidar_ros2/share/sllidar_ros2/package.ps1'
[23.532s] INFO:colcon.colcon_core.shell:Creating package descriptor '/home/puzzlebot/ros2_ws/src/install/sllidar_ros2/share/sllidar_ros2/package.dsv'
[23.534s] INFO:colcon.colcon_core.shell:Creating package script '/home/puzzlebot/ros2_ws/src/install/sllidar_ros2/share/sllidar_ros2/package.sh'
[23.536s] INFO:colcon.colcon_core.shell:Creating package script '/home/puzzlebot/ros2_ws/src/install/sllidar_ros2/share/sllidar_ros2/package.bash'
[23.538s] INFO:colcon.colcon_core.shell:Creating package script '/home/puzzlebot/ros2_ws/src/install/sllidar_ros2/share/sllidar_ros2/package.zsh'
[23.539s] Level 1:colcon.colcon_core.environment:create_file_with_runtime_dependencies(/home/puzzlebot/ros2_ws/src/install/sllidar_ros2/share/colcon-core/packages/sllidar_ros2)
[23.558s] DEBUG:colcon.colcon_core.event_handler.log_command:Invoking command in '/home/puzzlebot/ros2_ws/src/build/puzzlebot_ros': PYTHONPATH=/home/puzzlebot/ros2_ws/src/build/puzzlebot_ros/prefix_override:/home/puzzlebot/ros2_ws/src/install/puzzlebot_ros/lib/python3.8/site-packages:${PYTHONPATH} /usr/bin/python3 setup.py develop --editable --build-directory /home/puzzlebot/ros2_ws/src/build/puzzlebot_ros/build --no-deps install_data
[25.959s] Level 1:colcon.colcon_core.shell:create_environment_hook('puzzlebot_ros', 'pythonpath_develop')
[25.961s] DEBUG:colcon.colcon_core.event_handler.log_command:Invoked command in '/home/puzzlebot/ros2_ws/src/build/puzzlebot_ros' returned '0': PYTHONPATH=/home/puzzlebot/ros2_ws/src/build/puzzlebot_ros/prefix_override:/home/puzzlebot/ros2_ws/src/install/puzzlebot_ros/lib/python3.8/site-packages:${PYTHONPATH} /usr/bin/python3 setup.py develop --editable --build-directory /home/puzzlebot/ros2_ws/src/build/puzzlebot_ros/build --no-deps install_data
[26.171s] INFO:colcon.colcon_core.shell:Creating environment hook '/home/puzzlebot/ros2_ws/src/build/puzzlebot_ros/share/puzzlebot_ros/hook/pythonpath_develop.ps1'
[26.176s] INFO:colcon.colcon_core.shell:Creating environment descriptor '/home/puzzlebot/ros2_ws/src/build/puzzlebot_ros/share/puzzlebot_ros/hook/pythonpath_develop.dsv'
[26.178s] INFO:colcon.colcon_core.shell:Creating environment hook '/home/puzzlebot/ros2_ws/src/build/puzzlebot_ros/share/puzzlebot_ros/hook/pythonpath_develop.sh'
[26.392s] Level 1:colcon.colcon_core.environment:checking '/home/puzzlebot/ros2_ws/src/install/puzzlebot_ros' for CMake module files
[26.395s] Level 1:colcon.colcon_core.environment:checking '/home/puzzlebot/ros2_ws/src/install/puzzlebot_ros' for CMake config files
[26.400s] Level 1:colcon.colcon_core.environment:checking '/home/puzzlebot/ros2_ws/src/install/puzzlebot_ros/lib'
[26.401s] Level 1:colcon.colcon_core.environment:checking '/home/puzzlebot/ros2_ws/src/install/puzzlebot_ros/bin'
[26.401s] Level 1:colcon.colcon_core.environment:checking '/home/puzzlebot/ros2_ws/src/install/puzzlebot_ros/lib/pkgconfig/puzzlebot_ros.pc'
[26.402s] Level 1:colcon.colcon_core.environment:checking '/home/puzzlebot/ros2_ws/src/install/puzzlebot_ros/lib/python3.8/site-packages'
[26.402s] Level 1:colcon.colcon_core.shell:create_environment_hook('puzzlebot_ros', 'pythonpath')
[26.615s] INFO:colcon.colcon_core.shell:Creating environment hook '/home/puzzlebot/ros2_ws/src/install/puzzlebot_ros/share/puzzlebot_ros/hook/pythonpath.ps1'
[26.617s] INFO:colcon.colcon_core.shell:Creating environment descriptor '/home/puzzlebot/ros2_ws/src/install/puzzlebot_ros/share/puzzlebot_ros/hook/pythonpath.dsv'
[26.619s] INFO:colcon.colcon_core.shell:Creating environment hook '/home/puzzlebot/ros2_ws/src/install/puzzlebot_ros/share/puzzlebot_ros/hook/pythonpath.sh'
[26.621s] Level 1:colcon.colcon_core.environment:checking '/home/puzzlebot/ros2_ws/src/install/puzzlebot_ros/bin'
[26.621s] Level 1:colcon.colcon_core.environment:create_environment_scripts_only(puzzlebot_ros)
[26.834s] INFO:colcon.colcon_core.shell:Creating package script '/home/puzzlebot/ros2_ws/src/install/puzzlebot_ros/share/puzzlebot_ros/package.ps1'
[26.837s] INFO:colcon.colcon_core.shell:Creating package descriptor '/home/puzzlebot/ros2_ws/src/install/puzzlebot_ros/share/puzzlebot_ros/package.dsv'
[26.839s] INFO:colcon.colcon_core.shell:Creating package script '/home/puzzlebot/ros2_ws/src/install/puzzlebot_ros/share/puzzlebot_ros/package.sh'
[26.841s] INFO:colcon.colcon_core.shell:Creating package script '/home/puzzlebot/ros2_ws/src/install/puzzlebot_ros/share/puzzlebot_ros/package.bash'
[26.842s] INFO:colcon.colcon_core.shell:Creating package script '/home/puzzlebot/ros2_ws/src/install/puzzlebot_ros/share/puzzlebot_ros/package.zsh'
[26.844s] Level 1:colcon.colcon_core.environment:create_file_with_runtime_dependencies(/home/puzzlebot/ros2_ws/src/install/puzzlebot_ros/share/colcon-core/packages/puzzlebot_ros)
[26.845s] DEBUG:colcon.colcon_parallel_executor.executor.parallel:closing loop
[26.847s] DEBUG:colcon.colcon_parallel_executor.executor.parallel:loop closed
[26.847s] DEBUG:colcon.colcon_parallel_executor.executor.parallel:run_until_complete finished with '0'
[26.847s] DEBUG:colcon.colcon_core.event_reactor:joining thread
[27.073s] INFO:colcon.colcon_core.plugin_system:Skipping extension 'colcon_notification.desktop_notification.terminal_notifier': Not used on non-Darwin systems
[27.073s] INFO:colcon.colcon_core.plugin_system:Skipping extension 'colcon_notification.desktop_notification.win32': Not used on non-Windows systems
[27.074s] INFO:colcon.colcon_notification.desktop_notification:Sending desktop notification using 'notify2'
[27.123s] DEBUG:colcon.colcon_core.event_reactor:joined thread
[27.416s] INFO:colcon.colcon_core.shell:Creating prefix script '/home/puzzlebot/ros2_ws/src/install/local_setup.ps1'
[27.419s] INFO:colcon.colcon_core.shell:Creating prefix util module '/home/puzzlebot/ros2_ws/src/install/_local_setup_util_ps1.py'
[27.425s] INFO:colcon.colcon_core.shell:Creating prefix chain script '/home/puzzlebot/ros2_ws/src/install/setup.ps1'
[27.635s] INFO:colcon.colcon_core.shell:Creating prefix script '/home/puzzlebot/ros2_ws/src/install/local_setup.sh'
[27.637s] INFO:colcon.colcon_core.shell:Creating prefix util module '/home/puzzlebot/ros2_ws/src/install/_local_setup_util_sh.py'
[27.639s] INFO:colcon.colcon_core.shell:Creating prefix chain script '/home/puzzlebot/ros2_ws/src/install/setup.sh'
[27.844s] INFO:colcon.colcon_core.shell:Creating prefix script '/home/puzzlebot/ros2_ws/src/install/local_setup.bash'
[27.846s] INFO:colcon.colcon_core.shell:Creating prefix chain script '/home/puzzlebot/ros2_ws/src/install/setup.bash'
[28.051s] INFO:colcon.colcon_core.shell:Creating prefix script '/home/puzzlebot/ros2_ws/src/install/local_setup.zsh'
[28.053s] INFO:colcon.colcon_core.shell:Creating prefix chain script '/home/puzzlebot/ros2_ws/src/install/setup.zsh'
