[5.716s] Invoking command in '/home/puzzlebot/ros2_ws/build/puzzlebot_ros': PYTHONPATH=/home/puzzlebot/ros2_ws/build/puzzlebot_ros/prefix_override:/home/puzzlebot/ros2_ws/install/puzzlebot_ros/lib/python3.8/site-packages:${PYTHONPATH} /usr/bin/python3 setup.py develop --editable --build-directory /home/puzzlebot/ros2_ws/build/puzzlebot_ros/build --no-deps install_data
[6.865s] running develop
[7.643s] running egg_info
[7.644s] writing puzzlebot_ros.egg-info/PKG-INFO
[7.646s] writing dependency_links to puzzlebot_ros.egg-info/dependency_links.txt
[7.647s] writing entry points to puzzlebot_ros.egg-info/entry_points.txt
[7.648s] writing requirements to puzzlebot_ros.egg-info/requires.txt
[7.648s] writing top-level names to puzzlebot_ros.egg-info/top_level.txt
[7.797s] reading manifest file 'puzzlebot_ros.egg-info/SOURCES.txt'
[7.803s] writing manifest file 'puzzlebot_ros.egg-info/SOURCES.txt'
[8.005s] running build_ext
[8.009s] Creating /home/puzzlebot/ros2_ws/install/puzzlebot_ros/lib/python3.8/site-packages/puzzlebot-ros.egg-link (link to .)
[8.013s] Installing distance_control script to /home/puzzlebot/ros2_ws/install/puzzlebot_ros/lib/puzzlebot_ros
[8.014s] Installing ekf_slam script to /home/puzzlebot/ros2_ws/install/puzzlebot_ros/lib/puzzlebot_ros
[8.015s] Installing goto_point script to /home/puzzlebot/ros2_ws/install/puzzlebot_ros/lib/puzzlebot_ros
[8.016s] Installing kalman script to /home/puzzlebot/ros2_ws/install/puzzlebot_ros/lib/puzzlebot_ros
[8.016s] Installing kalman_aruco script to /home/puzzlebot/ros2_ws/install/puzzlebot_ros/lib/puzzlebot_ros
[8.017s] Installing navigator script to /home/puzzlebot/ros2_ws/install/puzzlebot_ros/lib/puzzlebot_ros
[8.018s] Installing pwm_control script to /home/puzzlebot/ros2_ws/install/puzzlebot_ros/lib/puzzlebot_ros
[8.018s] Installing test_imu script to /home/puzzlebot/ros2_ws/install/puzzlebot_ros/lib/puzzlebot_ros
[8.019s] Installing velocity_control script to /home/puzzlebot/ros2_ws/install/puzzlebot_ros/lib/puzzlebot_ros
[8.019s] 
[8.019s] Installed /home/puzzlebot/ros2_ws/build/puzzlebot_ros
[8.020s] running install_data
[8.020s] copying launch/forklift.launch.py -> /home/puzzlebot/ros2_ws/install/puzzlebot_ros/share/puzzlebot_ros
[8.155s] Invoked command in '/home/puzzlebot/ros2_ws/build/puzzlebot_ros' returned '0': PYTHONPATH=/home/puzzlebot/ros2_ws/build/puzzlebot_ros/prefix_override:/home/puzzlebot/ros2_ws/install/puzzlebot_ros/lib/python3.8/site-packages:${PYTHONPATH} /usr/bin/python3 setup.py develop --editable --build-directory /home/puzzlebot/ros2_ws/build/puzzlebot_ros/build --no-deps install_data
