[19.593s] DEBUG:colcon:Command line arguments: ['/usr/bin/colcon', 'build', '--packages-select', 'puzzlebot_ros', '--symlink-install']
[19.593s] DEBUG:colcon:Parsed command line arguments: Namespace(allow_overriding=[], ament_cmake_args=None, base_paths=['.'], build_base='build', catkin_cmake_args=None, catkin_skip_building_tests=False, cmake_args=None, cmake_clean_cache=False, cmake_clean_first=False, cmake_force_configure=False, cmake_target=None, cmake_target_skip_unavailable=False, continue_on_error=False, event_handlers=None, executor='parallel', ignore_user_meta=False, install_base='install', log_base=None, log_level=None, main=<bound method BuildVerb.main of <colcon_core.verb.build.BuildVerb object at 0x7f85ceb5b0>>, merge_install=False, metas=['./colcon.meta'], packages_above=None, packages_above_and_dependencies=None, packages_above_depth=None, packages_end=None, packages_ignore=None, packages_ignore_regex=None, packages_select=['puzzlebot_ros'], packages_select_build_failed=False, packages_select_by_dep=None, packages_select_regex=None, packages_select_test_failures=False, packages_skip=None, packages_skip_build_finished=False, packages_skip_by_dep=None, packages_skip_regex=None, packages_skip_test_passed=False, packages_skip_up_to=None, packages_start=None, packages_up_to=None, packages_up_to_regex=None, parallel_workers=4, paths=None, symlink_install=True, test_result_base=None, verb_extension=<colcon_core.verb.build.BuildVerb object at 0x7f85ceb5b0>, verb_name='build', verb_parser=<colcon_defaults.argument_parser.defaults.DefaultArgumentsDecorator object at 0x7f858d5850>)
[20.346s] Level 1:colcon.colcon_core.package_discovery:discover_packages(colcon_meta) check parameters
[20.347s] Level 1:colcon.colcon_core.package_discovery:discover_packages(recursive) check parameters
[20.347s] Level 1:colcon.colcon_core.package_discovery:discover_packages(ignore) check parameters
[20.347s] Level 1:colcon.colcon_core.package_discovery:discover_packages(path) check parameters
[20.347s] Level 1:colcon.colcon_core.package_discovery:discover_packages(colcon_meta) discover
[20.348s] Level 1:colcon.colcon_core.package_discovery:discover_packages(recursive) discover
[20.348s] INFO:colcon.colcon_core.package_discovery:Crawling recursively for packages in '/home/puzzlebot/ros2_ws'
[20.348s] Level 1:colcon.colcon_core.package_identification:_identify(.) by extensions ['ignore', 'ignore_ament_install']
[20.349s] Level 1:colcon.colcon_core.package_identification:_identify(.) by extension 'ignore'
[20.349s] Level 1:colcon.colcon_core.package_identification:_identify(.) by extension 'ignore_ament_install'
[20.349s] Level 1:colcon.colcon_core.package_identification:_identify(.) by extensions ['colcon_pkg']
[20.350s] Level 1:colcon.colcon_core.package_identification:_identify(.) by extension 'colcon_pkg'
[20.350s] Level 1:colcon.colcon_core.package_identification:_identify(.) by extensions ['colcon_meta']
[20.350s] Level 1:colcon.colcon_core.package_identification:_identify(.) by extension 'colcon_meta'
[20.350s] Level 1:colcon.colcon_core.package_identification:_identify(.) by extensions ['ros']
[20.350s] Level 1:colcon.colcon_core.package_identification:_identify(.) by extension 'ros'
[20.431s] Level 1:colcon.colcon_core.package_identification:_identify(.) by extensions ['cmake', 'python']
[20.431s] Level 1:colcon.colcon_core.package_identification:_identify(.) by extension 'cmake'
[20.432s] Level 1:colcon.colcon_core.package_identification:_identify(.) by extension 'python'
[20.432s] Level 1:colcon.colcon_core.package_identification:_identify(.) by extensions ['python_setup_py']
[20.433s] Level 1:colcon.colcon_core.package_identification:_identify(.) by extension 'python_setup_py'
[20.433s] Level 1:colcon.colcon_core.package_identification:_identify(build) by extensions ['ignore', 'ignore_ament_install']
[20.434s] Level 1:colcon.colcon_core.package_identification:_identify(build) by extension 'ignore'
[20.434s] Level 1:colcon.colcon_core.package_identification:_identify(build) ignored
[20.434s] Level 1:colcon.colcon_core.package_identification:_identify(install) by extensions ['ignore', 'ignore_ament_install']
[20.435s] Level 1:colcon.colcon_core.package_identification:_identify(install) by extension 'ignore'
[20.435s] Level 1:colcon.colcon_core.package_identification:_identify(install) ignored
[20.435s] Level 1:colcon.colcon_core.package_identification:_identify(log) by extensions ['ignore', 'ignore_ament_install']
[20.436s] Level 1:colcon.colcon_core.package_identification:_identify(log) by extension 'ignore'
[20.436s] Level 1:colcon.colcon_core.package_identification:_identify(log) ignored
[20.436s] Level 1:colcon.colcon_core.package_identification:_identify(src) by extensions ['ignore', 'ignore_ament_install']
[20.437s] Level 1:colcon.colcon_core.package_identification:_identify(src) by extension 'ignore'
[20.437s] Level 1:colcon.colcon_core.package_identification:_identify(src) by extension 'ignore_ament_install'
[20.438s] Level 1:colcon.colcon_core.package_identification:_identify(src) by extensions ['colcon_pkg']
[20.438s] Level 1:colcon.colcon_core.package_identification:_identify(src) by extension 'colcon_pkg'
[20.439s] Level 1:colcon.colcon_core.package_identification:_identify(src) by extensions ['colcon_meta']
[20.439s] Level 1:colcon.colcon_core.package_identification:_identify(src) by extension 'colcon_meta'
[20.439s] Level 1:colcon.colcon_core.package_identification:_identify(src) by extensions ['ros']
[20.439s] Level 1:colcon.colcon_core.package_identification:_identify(src) by extension 'ros'
[20.440s] Level 1:colcon.colcon_core.package_identification:_identify(src) by extensions ['cmake', 'python']
[20.440s] Level 1:colcon.colcon_core.package_identification:_identify(src) by extension 'cmake'
[20.441s] Level 1:colcon.colcon_core.package_identification:_identify(src) by extension 'python'
[20.442s] Level 1:colcon.colcon_core.package_identification:_identify(src) by extensions ['python_setup_py']
[20.443s] Level 1:colcon.colcon_core.package_identification:_identify(src) by extension 'python_setup_py'
[20.444s] Level 1:colcon.colcon_core.package_identification:_identify(src/build) by extensions ['ignore', 'ignore_ament_install']
[20.444s] Level 1:colcon.colcon_core.package_identification:_identify(src/build) by extension 'ignore'
[20.448s] Level 1:colcon.colcon_core.package_identification:_identify(src/build) ignored
[20.449s] Level 1:colcon.colcon_core.package_identification:_identify(src/install) by extensions ['ignore', 'ignore_ament_install']
[20.450s] Level 1:colcon.colcon_core.package_identification:_identify(src/install) by extension 'ignore'
[20.450s] Level 1:colcon.colcon_core.package_identification:_identify(src/install) ignored
[20.451s] Level 1:colcon.colcon_core.package_identification:_identify(src/log) by extensions ['ignore', 'ignore_ament_install']
[20.451s] Level 1:colcon.colcon_core.package_identification:_identify(src/log) by extension 'ignore'
[20.452s] Level 1:colcon.colcon_core.package_identification:_identify(src/log) ignored
[20.452s] Level 1:colcon.colcon_core.package_identification:_identify(src/puzzlebot_ros) by extensions ['ignore', 'ignore_ament_install']
[20.453s] Level 1:colcon.colcon_core.package_identification:_identify(src/puzzlebot_ros) by extension 'ignore'
[20.453s] Level 1:colcon.colcon_core.package_identification:_identify(src/puzzlebot_ros) by extension 'ignore_ament_install'
[20.453s] Level 1:colcon.colcon_core.package_identification:_identify(src/puzzlebot_ros) by extensions ['colcon_pkg']
[20.453s] Level 1:colcon.colcon_core.package_identification:_identify(src/puzzlebot_ros) by extension 'colcon_pkg'
[20.454s] Level 1:colcon.colcon_core.package_identification:_identify(src/puzzlebot_ros) by extensions ['colcon_meta']
[20.458s] Level 1:colcon.colcon_core.package_identification:_identify(src/puzzlebot_ros) by extension 'colcon_meta'
[20.458s] Level 1:colcon.colcon_core.package_identification:_identify(src/puzzlebot_ros) by extensions ['ros']
[20.458s] Level 1:colcon.colcon_core.package_identification:_identify(src/puzzlebot_ros) by extension 'ros'
[20.476s] DEBUG:colcon.colcon_core.package_identification:Package 'src/puzzlebot_ros' with type 'ros.ament_python' and name 'puzzlebot_ros'
[20.477s] Level 1:colcon.colcon_core.package_identification:_identify(src/sllidar_ros2) by extensions ['ignore', 'ignore_ament_install']
[20.478s] Level 1:colcon.colcon_core.package_identification:_identify(src/sllidar_ros2) by extension 'ignore'
[20.478s] Level 1:colcon.colcon_core.package_identification:_identify(src/sllidar_ros2) by extension 'ignore_ament_install'
[20.479s] Level 1:colcon.colcon_core.package_identification:_identify(src/sllidar_ros2) by extensions ['colcon_pkg']
[20.479s] Level 1:colcon.colcon_core.package_identification:_identify(src/sllidar_ros2) by extension 'colcon_pkg'
[20.479s] Level 1:colcon.colcon_core.package_identification:_identify(src/sllidar_ros2) by extensions ['colcon_meta']
[20.480s] Level 1:colcon.colcon_core.package_identification:_identify(src/sllidar_ros2) by extension 'colcon_meta'
[20.480s] Level 1:colcon.colcon_core.package_identification:_identify(src/sllidar_ros2) by extensions ['ros']
[20.481s] Level 1:colcon.colcon_core.package_identification:_identify(src/sllidar_ros2) by extension 'ros'
[20.485s] DEBUG:colcon.colcon_core.package_identification:Package 'src/sllidar_ros2' with type 'ros.ament_cmake' and name 'sllidar_ros2'
[20.486s] Level 1:colcon.colcon_core.package_discovery:discover_packages(recursive) using defaults
[20.487s] Level 1:colcon.colcon_core.package_discovery:discover_packages(ignore) discover
[20.487s] Level 1:colcon.colcon_core.package_discovery:discover_packages(ignore) using defaults
[20.487s] Level 1:colcon.colcon_core.package_discovery:discover_packages(path) discover
[20.488s] Level 1:colcon.colcon_core.package_discovery:discover_packages(path) using defaults
[21.509s] INFO:colcon.colcon_core.package_selection:Skipping not selected package 'sllidar_ros2' in 'src/sllidar_ros2'
[22.048s] Level 1:colcon.colcon_core.package_discovery:discover_packages(prefix_path) check parameters
[22.048s] Level 1:colcon.colcon_core.package_discovery:discover_packages(prefix_path) discover
[23.177s] DEBUG:colcon.colcon_installed_package_information.package_discovery:Found 2 installed packages in /home/puzzlebot/ros2_ws/install
[25.443s] DEBUG:colcon.colcon_installed_package_information.package_discovery:Found 5 installed packages in /home/puzzlebot/ros2_packages_ws/install
[26.466s] DEBUG:colcon.colcon_installed_package_information.package_discovery:Found 276 installed packages in /opt/ros/humble
[26.481s] Level 1:colcon.colcon_core.package_discovery:discover_packages(prefix_path) using defaults
[30.571s] Level 5:colcon.colcon_core.verb:set package 'puzzlebot_ros' build argument 'cmake_args' from command line to 'None'
[30.571s] Level 5:colcon.colcon_core.verb:set package 'puzzlebot_ros' build argument 'cmake_target' from command line to 'None'
[30.572s] Level 5:colcon.colcon_core.verb:set package 'puzzlebot_ros' build argument 'cmake_target_skip_unavailable' from command line to 'False'
[30.573s] Level 5:colcon.colcon_core.verb:set package 'puzzlebot_ros' build argument 'cmake_clean_cache' from command line to 'False'
[30.573s] Level 5:colcon.colcon_core.verb:set package 'puzzlebot_ros' build argument 'cmake_clean_first' from command line to 'False'
[30.574s] Level 5:colcon.colcon_core.verb:set package 'puzzlebot_ros' build argument 'cmake_force_configure' from command line to 'False'
[30.574s] Level 5:colcon.colcon_core.verb:set package 'puzzlebot_ros' build argument 'ament_cmake_args' from command line to 'None'
[30.574s] Level 5:colcon.colcon_core.verb:set package 'puzzlebot_ros' build argument 'catkin_cmake_args' from command line to 'None'
[30.574s] Level 5:colcon.colcon_core.verb:set package 'puzzlebot_ros' build argument 'catkin_skip_building_tests' from command line to 'False'
[30.575s] DEBUG:colcon.colcon_core.verb:Building package 'puzzlebot_ros' with the following arguments: {'ament_cmake_args': None, 'build_base': '/home/puzzlebot/ros2_ws/build/puzzlebot_ros', 'catkin_cmake_args': None, 'catkin_skip_building_tests': False, 'cmake_args': None, 'cmake_clean_cache': False, 'cmake_clean_first': False, 'cmake_force_configure': False, 'cmake_target': None, 'cmake_target_skip_unavailable': False, 'install_base': '/home/puzzlebot/ros2_ws/install/puzzlebot_ros', 'merge_install': False, 'path': '/home/puzzlebot/ros2_ws/src/puzzlebot_ros', 'symlink_install': True, 'test_result_base': None}
[30.919s] INFO:colcon.colcon_core.executor:Executing jobs using 'parallel' executor
[31.249s] DEBUG:colcon.colcon_parallel_executor.executor.parallel:run_until_complete
[31.250s] INFO:colcon.colcon_ros.task.ament_python.build:Building ROS package in '/home/puzzlebot/ros2_ws/src/puzzlebot_ros' with build type 'ament_python'
[31.251s] Level 1:colcon.colcon_core.shell:create_environment_hook('puzzlebot_ros', 'ament_prefix_path')
[31.635s] INFO:colcon.colcon_core.plugin_system:Skipping extension 'colcon_core.shell.bat': Not used on non-Windows systems
[31.637s] INFO:colcon.colcon_core.shell:Creating environment hook '/home/puzzlebot/ros2_ws/install/puzzlebot_ros/share/puzzlebot_ros/hook/ament_prefix_path.ps1'
[31.645s] INFO:colcon.colcon_core.shell:Creating environment descriptor '/home/puzzlebot/ros2_ws/install/puzzlebot_ros/share/puzzlebot_ros/hook/ament_prefix_path.dsv'
[31.652s] INFO:colcon.colcon_core.shell:Creating environment hook '/home/puzzlebot/ros2_ws/install/puzzlebot_ros/share/puzzlebot_ros/hook/ament_prefix_path.sh'
[31.990s] INFO:colcon.colcon_core.shell:Skip shell extension 'powershell' for command environment: Not usable outside of PowerShell
[31.990s] DEBUG:colcon.colcon_core.shell:Skip shell extension 'dsv' for command environment
[52.449s] INFO:colcon.colcon_core.task.python.build:Building Python package in '/home/puzzlebot/ros2_ws/src/puzzlebot_ros'
[52.883s] INFO:colcon.colcon_core.shell:Skip shell extension 'powershell' for command environment: Not usable outside of PowerShell
[52.884s] DEBUG:colcon.colcon_core.shell:Skip shell extension 'dsv' for command environment
[58.160s] DEBUG:colcon.colcon_core.event_handler.log_command:Invoking command in '/home/puzzlebot/ros2_ws/build/puzzlebot_ros': PYTHONPATH=/home/puzzlebot/ros2_ws/build/puzzlebot_ros/prefix_override:/home/puzzlebot/ros2_ws/install/puzzlebot_ros/lib/python3.8/site-packages:${PYTHONPATH} /usr/bin/python3 setup.py develop --editable --build-directory /home/puzzlebot/ros2_ws/build/puzzlebot_ros/build --no-deps install_data
[61.619s] Level 1:colcon.colcon_core.shell:create_environment_hook('puzzlebot_ros', 'pythonpath_develop')
[61.622s] DEBUG:colcon.colcon_core.event_handler.log_command:Invoked command in '/home/puzzlebot/ros2_ws/build/puzzlebot_ros' returned '0': PYTHONPATH=/home/puzzlebot/ros2_ws/build/puzzlebot_ros/prefix_override:/home/puzzlebot/ros2_ws/install/puzzlebot_ros/lib/python3.8/site-packages:${PYTHONPATH} /usr/bin/python3 setup.py develop --editable --build-directory /home/puzzlebot/ros2_ws/build/puzzlebot_ros/build --no-deps install_data
[61.934s] INFO:colcon.colcon_core.shell:Creating environment hook '/home/puzzlebot/ros2_ws/build/puzzlebot_ros/share/puzzlebot_ros/hook/pythonpath_develop.ps1'
[61.944s] INFO:colcon.colcon_core.shell:Creating environment descriptor '/home/puzzlebot/ros2_ws/build/puzzlebot_ros/share/puzzlebot_ros/hook/pythonpath_develop.dsv'
[61.950s] INFO:colcon.colcon_core.shell:Creating environment hook '/home/puzzlebot/ros2_ws/build/puzzlebot_ros/share/puzzlebot_ros/hook/pythonpath_develop.sh'
[62.272s] Level 1:colcon.colcon_core.environment:checking '/home/puzzlebot/ros2_ws/install/puzzlebot_ros' for CMake module files
[62.276s] Level 1:colcon.colcon_core.environment:checking '/home/puzzlebot/ros2_ws/install/puzzlebot_ros' for CMake config files
[62.281s] Level 1:colcon.colcon_core.environment:checking '/home/puzzlebot/ros2_ws/install/puzzlebot_ros/lib'
[62.282s] Level 1:colcon.colcon_core.environment:checking '/home/puzzlebot/ros2_ws/install/puzzlebot_ros/bin'
[62.283s] Level 1:colcon.colcon_core.environment:checking '/home/puzzlebot/ros2_ws/install/puzzlebot_ros/lib/pkgconfig/puzzlebot_ros.pc'
[62.284s] Level 1:colcon.colcon_core.environment:checking '/home/puzzlebot/ros2_ws/install/puzzlebot_ros/lib/python3.8/site-packages'
[62.284s] Level 1:colcon.colcon_core.shell:create_environment_hook('puzzlebot_ros', 'pythonpath')
[62.545s] INFO:colcon.colcon_core.shell:Creating environment hook '/home/puzzlebot/ros2_ws/install/puzzlebot_ros/share/puzzlebot_ros/hook/pythonpath.ps1'
[62.547s] INFO:colcon.colcon_core.shell:Creating environment descriptor '/home/puzzlebot/ros2_ws/install/puzzlebot_ros/share/puzzlebot_ros/hook/pythonpath.dsv'
[62.549s] INFO:colcon.colcon_core.shell:Creating environment hook '/home/puzzlebot/ros2_ws/install/puzzlebot_ros/share/puzzlebot_ros/hook/pythonpath.sh'
[62.551s] Level 1:colcon.colcon_core.environment:checking '/home/puzzlebot/ros2_ws/install/puzzlebot_ros/bin'
[62.552s] Level 1:colcon.colcon_core.environment:create_environment_scripts_only(puzzlebot_ros)
[62.823s] INFO:colcon.colcon_core.shell:Creating package script '/home/puzzlebot/ros2_ws/install/puzzlebot_ros/share/puzzlebot_ros/package.ps1'
[62.828s] INFO:colcon.colcon_core.shell:Creating package descriptor '/home/puzzlebot/ros2_ws/install/puzzlebot_ros/share/puzzlebot_ros/package.dsv'
[62.835s] INFO:colcon.colcon_core.shell:Creating package script '/home/puzzlebot/ros2_ws/install/puzzlebot_ros/share/puzzlebot_ros/package.sh'
[62.842s] INFO:colcon.colcon_core.shell:Creating package script '/home/puzzlebot/ros2_ws/install/puzzlebot_ros/share/puzzlebot_ros/package.bash'
[62.850s] INFO:colcon.colcon_core.shell:Creating package script '/home/puzzlebot/ros2_ws/install/puzzlebot_ros/share/puzzlebot_ros/package.zsh'
[62.858s] Level 1:colcon.colcon_core.environment:create_file_with_runtime_dependencies(/home/puzzlebot/ros2_ws/install/puzzlebot_ros/share/colcon-core/packages/puzzlebot_ros)
[62.863s] DEBUG:colcon.colcon_parallel_executor.executor.parallel:closing loop
[62.863s] DEBUG:colcon.colcon_parallel_executor.executor.parallel:loop closed
[62.864s] DEBUG:colcon.colcon_parallel_executor.executor.parallel:run_until_complete finished with '0'
[62.864s] DEBUG:colcon.colcon_core.event_reactor:joining thread
[63.217s] INFO:colcon.colcon_core.plugin_system:Skipping extension 'colcon_notification.desktop_notification.terminal_notifier': Not used on non-Darwin systems
[63.218s] INFO:colcon.colcon_core.plugin_system:Skipping extension 'colcon_notification.desktop_notification.win32': Not used on non-Windows systems
[63.218s] INFO:colcon.colcon_notification.desktop_notification:Sending desktop notification using 'notify2'
[64.085s] DEBUG:colcon.colcon_core.event_reactor:joined thread
[64.385s] INFO:colcon.colcon_core.shell:Creating prefix script '/home/puzzlebot/ros2_ws/install/local_setup.ps1'
[64.391s] INFO:colcon.colcon_core.shell:Creating prefix util module '/home/puzzlebot/ros2_ws/install/_local_setup_util_ps1.py'
[64.400s] INFO:colcon.colcon_core.shell:Creating prefix chain script '/home/puzzlebot/ros2_ws/install/setup.ps1'
[64.695s] INFO:colcon.colcon_core.shell:Creating prefix script '/home/puzzlebot/ros2_ws/install/local_setup.sh'
[64.701s] INFO:colcon.colcon_core.shell:Creating prefix util module '/home/puzzlebot/ros2_ws/install/_local_setup_util_sh.py'
[64.703s] INFO:colcon.colcon_core.shell:Creating prefix chain script '/home/puzzlebot/ros2_ws/install/setup.sh'
[64.997s] INFO:colcon.colcon_core.shell:Creating prefix script '/home/puzzlebot/ros2_ws/install/local_setup.bash'
[65.002s] INFO:colcon.colcon_core.shell:Creating prefix chain script '/home/puzzlebot/ros2_ws/install/setup.bash'
[65.474s] INFO:colcon.colcon_core.shell:Creating prefix script '/home/puzzlebot/ros2_ws/install/local_setup.zsh'
[65.507s] INFO:colcon.colcon_core.shell:Creating prefix chain script '/home/puzzlebot/ros2_ws/install/setup.zsh'
