[6.611s] Invoking command in '/home/puzzlebot/ros2_ws/build/puzzlebot_ros': PYTHONPATH=/home/puzzlebot/ros2_ws/build/puzzlebot_ros/prefix_override:/home/puzzlebot/ros2_ws/install/puzzlebot_ros/lib/python3.8/site-packages:${PYTHONPATH} /usr/bin/python3 setup.py develop --editable --build-directory /home/puzzlebot/ros2_ws/build/puzzlebot_ros/build --no-deps install_data
[7.957s] running develop
[8.902s] running egg_info
[8.903s] writing puzzlebot_ros.egg-info/PKG-INFO
[8.905s] writing dependency_links to puzzlebot_ros.egg-info/dependency_links.txt
[8.906s] writing entry points to puzzlebot_ros.egg-info/entry_points.txt
[8.906s] writing requirements to puzzlebot_ros.egg-info/requires.txt
[8.907s] writing top-level names to puzzlebot_ros.egg-info/top_level.txt
[9.082s] reading manifest file 'puzzlebot_ros.egg-info/SOURCES.txt'
[9.089s] writing manifest file 'puzzlebot_ros.egg-info/SOURCES.txt'
[9.320s] running build_ext
[9.324s] Creating /home/puzzlebot/ros2_ws/install/puzzlebot_ros/lib/python3.8/site-packages/puzzlebot-ros.egg-link (link to .)
[9.327s] Installing camera_compress script to /home/puzzlebot/ros2_ws/install/puzzlebot_ros/lib/puzzlebot_ros
[9.331s] Installing camera_node script to /home/puzzlebot/ros2_ws/install/puzzlebot_ros/lib/puzzlebot_ros
[9.332s] Installing cmd_vel_to_wheels script to /home/puzzlebot/ros2_ws/install/puzzlebot_ros/lib/puzzlebot_ros
[9.333s] Installing distance_control script to /home/puzzlebot/ros2_ws/install/puzzlebot_ros/lib/puzzlebot_ros
[9.335s] Installing ekf_slam script to /home/puzzlebot/ros2_ws/install/puzzlebot_ros/lib/puzzlebot_ros
[9.343s] Installing goto_point script to /home/puzzlebot/ros2_ws/install/puzzlebot_ros/lib/puzzlebot_ros
[9.343s] Installing kalman script to /home/puzzlebot/ros2_ws/install/puzzlebot_ros/lib/puzzlebot_ros
[9.344s] Installing kalman_aruco script to /home/puzzlebot/ros2_ws/install/puzzlebot_ros/lib/puzzlebot_ros
[9.345s] Installing navigator script to /home/puzzlebot/ros2_ws/install/puzzlebot_ros/lib/puzzlebot_ros
[9.345s] Installing pwm_control script to /home/puzzlebot/ros2_ws/install/puzzlebot_ros/lib/puzzlebot_ros
[9.346s] Installing test_imu script to /home/puzzlebot/ros2_ws/install/puzzlebot_ros/lib/puzzlebot_ros
[9.347s] Installing velocity_control script to /home/puzzlebot/ros2_ws/install/puzzlebot_ros/lib/puzzlebot_ros
[9.347s] 
[9.348s] Installed /home/puzzlebot/ros2_ws/build/puzzlebot_ros
[9.349s] running install_data
[9.481s] Invoked command in '/home/puzzlebot/ros2_ws/build/puzzlebot_ros' returned '0': PYTHONPATH=/home/puzzlebot/ros2_ws/build/puzzlebot_ros/prefix_override:/home/puzzlebot/ros2_ws/install/puzzlebot_ros/lib/python3.8/site-packages:${PYTHONPATH} /usr/bin/python3 setup.py develop --editable --build-directory /home/puzzlebot/ros2_ws/build/puzzlebot_ros/build --no-deps install_data
