[3.265s] Invoking command in '/home/puzzlebot/ros2_ws/src/build/sllidar_ros2': CMAKE_PREFIX_PATH=/home/puzzlebot/ros2_ws/install/puzzlebot_ros:/opt/ros/humble:${CMAKE_PREFIX_PATH} /usr/bin/cmake --build /home/puzzlebot/ros2_ws/src/build/sllidar_ros2 -- -j4 -l4
[3.677s] [ 10%] Built target sllidar_client
[3.681s] [100%] Built target sllidar_node
[3.724s] Invoked command in '/home/puzzlebot/ros2_ws/src/build/sllidar_ros2' returned '0': CMAKE_PREFIX_PATH=/home/puzzlebot/ros2_ws/install/puzzlebot_ros:/opt/ros/humble:${CMAKE_PREFIX_PATH} /usr/bin/cmake --build /home/puzzlebot/ros2_ws/src/build/sllidar_ros2 -- -j4 -l4
[4.005s] Invoking command in '/home/puzzlebot/ros2_ws/src/build/sllidar_ros2': CMAKE_PREFIX_PATH=/home/puzzlebot/ros2_ws/install/puzzlebot_ros:/opt/ros/humble:${CMAKE_PREFIX_PATH} /usr/bin/cmake --install /home/puzzlebot/ros2_ws/src/build/sllidar_ros2
[4.036s] -- Install configuration: ""
[4.038s] -- Execute custom install script
[4.041s] -- Up-to-date symlink: /home/puzzlebot/ros2_ws/src/install/sllidar_ros2/share/sllidar_ros2/launch/sllidar_a1_launch.py
[4.041s] -- Up-to-date symlink: /home/puzzlebot/ros2_ws/src/install/sllidar_ros2/share/sllidar_ros2/launch/sllidar_a2m12_launch .py
[4.042s] -- Up-to-date symlink: /home/puzzlebot/ros2_ws/src/install/sllidar_ros2/share/sllidar_ros2/launch/sllidar_a2m7_launch.py
[4.043s] -- Up-to-date symlink: /home/puzzlebot/ros2_ws/src/install/sllidar_ros2/share/sllidar_ros2/launch/sllidar_a2m8_launch.py
[4.043s] -- Up-to-date symlink: /home/puzzlebot/ros2_ws/src/install/sllidar_ros2/share/sllidar_ros2/launch/sllidar_a3_launch.py
[4.044s] -- Up-to-date symlink: /home/puzzlebot/ros2_ws/src/install/sllidar_ros2/share/sllidar_ros2/launch/sllidar_c1_launch.py
[4.045s] -- Up-to-date symlink: /home/puzzlebot/ros2_ws/src/install/sllidar_ros2/share/sllidar_ros2/launch/sllidar_s1_launch.py
[4.045s] -- Up-to-date symlink: /home/puzzlebot/ros2_ws/src/install/sllidar_ros2/share/sllidar_ros2/launch/sllidar_s1_tcp_launch.py
[4.046s] -- Up-to-date symlink: /home/puzzlebot/ros2_ws/src/install/sllidar_ros2/share/sllidar_ros2/launch/sllidar_s2_launch.py
[4.047s] -- Up-to-date symlink: /home/puzzlebot/ros2_ws/src/install/sllidar_ros2/share/sllidar_ros2/launch/sllidar_s2e_launch.py
[4.047s] -- Up-to-date symlink: /home/puzzlebot/ros2_ws/src/install/sllidar_ros2/share/sllidar_ros2/launch/sllidar_s3_launch.py
[4.048s] -- Up-to-date symlink: /home/puzzlebot/ros2_ws/src/install/sllidar_ros2/share/sllidar_ros2/launch/sllidar_t1_launch.py
[4.049s] -- Up-to-date symlink: /home/puzzlebot/ros2_ws/src/install/sllidar_ros2/share/sllidar_ros2/launch/view_sllidar_a1_launch.py
[4.050s] -- Up-to-date symlink: /home/puzzlebot/ros2_ws/src/install/sllidar_ros2/share/sllidar_ros2/launch/view_sllidar_a2m12_launch.py
[4.051s] -- Up-to-date symlink: /home/puzzlebot/ros2_ws/src/install/sllidar_ros2/share/sllidar_ros2/launch/view_sllidar_a2m7_launch.py
[4.051s] -- Up-to-date symlink: /home/puzzlebot/ros2_ws/src/install/sllidar_ros2/share/sllidar_ros2/launch/view_sllidar_a2m8_launch.py
[4.052s] -- Up-to-date symlink: /home/puzzlebot/ros2_ws/src/install/sllidar_ros2/share/sllidar_ros2/launch/view_sllidar_a3_launch.py
[4.053s] -- Up-to-date symlink: /home/puzzlebot/ros2_ws/src/install/sllidar_ros2/share/sllidar_ros2/launch/view_sllidar_c1_launch.py
[4.054s] -- Up-to-date symlink: /home/puzzlebot/ros2_ws/src/install/sllidar_ros2/share/sllidar_ros2/launch/view_sllidar_s1_launch.py
[4.054s] -- Up-to-date symlink: /home/puzzlebot/ros2_ws/src/install/sllidar_ros2/share/sllidar_ros2/launch/view_sllidar_s1_tcp_launch.py
[4.055s] -- Up-to-date symlink: /home/puzzlebot/ros2_ws/src/install/sllidar_ros2/share/sllidar_ros2/launch/view_sllidar_s2_launch.py
[4.056s] -- Up-to-date symlink: /home/puzzlebot/ros2_ws/src/install/sllidar_ros2/share/sllidar_ros2/launch/view_sllidar_s2e_launch.py
[4.056s] -- Up-to-date symlink: /home/puzzlebot/ros2_ws/src/install/sllidar_ros2/share/sllidar_ros2/launch/view_sllidar_s3_launch.py
[4.057s] -- Up-to-date symlink: /home/puzzlebot/ros2_ws/src/install/sllidar_ros2/share/sllidar_ros2/launch/view_sllidar_t1_launch.py
[4.058s] -- Up-to-date symlink: /home/puzzlebot/ros2_ws/src/install/sllidar_ros2/share/sllidar_ros2/rviz/sllidar_ros2.rviz
[4.060s] -- Up-to-date symlink: /home/puzzlebot/ros2_ws/src/install/sllidar_ros2/lib/sllidar_ros2/sllidar_node
[4.061s] -- Up-to-date symlink: /home/puzzlebot/ros2_ws/src/install/sllidar_ros2/lib/sllidar_ros2/sllidar_client
[4.062s] -- Up-to-date symlink: /home/puzzlebot/ros2_ws/src/install/sllidar_ros2/share/ament_index/resource_index/package_run_dependencies/sllidar_ros2
[4.064s] -- Up-to-date symlink: /home/puzzlebot/ros2_ws/src/install/sllidar_ros2/share/ament_index/resource_index/parent_prefix_path/sllidar_ros2
[4.065s] -- Up-to-date symlink: /home/puzzlebot/ros2_ws/src/install/sllidar_ros2/share/sllidar_ros2/environment/ament_prefix_path.sh
[4.066s] -- Up-to-date symlink: /home/puzzlebot/ros2_ws/src/install/sllidar_ros2/share/sllidar_ros2/environment/ament_prefix_path.dsv
[4.067s] -- Up-to-date symlink: /home/puzzlebot/ros2_ws/src/install/sllidar_ros2/share/sllidar_ros2/environment/path.sh
[4.068s] -- Up-to-date symlink: /home/puzzlebot/ros2_ws/src/install/sllidar_ros2/share/sllidar_ros2/environment/path.dsv
[4.069s] -- Up-to-date symlink: /home/puzzlebot/ros2_ws/src/install/sllidar_ros2/share/sllidar_ros2/local_setup.bash
[4.070s] -- Up-to-date symlink: /home/puzzlebot/ros2_ws/src/install/sllidar_ros2/share/sllidar_ros2/local_setup.sh
[4.071s] -- Up-to-date symlink: /home/puzzlebot/ros2_ws/src/install/sllidar_ros2/share/sllidar_ros2/local_setup.zsh
[4.072s] -- Up-to-date symlink: /home/puzzlebot/ros2_ws/src/install/sllidar_ros2/share/sllidar_ros2/local_setup.dsv
[4.073s] -- Symlinking: /home/puzzlebot/ros2_ws/src/install/sllidar_ros2/share/sllidar_ros2/package.dsv
[4.107s] -- Up-to-date symlink: /home/puzzlebot/ros2_ws/src/install/sllidar_ros2/share/ament_index/resource_index/packages/sllidar_ros2
[4.108s] -- Up-to-date symlink: /home/puzzlebot/ros2_ws/src/install/sllidar_ros2/share/sllidar_ros2/cmake/ament_cmake_export_dependencies-extras.cmake
[4.110s] -- Up-to-date symlink: /home/puzzlebot/ros2_ws/src/install/sllidar_ros2/share/sllidar_ros2/cmake/ament_cmake_export_include_directories-extras.cmake
[4.111s] -- Up-to-date symlink: /home/puzzlebot/ros2_ws/src/install/sllidar_ros2/share/sllidar_ros2/cmake/sllidar_ros2Config.cmake
[4.111s] -- Up-to-date symlink: /home/puzzlebot/ros2_ws/src/install/sllidar_ros2/share/sllidar_ros2/cmake/sllidar_ros2Config-version.cmake
[4.113s] -- Up-to-date symlink: /home/puzzlebot/ros2_ws/src/install/sllidar_ros2/share/sllidar_ros2/package.xml
[4.119s] Invoked command in '/home/puzzlebot/ros2_ws/src/build/sllidar_ros2' returned '0': CMAKE_PREFIX_PATH=/home/puzzlebot/ros2_ws/install/puzzlebot_ros:/opt/ros/humble:${CMAKE_PREFIX_PATH} /usr/bin/cmake --install /home/puzzlebot/ros2_ws/src/build/sllidar_ros2
