[7.419s] Invoking command in '/home/puzzlebot/ros2_ws/build/puzzlebot_ros': PYTHONPATH=/home/puzzlebot/ros2_ws/build/puzzlebot_ros/prefix_override:/home/puzzlebot/ros2_ws/install/puzzlebot_ros/lib/python3.8/site-packages:${PYTHONPATH} /usr/bin/python3 setup.py develop --editable --build-directory /home/puzzlebot/ros2_ws/build/puzzlebot_ros/build --no-deps install_data
[8.883s] running develop
[9.933s] running egg_info
[9.933s] writing puzzlebot_ros.egg-info/PKG-INFO
[9.935s] writing dependency_links to puzzlebot_ros.egg-info/dependency_links.txt
[9.935s] writing entry points to puzzlebot_ros.egg-info/entry_points.txt
[9.936s] writing requirements to puzzlebot_ros.egg-info/requires.txt
[9.936s] writing top-level names to puzzlebot_ros.egg-info/top_level.txt
[10.111s] reading manifest file 'puzzlebot_ros.egg-info/SOURCES.txt'
[10.117s] writing manifest file 'puzzlebot_ros.egg-info/SOURCES.txt'
[10.343s] running build_ext
[10.347s] Creating /home/puzzlebot/ros2_ws/install/puzzlebot_ros/lib/python3.8/site-packages/puzzlebot-ros.egg-link (link to .)
[10.351s] Installing distance_control script to /home/puzzlebot/ros2_ws/install/puzzlebot_ros/lib/puzzlebot_ros
[10.355s] Installing ekf_slam script to /home/puzzlebot/ros2_ws/install/puzzlebot_ros/lib/puzzlebot_ros
[10.363s] Installing goto_point script to /home/puzzlebot/ros2_ws/install/puzzlebot_ros/lib/puzzlebot_ros
[10.364s] Installing kalman script to /home/puzzlebot/ros2_ws/install/puzzlebot_ros/lib/puzzlebot_ros
[10.364s] Installing kalman_aruco script to /home/puzzlebot/ros2_ws/install/puzzlebot_ros/lib/puzzlebot_ros
[10.365s] Installing navigator script to /home/puzzlebot/ros2_ws/install/puzzlebot_ros/lib/puzzlebot_ros
[10.365s] Installing pwm_control script to /home/puzzlebot/ros2_ws/install/puzzlebot_ros/lib/puzzlebot_ros
[10.366s] Installing test_imu script to /home/puzzlebot/ros2_ws/install/puzzlebot_ros/lib/puzzlebot_ros
[10.366s] Installing velocity_control script to /home/puzzlebot/ros2_ws/install/puzzlebot_ros/lib/puzzlebot_ros
[10.367s] 
[10.367s] Installed /home/puzzlebot/ros2_ws/build/puzzlebot_ros
[10.368s] running install_data
[10.368s] copying launch/forklift.launch.py -> /home/puzzlebot/ros2_ws/install/puzzlebot_ros/share/puzzlebot_ros
[10.515s] Invoked command in '/home/puzzlebot/ros2_ws/build/puzzlebot_ros' returned '0': PYTHONPATH=/home/puzzlebot/ros2_ws/build/puzzlebot_ros/prefix_override:/home/puzzlebot/ros2_ws/install/puzzlebot_ros/lib/python3.8/site-packages:${PYTHONPATH} /usr/bin/python3 setup.py develop --editable --build-directory /home/puzzlebot/ros2_ws/build/puzzlebot_ros/build --no-deps install_data
