[3.318s] Invoking command in '/home/puzzlebot/ros2_ws/build/sllidar_ros2': CMAKE_PREFIX_PATH=/home/puzzlebot/ros2_ws/install/sllidar_ros2:/home/puzzlebot/ros2_ws/install/puzzlebot_ros:/opt/ros/humble:/home/puzzlebot/ros2_packages_ws/install/ros_deep_learning:/home/puzzlebot/ros2_packages_ws/install/micro_ros_setup:/home/puzzlebot/ros2_packages_ws/install/micro_ros_agent:/home/puzzlebot/ros2_packages_ws/install/micro_ros_msgs:/home/puzzlebot/ros2_packages_ws/install/camera_info_publisher /usr/bin/cmake --build /home/puzzlebot/ros2_ws/build/sllidar_ros2 -- -j4 -l4
[3.592s] [ 10%] Built target sllidar_client
[3.608s] [100%] Built target sllidar_node
[3.652s] Invoked command in '/home/puzzlebot/ros2_ws/build/sllidar_ros2' returned '0': CMAKE_PREFIX_PATH=/home/puzzlebot/ros2_ws/install/sllidar_ros2:/home/puzzlebot/ros2_ws/install/puzzlebot_ros:/opt/ros/humble:/home/puzzlebot/ros2_packages_ws/install/ros_deep_learning:/home/puzzlebot/ros2_packages_ws/install/micro_ros_setup:/home/puzzlebot/ros2_packages_ws/install/micro_ros_agent:/home/puzzlebot/ros2_packages_ws/install/micro_ros_msgs:/home/puzzlebot/ros2_packages_ws/install/camera_info_publisher /usr/bin/cmake --build /home/puzzlebot/ros2_ws/build/sllidar_ros2 -- -j4 -l4
[3.932s] Invoking command in '/home/puzzlebot/ros2_ws/build/sllidar_ros2': CMAKE_PREFIX_PATH=/home/puzzlebot/ros2_ws/install/sllidar_ros2:/home/puzzlebot/ros2_ws/install/puzzlebot_ros:/opt/ros/humble:/home/puzzlebot/ros2_packages_ws/install/ros_deep_learning:/home/puzzlebot/ros2_packages_ws/install/micro_ros_setup:/home/puzzlebot/ros2_packages_ws/install/micro_ros_agent:/home/puzzlebot/ros2_packages_ws/install/micro_ros_msgs:/home/puzzlebot/ros2_packages_ws/install/camera_info_publisher /usr/bin/cmake --install /home/puzzlebot/ros2_ws/build/sllidar_ros2
[3.962s] -- Install configuration: ""
[3.964s] -- Execute custom install script
[3.967s] -- Up-to-date symlink: /home/puzzlebot/ros2_ws/install/sllidar_ros2/share/sllidar_ros2/launch/sllidar_a1_launch.py
[3.967s] -- Up-to-date symlink: /home/puzzlebot/ros2_ws/install/sllidar_ros2/share/sllidar_ros2/launch/sllidar_a2m12_launch .py
[3.968s] -- Up-to-date symlink: /home/puzzlebot/ros2_ws/install/sllidar_ros2/share/sllidar_ros2/launch/sllidar_a2m7_launch.py
[3.968s] -- Up-to-date symlink: /home/puzzlebot/ros2_ws/install/sllidar_ros2/share/sllidar_ros2/launch/sllidar_a2m8_launch.py
[3.969s] -- Up-to-date symlink: /home/puzzlebot/ros2_ws/install/sllidar_ros2/share/sllidar_ros2/launch/sllidar_a3_launch.py
[3.970s] -- Up-to-date symlink: /home/puzzlebot/ros2_ws/install/sllidar_ros2/share/sllidar_ros2/launch/sllidar_c1_launch.py
[3.971s] -- Up-to-date symlink: /home/puzzlebot/ros2_ws/install/sllidar_ros2/share/sllidar_ros2/launch/sllidar_s1_launch.py
[3.972s] -- Up-to-date symlink: /home/puzzlebot/ros2_ws/install/sllidar_ros2/share/sllidar_ros2/launch/sllidar_s1_tcp_launch.py
[3.972s] -- Up-to-date symlink: /home/puzzlebot/ros2_ws/install/sllidar_ros2/share/sllidar_ros2/launch/sllidar_s2_launch.py
[3.973s] -- Up-to-date symlink: /home/puzzlebot/ros2_ws/install/sllidar_ros2/share/sllidar_ros2/launch/sllidar_s2e_launch.py
[3.974s] -- Up-to-date symlink: /home/puzzlebot/ros2_ws/install/sllidar_ros2/share/sllidar_ros2/launch/sllidar_s3_launch.py
[3.974s] -- Up-to-date symlink: /home/puzzlebot/ros2_ws/install/sllidar_ros2/share/sllidar_ros2/launch/sllidar_t1_launch.py
[3.975s] -- Up-to-date symlink: /home/puzzlebot/ros2_ws/install/sllidar_ros2/share/sllidar_ros2/launch/view_sllidar_a1_launch.py
[3.976s] -- Up-to-date symlink: /home/puzzlebot/ros2_ws/install/sllidar_ros2/share/sllidar_ros2/launch/view_sllidar_a2m12_launch.py
[3.977s] -- Up-to-date symlink: /home/puzzlebot/ros2_ws/install/sllidar_ros2/share/sllidar_ros2/launch/view_sllidar_a2m7_launch.py
[3.977s] -- Up-to-date symlink: /home/puzzlebot/ros2_ws/install/sllidar_ros2/share/sllidar_ros2/launch/view_sllidar_a2m8_launch.py
[3.978s] -- Up-to-date symlink: /home/puzzlebot/ros2_ws/install/sllidar_ros2/share/sllidar_ros2/launch/view_sllidar_a3_launch.py
[3.979s] -- Up-to-date symlink: /home/puzzlebot/ros2_ws/install/sllidar_ros2/share/sllidar_ros2/launch/view_sllidar_c1_launch.py
[3.979s] -- Up-to-date symlink: /home/puzzlebot/ros2_ws/install/sllidar_ros2/share/sllidar_ros2/launch/view_sllidar_s1_launch.py
[3.980s] -- Up-to-date symlink: /home/puzzlebot/ros2_ws/install/sllidar_ros2/share/sllidar_ros2/launch/view_sllidar_s1_tcp_launch.py
[3.981s] -- Up-to-date symlink: /home/puzzlebot/ros2_ws/install/sllidar_ros2/share/sllidar_ros2/launch/view_sllidar_s2_launch.py
[3.982s] -- Up-to-date symlink: /home/puzzlebot/ros2_ws/install/sllidar_ros2/share/sllidar_ros2/launch/view_sllidar_s2e_launch.py
[3.982s] -- Up-to-date symlink: /home/puzzlebot/ros2_ws/install/sllidar_ros2/share/sllidar_ros2/launch/view_sllidar_s3_launch.py
[3.983s] -- Up-to-date symlink: /home/puzzlebot/ros2_ws/install/sllidar_ros2/share/sllidar_ros2/launch/view_sllidar_t1_launch.py
[3.984s] -- Up-to-date symlink: /home/puzzlebot/ros2_ws/install/sllidar_ros2/share/sllidar_ros2/rviz/sllidar_ros2.rviz
[3.986s] -- Up-to-date symlink: /home/puzzlebot/ros2_ws/install/sllidar_ros2/lib/sllidar_ros2/sllidar_node
[3.987s] -- Up-to-date symlink: /home/puzzlebot/ros2_ws/install/sllidar_ros2/lib/sllidar_ros2/sllidar_client
[3.989s] -- Up-to-date symlink: /home/puzzlebot/ros2_ws/install/sllidar_ros2/share/ament_index/resource_index/package_run_dependencies/sllidar_ros2
[3.990s] -- Up-to-date symlink: /home/puzzlebot/ros2_ws/install/sllidar_ros2/share/ament_index/resource_index/parent_prefix_path/sllidar_ros2
[3.991s] -- Up-to-date symlink: /home/puzzlebot/ros2_ws/install/sllidar_ros2/share/sllidar_ros2/environment/ament_prefix_path.sh
[3.992s] -- Up-to-date symlink: /home/puzzlebot/ros2_ws/install/sllidar_ros2/share/sllidar_ros2/environment/ament_prefix_path.dsv
[3.993s] -- Up-to-date symlink: /home/puzzlebot/ros2_ws/install/sllidar_ros2/share/sllidar_ros2/environment/path.sh
[3.995s] -- Up-to-date symlink: /home/puzzlebot/ros2_ws/install/sllidar_ros2/share/sllidar_ros2/environment/path.dsv
[3.996s] -- Up-to-date symlink: /home/puzzlebot/ros2_ws/install/sllidar_ros2/share/sllidar_ros2/local_setup.bash
[3.997s] -- Up-to-date symlink: /home/puzzlebot/ros2_ws/install/sllidar_ros2/share/sllidar_ros2/local_setup.sh
[3.998s] -- Up-to-date symlink: /home/puzzlebot/ros2_ws/install/sllidar_ros2/share/sllidar_ros2/local_setup.zsh
[3.999s] -- Up-to-date symlink: /home/puzzlebot/ros2_ws/install/sllidar_ros2/share/sllidar_ros2/local_setup.dsv
[4.000s] -- Symlinking: /home/puzzlebot/ros2_ws/install/sllidar_ros2/share/sllidar_ros2/package.dsv
[4.035s] -- Up-to-date symlink: /home/puzzlebot/ros2_ws/install/sllidar_ros2/share/ament_index/resource_index/packages/sllidar_ros2
[4.036s] -- Up-to-date symlink: /home/puzzlebot/ros2_ws/install/sllidar_ros2/share/sllidar_ros2/cmake/ament_cmake_export_dependencies-extras.cmake
[4.037s] -- Up-to-date symlink: /home/puzzlebot/ros2_ws/install/sllidar_ros2/share/sllidar_ros2/cmake/ament_cmake_export_include_directories-extras.cmake
[4.038s] -- Up-to-date symlink: /home/puzzlebot/ros2_ws/install/sllidar_ros2/share/sllidar_ros2/cmake/sllidar_ros2Config.cmake
[4.039s] -- Up-to-date symlink: /home/puzzlebot/ros2_ws/install/sllidar_ros2/share/sllidar_ros2/cmake/sllidar_ros2Config-version.cmake
[4.040s] -- Up-to-date symlink: /home/puzzlebot/ros2_ws/install/sllidar_ros2/share/sllidar_ros2/package.xml
[4.046s] Invoked command in '/home/puzzlebot/ros2_ws/build/sllidar_ros2' returned '0': CMAKE_PREFIX_PATH=/home/puzzlebot/ros2_ws/install/sllidar_ros2:/home/puzzlebot/ros2_ws/install/puzzlebot_ros:/opt/ros/humble:/home/puzzlebot/ros2_packages_ws/install/ros_deep_learning:/home/puzzlebot/ros2_packages_ws/install/micro_ros_setup:/home/puzzlebot/ros2_packages_ws/install/micro_ros_agent:/home/puzzlebot/ros2_packages_ws/install/micro_ros_msgs:/home/puzzlebot/ros2_packages_ws/install/camera_info_publisher /usr/bin/cmake --install /home/puzzlebot/ros2_ws/build/sllidar_ros2
