[12.316s] DEBUG:colcon:Command line arguments: ['/usr/bin/colcon', 'build', '--symlink-install']
[12.316s] DEBUG:colcon:Parsed command line arguments: Namespace(allow_overriding=[], ament_cmake_args=None, base_paths=['.'], build_base='build', catkin_cmake_args=None, catkin_skip_building_tests=False, cmake_args=None, cmake_clean_cache=False, cmake_clean_first=False, cmake_force_configure=False, cmake_target=None, cmake_target_skip_unavailable=False, continue_on_error=False, event_handlers=None, executor='parallel', ignore_user_meta=False, install_base='install', log_base=None, log_level=None, main=<bound method BuildVerb.main of <colcon_core.verb.build.BuildVerb object at 0x7f8e0ab670>>, merge_install=False, metas=['./colcon.meta'], packages_above=None, packages_above_and_dependencies=None, packages_above_depth=None, packages_end=None, packages_ignore=None, packages_ignore_regex=None, packages_select=None, packages_select_build_failed=False, packages_select_by_dep=None, packages_select_regex=None, packages_select_test_failures=False, packages_skip=None, packages_skip_build_finished=False, packages_skip_by_dep=None, packages_skip_regex=None, packages_skip_test_passed=False, packages_skip_up_to=None, packages_start=None, packages_up_to=None, packages_up_to_regex=None, parallel_workers=4, paths=None, symlink_install=True, test_result_base=None, verb_extension=<colcon_core.verb.build.BuildVerb object at 0x7f8e0ab670>, verb_name='build', verb_parser=<colcon_defaults.argument_parser.defaults.DefaultArgumentsDecorator object at 0x7f8e0fed60>)
[12.930s] Level 1:colcon.colcon_core.package_discovery:discover_packages(colcon_meta) check parameters
[12.930s] Level 1:colcon.colcon_core.package_discovery:discover_packages(recursive) check parameters
[12.930s] Level 1:colcon.colcon_core.package_discovery:discover_packages(ignore) check parameters
[12.930s] Level 1:colcon.colcon_core.package_discovery:discover_packages(path) check parameters
[12.931s] Level 1:colcon.colcon_core.package_discovery:discover_packages(colcon_meta) discover
[12.931s] Level 1:colcon.colcon_core.package_discovery:discover_packages(recursive) discover
[12.931s] INFO:colcon.colcon_core.package_discovery:Crawling recursively for packages in '/home/puzzlebot/ros2_ws'
[12.931s] Level 1:colcon.colcon_core.package_identification:_identify(.) by extensions ['ignore', 'ignore_ament_install']
[12.932s] Level 1:colcon.colcon_core.package_identification:_identify(.) by extension 'ignore'
[12.932s] Level 1:colcon.colcon_core.package_identification:_identify(.) by extension 'ignore_ament_install'
[12.932s] Level 1:colcon.colcon_core.package_identification:_identify(.) by extensions ['colcon_pkg']
[12.933s] Level 1:colcon.colcon_core.package_identification:_identify(.) by extension 'colcon_pkg'
[12.933s] Level 1:colcon.colcon_core.package_identification:_identify(.) by extensions ['colcon_meta']
[12.933s] Level 1:colcon.colcon_core.package_identification:_identify(.) by extension 'colcon_meta'
[12.933s] Level 1:colcon.colcon_core.package_identification:_identify(.) by extensions ['ros']
[12.933s] Level 1:colcon.colcon_core.package_identification:_identify(.) by extension 'ros'
[13.000s] Level 1:colcon.colcon_core.package_identification:_identify(.) by extensions ['cmake', 'python']
[13.000s] Level 1:colcon.colcon_core.package_identification:_identify(.) by extension 'cmake'
[13.000s] Level 1:colcon.colcon_core.package_identification:_identify(.) by extension 'python'
[13.001s] Level 1:colcon.colcon_core.package_identification:_identify(.) by extensions ['python_setup_py']
[13.001s] Level 1:colcon.colcon_core.package_identification:_identify(.) by extension 'python_setup_py'
[13.001s] Level 1:colcon.colcon_core.package_identification:_identify(build) by extensions ['ignore', 'ignore_ament_install']
[13.002s] Level 1:colcon.colcon_core.package_identification:_identify(build) by extension 'ignore'
[13.002s] Level 1:colcon.colcon_core.package_identification:_identify(build) ignored
[13.003s] Level 1:colcon.colcon_core.package_identification:_identify(install) by extensions ['ignore', 'ignore_ament_install']
[13.003s] Level 1:colcon.colcon_core.package_identification:_identify(install) by extension 'ignore'
[13.003s] Level 1:colcon.colcon_core.package_identification:_identify(install) ignored
[13.003s] Level 1:colcon.colcon_core.package_identification:_identify(log) by extensions ['ignore', 'ignore_ament_install']
[13.004s] Level 1:colcon.colcon_core.package_identification:_identify(log) by extension 'ignore'
[13.004s] Level 1:colcon.colcon_core.package_identification:_identify(log) ignored
[13.004s] Level 1:colcon.colcon_core.package_identification:_identify(src) by extensions ['ignore', 'ignore_ament_install']
[13.005s] Level 1:colcon.colcon_core.package_identification:_identify(src) by extension 'ignore'
[13.005s] Level 1:colcon.colcon_core.package_identification:_identify(src) by extension 'ignore_ament_install'
[13.005s] Level 1:colcon.colcon_core.package_identification:_identify(src) by extensions ['colcon_pkg']
[13.005s] Level 1:colcon.colcon_core.package_identification:_identify(src) by extension 'colcon_pkg'
[13.006s] Level 1:colcon.colcon_core.package_identification:_identify(src) by extensions ['colcon_meta']
[13.006s] Level 1:colcon.colcon_core.package_identification:_identify(src) by extension 'colcon_meta'
[13.006s] Level 1:colcon.colcon_core.package_identification:_identify(src) by extensions ['ros']
[13.006s] Level 1:colcon.colcon_core.package_identification:_identify(src) by extension 'ros'
[13.006s] Level 1:colcon.colcon_core.package_identification:_identify(src) by extensions ['cmake', 'python']
[13.007s] Level 1:colcon.colcon_core.package_identification:_identify(src) by extension 'cmake'
[13.007s] Level 1:colcon.colcon_core.package_identification:_identify(src) by extension 'python'
[13.007s] Level 1:colcon.colcon_core.package_identification:_identify(src) by extensions ['python_setup_py']
[13.007s] Level 1:colcon.colcon_core.package_identification:_identify(src) by extension 'python_setup_py'
[13.008s] Level 1:colcon.colcon_core.package_identification:_identify(src/build) by extensions ['ignore', 'ignore_ament_install']
[13.009s] Level 1:colcon.colcon_core.package_identification:_identify(src/build) by extension 'ignore'
[13.012s] Level 1:colcon.colcon_core.package_identification:_identify(src/build) ignored
[13.013s] Level 1:colcon.colcon_core.package_identification:_identify(src/install) by extensions ['ignore', 'ignore_ament_install']
[13.013s] Level 1:colcon.colcon_core.package_identification:_identify(src/install) by extension 'ignore'
[13.013s] Level 1:colcon.colcon_core.package_identification:_identify(src/install) ignored
[13.014s] Level 1:colcon.colcon_core.package_identification:_identify(src/log) by extensions ['ignore', 'ignore_ament_install']
[13.014s] Level 1:colcon.colcon_core.package_identification:_identify(src/log) by extension 'ignore'
[13.014s] Level 1:colcon.colcon_core.package_identification:_identify(src/log) ignored
[13.015s] Level 1:colcon.colcon_core.package_identification:_identify(src/puzzlebot_ros) by extensions ['ignore', 'ignore_ament_install']
[13.016s] Level 1:colcon.colcon_core.package_identification:_identify(src/puzzlebot_ros) by extension 'ignore'
[13.016s] Level 1:colcon.colcon_core.package_identification:_identify(src/puzzlebot_ros) by extension 'ignore_ament_install'
[13.016s] Level 1:colcon.colcon_core.package_identification:_identify(src/puzzlebot_ros) by extensions ['colcon_pkg']
[13.016s] Level 1:colcon.colcon_core.package_identification:_identify(src/puzzlebot_ros) by extension 'colcon_pkg'
[13.016s] Level 1:colcon.colcon_core.package_identification:_identify(src/puzzlebot_ros) by extensions ['colcon_meta']
[13.017s] Level 1:colcon.colcon_core.package_identification:_identify(src/puzzlebot_ros) by extension 'colcon_meta'
[13.017s] Level 1:colcon.colcon_core.package_identification:_identify(src/puzzlebot_ros) by extensions ['ros']
[13.017s] Level 1:colcon.colcon_core.package_identification:_identify(src/puzzlebot_ros) by extension 'ros'
[13.029s] DEBUG:colcon.colcon_core.package_identification:Package 'src/puzzlebot_ros' with type 'ros.ament_python' and name 'puzzlebot_ros'
[13.030s] Level 1:colcon.colcon_core.package_identification:_identify(src/sllidar_ros2) by extensions ['ignore', 'ignore_ament_install']
[13.030s] Level 1:colcon.colcon_core.package_identification:_identify(src/sllidar_ros2) by extension 'ignore'
[13.031s] Level 1:colcon.colcon_core.package_identification:_identify(src/sllidar_ros2) by extension 'ignore_ament_install'
[13.031s] Level 1:colcon.colcon_core.package_identification:_identify(src/sllidar_ros2) by extensions ['colcon_pkg']
[13.031s] Level 1:colcon.colcon_core.package_identification:_identify(src/sllidar_ros2) by extension 'colcon_pkg'
[13.031s] Level 1:colcon.colcon_core.package_identification:_identify(src/sllidar_ros2) by extensions ['colcon_meta']
[13.031s] Level 1:colcon.colcon_core.package_identification:_identify(src/sllidar_ros2) by extension 'colcon_meta'
[13.032s] Level 1:colcon.colcon_core.package_identification:_identify(src/sllidar_ros2) by extensions ['ros']
[13.032s] Level 1:colcon.colcon_core.package_identification:_identify(src/sllidar_ros2) by extension 'ros'
[13.035s] DEBUG:colcon.colcon_core.package_identification:Package 'src/sllidar_ros2' with type 'ros.ament_cmake' and name 'sllidar_ros2'
[13.036s] Level 1:colcon.colcon_core.package_discovery:discover_packages(recursive) using defaults
[13.036s] Level 1:colcon.colcon_core.package_discovery:discover_packages(ignore) discover
[13.036s] Level 1:colcon.colcon_core.package_discovery:discover_packages(ignore) using defaults
[13.036s] Level 1:colcon.colcon_core.package_discovery:discover_packages(path) discover
[13.036s] Level 1:colcon.colcon_core.package_discovery:discover_packages(path) using defaults
[14.143s] Level 1:colcon.colcon_core.package_discovery:discover_packages(prefix_path) check parameters
[14.144s] Level 1:colcon.colcon_core.package_discovery:discover_packages(prefix_path) discover
[14.567s] DEBUG:colcon.colcon_installed_package_information.package_discovery:Found 1 installed packages in /home/puzzlebot/ros2_ws/install
[14.774s] DEBUG:colcon.colcon_installed_package_information.package_discovery:Found 5 installed packages in /home/puzzlebot/ros2_packages_ws/install
[14.980s] DEBUG:colcon.colcon_installed_package_information.package_discovery:Found 276 installed packages in /opt/ros/humble
[14.989s] Level 1:colcon.colcon_core.package_discovery:discover_packages(prefix_path) using defaults
[15.998s] Level 5:colcon.colcon_core.verb:set package 'puzzlebot_ros' build argument 'cmake_args' from command line to 'None'
[15.999s] Level 5:colcon.colcon_core.verb:set package 'puzzlebot_ros' build argument 'cmake_target' from command line to 'None'
[15.999s] Level 5:colcon.colcon_core.verb:set package 'puzzlebot_ros' build argument 'cmake_target_skip_unavailable' from command line to 'False'
[15.999s] Level 5:colcon.colcon_core.verb:set package 'puzzlebot_ros' build argument 'cmake_clean_cache' from command line to 'False'
[15.999s] Level 5:colcon.colcon_core.verb:set package 'puzzlebot_ros' build argument 'cmake_clean_first' from command line to 'False'
[15.999s] Level 5:colcon.colcon_core.verb:set package 'puzzlebot_ros' build argument 'cmake_force_configure' from command line to 'False'
[16.000s] Level 5:colcon.colcon_core.verb:set package 'puzzlebot_ros' build argument 'ament_cmake_args' from command line to 'None'
[16.000s] Level 5:colcon.colcon_core.verb:set package 'puzzlebot_ros' build argument 'catkin_cmake_args' from command line to 'None'
[16.000s] Level 5:colcon.colcon_core.verb:set package 'puzzlebot_ros' build argument 'catkin_skip_building_tests' from command line to 'False'
[16.000s] DEBUG:colcon.colcon_core.verb:Building package 'puzzlebot_ros' with the following arguments: {'ament_cmake_args': None, 'build_base': '/home/puzzlebot/ros2_ws/build/puzzlebot_ros', 'catkin_cmake_args': None, 'catkin_skip_building_tests': False, 'cmake_args': None, 'cmake_clean_cache': False, 'cmake_clean_first': False, 'cmake_force_configure': False, 'cmake_target': None, 'cmake_target_skip_unavailable': False, 'install_base': '/home/puzzlebot/ros2_ws/install/puzzlebot_ros', 'merge_install': False, 'path': '/home/puzzlebot/ros2_ws/src/puzzlebot_ros', 'symlink_install': True, 'test_result_base': None}
[16.202s] Level 5:colcon.colcon_core.verb:set package 'sllidar_ros2' build argument 'cmake_args' from command line to 'None'
[16.202s] Level 5:colcon.colcon_core.verb:set package 'sllidar_ros2' build argument 'cmake_target' from command line to 'None'
[16.202s] Level 5:colcon.colcon_core.verb:set package 'sllidar_ros2' build argument 'cmake_target_skip_unavailable' from command line to 'False'
[16.202s] Level 5:colcon.colcon_core.verb:set package 'sllidar_ros2' build argument 'cmake_clean_cache' from command line to 'False'
[16.202s] Level 5:colcon.colcon_core.verb:set package 'sllidar_ros2' build argument 'cmake_clean_first' from command line to 'False'
[16.203s] Level 5:colcon.colcon_core.verb:set package 'sllidar_ros2' build argument 'cmake_force_configure' from command line to 'False'
[16.203s] Level 5:colcon.colcon_core.verb:set package 'sllidar_ros2' build argument 'ament_cmake_args' from command line to 'None'
[16.203s] Level 5:colcon.colcon_core.verb:set package 'sllidar_ros2' build argument 'catkin_cmake_args' from command line to 'None'
[16.203s] Level 5:colcon.colcon_core.verb:set package 'sllidar_ros2' build argument 'catkin_skip_building_tests' from command line to 'False'
[16.203s] DEBUG:colcon.colcon_core.verb:Building package 'sllidar_ros2' with the following arguments: {'ament_cmake_args': None, 'build_base': '/home/puzzlebot/ros2_ws/build/sllidar_ros2', 'catkin_cmake_args': None, 'catkin_skip_building_tests': False, 'cmake_args': None, 'cmake_clean_cache': False, 'cmake_clean_first': False, 'cmake_force_configure': False, 'cmake_target': None, 'cmake_target_skip_unavailable': False, 'install_base': '/home/puzzlebot/ros2_ws/install/sllidar_ros2', 'merge_install': False, 'path': '/home/puzzlebot/ros2_ws/src/sllidar_ros2', 'symlink_install': True, 'test_result_base': None}
[16.402s] INFO:colcon.colcon_core.executor:Executing jobs using 'parallel' executor
[16.606s] DEBUG:colcon.colcon_parallel_executor.executor.parallel:run_until_complete
[16.607s] INFO:colcon.colcon_ros.task.ament_python.build:Building ROS package in '/home/puzzlebot/ros2_ws/src/puzzlebot_ros' with build type 'ament_python'
[16.608s] Level 1:colcon.colcon_core.shell:create_environment_hook('puzzlebot_ros', 'ament_prefix_path')
[16.869s] INFO:colcon.colcon_core.plugin_system:Skipping extension 'colcon_core.shell.bat': Not used on non-Windows systems
[16.870s] INFO:colcon.colcon_core.shell:Creating environment hook '/home/puzzlebot/ros2_ws/install/puzzlebot_ros/share/puzzlebot_ros/hook/ament_prefix_path.ps1'
[16.875s] INFO:colcon.colcon_core.shell:Creating environment descriptor '/home/puzzlebot/ros2_ws/install/puzzlebot_ros/share/puzzlebot_ros/hook/ament_prefix_path.dsv'
[16.880s] INFO:colcon.colcon_core.shell:Creating environment hook '/home/puzzlebot/ros2_ws/install/puzzlebot_ros/share/puzzlebot_ros/hook/ament_prefix_path.sh'
[17.124s] INFO:colcon.colcon_core.shell:Skip shell extension 'powershell' for command environment: Not usable outside of PowerShell
[17.124s] DEBUG:colcon.colcon_core.shell:Skip shell extension 'dsv' for command environment
[18.034s] INFO:colcon.colcon_ros.task.ament_cmake.build:Building ROS package in '/home/puzzlebot/ros2_ws/src/sllidar_ros2' with build type 'ament_cmake'
[18.035s] INFO:colcon.colcon_cmake.task.cmake.build:Building CMake package in '/home/puzzlebot/ros2_ws/src/sllidar_ros2'
[18.259s] INFO:colcon.colcon_core.shell:Skip shell extension 'powershell' for command environment: Not usable outside of PowerShell
[18.259s] DEBUG:colcon.colcon_core.shell:Skip shell extension 'dsv' for command environment
[20.437s] INFO:colcon.colcon_core.task.python.build:Building Python package in '/home/puzzlebot/ros2_ws/src/puzzlebot_ros'
[20.654s] INFO:colcon.colcon_core.shell:Skip shell extension 'powershell' for command environment: Not usable outside of PowerShell
[20.654s] DEBUG:colcon.colcon_core.shell:Skip shell extension 'dsv' for command environment
[21.552s] DEBUG:colcon.colcon_core.event_handler.log_command:Invoking command in '/home/puzzlebot/ros2_ws/build/sllidar_ros2': CMAKE_PREFIX_PATH=/home/puzzlebot/ros2_ws/install/puzzlebot_ros:/opt/ros/humble:${CMAKE_PREFIX_PATH} /usr/bin/cmake /home/puzzlebot/ros2_ws/src/sllidar_ros2 -DAMENT_CMAKE_SYMLINK_INSTALL=1 -DCMAKE_INSTALL_PREFIX=/home/puzzlebot/ros2_ws/install/sllidar_ros2
[24.565s] DEBUG:colcon.colcon_core.event_handler.log_command:Invoking command in '/home/puzzlebot/ros2_ws/build/puzzlebot_ros': PYTHONPATH=/home/puzzlebot/ros2_ws/build/puzzlebot_ros/prefix_override:/home/puzzlebot/ros2_ws/install/puzzlebot_ros/lib/python3.8/site-packages:${PYTHONPATH} /usr/bin/python3 setup.py develop --editable --build-directory /home/puzzlebot/ros2_ws/build/puzzlebot_ros/build --no-deps install_data
[27.458s] Level 1:colcon.colcon_core.shell:create_environment_hook('puzzlebot_ros', 'pythonpath_develop')
[27.460s] DEBUG:colcon.colcon_core.event_handler.log_command:Invoked command in '/home/puzzlebot/ros2_ws/build/puzzlebot_ros' returned '0': PYTHONPATH=/home/puzzlebot/ros2_ws/build/puzzlebot_ros/prefix_override:/home/puzzlebot/ros2_ws/install/puzzlebot_ros/lib/python3.8/site-packages:${PYTHONPATH} /usr/bin/python3 setup.py develop --editable --build-directory /home/puzzlebot/ros2_ws/build/puzzlebot_ros/build --no-deps install_data
[27.708s] INFO:colcon.colcon_core.shell:Creating environment hook '/home/puzzlebot/ros2_ws/build/puzzlebot_ros/share/puzzlebot_ros/hook/pythonpath_develop.ps1'
[27.716s] INFO:colcon.colcon_core.shell:Creating environment descriptor '/home/puzzlebot/ros2_ws/build/puzzlebot_ros/share/puzzlebot_ros/hook/pythonpath_develop.dsv'
[27.720s] INFO:colcon.colcon_core.shell:Creating environment hook '/home/puzzlebot/ros2_ws/build/puzzlebot_ros/share/puzzlebot_ros/hook/pythonpath_develop.sh'
[27.971s] Level 1:colcon.colcon_core.environment:checking '/home/puzzlebot/ros2_ws/install/puzzlebot_ros' for CMake module files
[27.975s] Level 1:colcon.colcon_core.environment:checking '/home/puzzlebot/ros2_ws/install/puzzlebot_ros' for CMake config files
[27.978s] Level 1:colcon.colcon_core.environment:checking '/home/puzzlebot/ros2_ws/install/puzzlebot_ros/lib'
[27.979s] Level 1:colcon.colcon_core.environment:checking '/home/puzzlebot/ros2_ws/install/puzzlebot_ros/bin'
[27.980s] Level 1:colcon.colcon_core.environment:checking '/home/puzzlebot/ros2_ws/install/puzzlebot_ros/lib/pkgconfig/puzzlebot_ros.pc'
[27.981s] Level 1:colcon.colcon_core.environment:checking '/home/puzzlebot/ros2_ws/install/puzzlebot_ros/lib/python3.8/site-packages'
[27.981s] Level 1:colcon.colcon_core.shell:create_environment_hook('puzzlebot_ros', 'pythonpath')
[28.214s] INFO:colcon.colcon_core.shell:Creating environment hook '/home/puzzlebot/ros2_ws/install/puzzlebot_ros/share/puzzlebot_ros/hook/pythonpath.ps1'
[28.216s] INFO:colcon.colcon_core.shell:Creating environment descriptor '/home/puzzlebot/ros2_ws/install/puzzlebot_ros/share/puzzlebot_ros/hook/pythonpath.dsv'
[28.217s] INFO:colcon.colcon_core.shell:Creating environment hook '/home/puzzlebot/ros2_ws/install/puzzlebot_ros/share/puzzlebot_ros/hook/pythonpath.sh'
[28.219s] Level 1:colcon.colcon_core.environment:checking '/home/puzzlebot/ros2_ws/install/puzzlebot_ros/bin'
[28.220s] Level 1:colcon.colcon_core.environment:create_environment_scripts_only(puzzlebot_ros)
[28.446s] INFO:colcon.colcon_core.shell:Creating package script '/home/puzzlebot/ros2_ws/install/puzzlebot_ros/share/puzzlebot_ros/package.ps1'
[28.452s] INFO:colcon.colcon_core.shell:Creating package descriptor '/home/puzzlebot/ros2_ws/install/puzzlebot_ros/share/puzzlebot_ros/package.dsv'
[28.458s] INFO:colcon.colcon_core.shell:Creating package script '/home/puzzlebot/ros2_ws/install/puzzlebot_ros/share/puzzlebot_ros/package.sh'
[28.465s] INFO:colcon.colcon_core.shell:Creating package script '/home/puzzlebot/ros2_ws/install/puzzlebot_ros/share/puzzlebot_ros/package.bash'
[28.472s] INFO:colcon.colcon_core.shell:Creating package script '/home/puzzlebot/ros2_ws/install/puzzlebot_ros/share/puzzlebot_ros/package.zsh'
[28.478s] Level 1:colcon.colcon_core.environment:create_file_with_runtime_dependencies(/home/puzzlebot/ros2_ws/install/puzzlebot_ros/share/colcon-core/packages/puzzlebot_ros)
[32.084s] DEBUG:colcon.colcon_core.event_handler.log_command:Invoked command in '/home/puzzlebot/ros2_ws/build/sllidar_ros2' returned '0': CMAKE_PREFIX_PATH=/home/puzzlebot/ros2_ws/install/puzzlebot_ros:/opt/ros/humble:${CMAKE_PREFIX_PATH} /usr/bin/cmake /home/puzzlebot/ros2_ws/src/sllidar_ros2 -DAMENT_CMAKE_SYMLINK_INSTALL=1 -DCMAKE_INSTALL_PREFIX=/home/puzzlebot/ros2_ws/install/sllidar_ros2
[32.095s] DEBUG:colcon.colcon_core.event_handler.log_command:Invoking command in '/home/puzzlebot/ros2_ws/build/sllidar_ros2': CMAKE_PREFIX_PATH=/home/puzzlebot/ros2_ws/install/puzzlebot_ros:/opt/ros/humble:${CMAKE_PREFIX_PATH} /usr/bin/cmake --build /home/puzzlebot/ros2_ws/build/sllidar_ros2 -- -j4 -l4
[127.605s] DEBUG:colcon.colcon_core.event_handler.log_command:Invoked command in '/home/puzzlebot/ros2_ws/build/sllidar_ros2' returned '0': CMAKE_PREFIX_PATH=/home/puzzlebot/ros2_ws/install/puzzlebot_ros:/opt/ros/humble:${CMAKE_PREFIX_PATH} /usr/bin/cmake --build /home/puzzlebot/ros2_ws/build/sllidar_ros2 -- -j4 -l4
[127.886s] DEBUG:colcon.colcon_core.event_handler.log_command:Invoking command in '/home/puzzlebot/ros2_ws/build/sllidar_ros2': CMAKE_PREFIX_PATH=/home/puzzlebot/ros2_ws/install/puzzlebot_ros:/opt/ros/humble:${CMAKE_PREFIX_PATH} /usr/bin/cmake --install /home/puzzlebot/ros2_ws/build/sllidar_ros2
[129.403s] Level 1:colcon.colcon_core.environment:create_environment_scripts_only(sllidar_ros2)
[129.408s] DEBUG:colcon.colcon_core.event_handler.log_command:Invoked command in '/home/puzzlebot/ros2_ws/build/sllidar_ros2' returned '0': CMAKE_PREFIX_PATH=/home/puzzlebot/ros2_ws/install/puzzlebot_ros:/opt/ros/humble:${CMAKE_PREFIX_PATH} /usr/bin/cmake --install /home/puzzlebot/ros2_ws/build/sllidar_ros2
[130.060s] Level 1:colcon.colcon_core.environment:checking '/home/puzzlebot/ros2_ws/install/sllidar_ros2' for CMake module files
[130.063s] Level 1:colcon.colcon_core.environment:checking '/home/puzzlebot/ros2_ws/install/sllidar_ros2' for CMake config files
[130.066s] Level 1:colcon.colcon_core.shell:create_environment_hook('sllidar_ros2', 'cmake_prefix_path')
[130.274s] INFO:colcon.colcon_core.shell:Creating environment hook '/home/puzzlebot/ros2_ws/install/sllidar_ros2/share/sllidar_ros2/hook/cmake_prefix_path.ps1'
[130.281s] INFO:colcon.colcon_core.shell:Creating environment descriptor '/home/puzzlebot/ros2_ws/install/sllidar_ros2/share/sllidar_ros2/hook/cmake_prefix_path.dsv'
[130.284s] INFO:colcon.colcon_core.shell:Creating environment hook '/home/puzzlebot/ros2_ws/install/sllidar_ros2/share/sllidar_ros2/hook/cmake_prefix_path.sh'
[130.288s] Level 1:colcon.colcon_core.environment:checking '/home/puzzlebot/ros2_ws/install/sllidar_ros2/lib'
[130.288s] Level 1:colcon.colcon_core.environment:checking '/home/puzzlebot/ros2_ws/install/sllidar_ros2/bin'
[130.289s] Level 1:colcon.colcon_core.environment:checking '/home/puzzlebot/ros2_ws/install/sllidar_ros2/lib/pkgconfig/sllidar_ros2.pc'
[130.291s] Level 1:colcon.colcon_core.environment:checking '/home/puzzlebot/ros2_ws/install/sllidar_ros2/lib/python3.8/site-packages'
[130.292s] Level 1:colcon.colcon_core.environment:checking '/home/puzzlebot/ros2_ws/install/sllidar_ros2/bin'
[130.505s] INFO:colcon.colcon_core.shell:Creating package script '/home/puzzlebot/ros2_ws/install/sllidar_ros2/share/sllidar_ros2/package.ps1'
[130.509s] INFO:colcon.colcon_core.shell:Creating package descriptor '/home/puzzlebot/ros2_ws/install/sllidar_ros2/share/sllidar_ros2/package.dsv'
[130.511s] INFO:colcon.colcon_core.shell:Creating package script '/home/puzzlebot/ros2_ws/install/sllidar_ros2/share/sllidar_ros2/package.sh'
[130.513s] INFO:colcon.colcon_core.shell:Creating package script '/home/puzzlebot/ros2_ws/install/sllidar_ros2/share/sllidar_ros2/package.bash'
[130.517s] INFO:colcon.colcon_core.shell:Creating package script '/home/puzzlebot/ros2_ws/install/sllidar_ros2/share/sllidar_ros2/package.zsh'
[130.520s] Level 1:colcon.colcon_core.environment:create_file_with_runtime_dependencies(/home/puzzlebot/ros2_ws/install/sllidar_ros2/share/colcon-core/packages/sllidar_ros2)
[130.954s] Level 1:colcon.colcon_core.environment:create_environment_scripts_only(sllidar_ros2)
[131.163s] Level 1:colcon.colcon_core.environment:checking '/home/puzzlebot/ros2_ws/install/sllidar_ros2' for CMake module files
[131.166s] Level 1:colcon.colcon_core.environment:checking '/home/puzzlebot/ros2_ws/install/sllidar_ros2' for CMake config files
[131.168s] Level 1:colcon.colcon_core.shell:create_environment_hook('sllidar_ros2', 'cmake_prefix_path')
[131.378s] INFO:colcon.colcon_core.shell:Creating environment hook '/home/puzzlebot/ros2_ws/install/sllidar_ros2/share/sllidar_ros2/hook/cmake_prefix_path.ps1'
[131.380s] INFO:colcon.colcon_core.shell:Creating environment descriptor '/home/puzzlebot/ros2_ws/install/sllidar_ros2/share/sllidar_ros2/hook/cmake_prefix_path.dsv'
[131.381s] INFO:colcon.colcon_core.shell:Creating environment hook '/home/puzzlebot/ros2_ws/install/sllidar_ros2/share/sllidar_ros2/hook/cmake_prefix_path.sh'
[131.383s] Level 1:colcon.colcon_core.environment:checking '/home/puzzlebot/ros2_ws/install/sllidar_ros2/lib'
[131.383s] Level 1:colcon.colcon_core.environment:checking '/home/puzzlebot/ros2_ws/install/sllidar_ros2/bin'
[131.384s] Level 1:colcon.colcon_core.environment:checking '/home/puzzlebot/ros2_ws/install/sllidar_ros2/lib/pkgconfig/sllidar_ros2.pc'
[131.385s] Level 1:colcon.colcon_core.environment:checking '/home/puzzlebot/ros2_ws/install/sllidar_ros2/lib/python3.8/site-packages'
[131.385s] Level 1:colcon.colcon_core.environment:checking '/home/puzzlebot/ros2_ws/install/sllidar_ros2/bin'
[131.596s] INFO:colcon.colcon_core.shell:Creating package script '/home/puzzlebot/ros2_ws/install/sllidar_ros2/share/sllidar_ros2/package.ps1'
[131.598s] INFO:colcon.colcon_core.shell:Creating package descriptor '/home/puzzlebot/ros2_ws/install/sllidar_ros2/share/sllidar_ros2/package.dsv'
[131.600s] INFO:colcon.colcon_core.shell:Creating package script '/home/puzzlebot/ros2_ws/install/sllidar_ros2/share/sllidar_ros2/package.sh'
[131.602s] INFO:colcon.colcon_core.shell:Creating package script '/home/puzzlebot/ros2_ws/install/sllidar_ros2/share/sllidar_ros2/package.bash'
[131.603s] INFO:colcon.colcon_core.shell:Creating package script '/home/puzzlebot/ros2_ws/install/sllidar_ros2/share/sllidar_ros2/package.zsh'
[131.604s] Level 1:colcon.colcon_core.environment:create_file_with_runtime_dependencies(/home/puzzlebot/ros2_ws/install/sllidar_ros2/share/colcon-core/packages/sllidar_ros2)
[131.606s] DEBUG:colcon.colcon_parallel_executor.executor.parallel:closing loop
[131.607s] DEBUG:colcon.colcon_parallel_executor.executor.parallel:loop closed
[131.609s] DEBUG:colcon.colcon_parallel_executor.executor.parallel:run_until_complete finished with '0'
[131.609s] DEBUG:colcon.colcon_core.event_reactor:joining thread
[131.953s] INFO:colcon.colcon_core.plugin_system:Skipping extension 'colcon_notification.desktop_notification.terminal_notifier': Not used on non-Darwin systems
[131.954s] INFO:colcon.colcon_core.plugin_system:Skipping extension 'colcon_notification.desktop_notification.win32': Not used on non-Windows systems
[131.954s] INFO:colcon.colcon_notification.desktop_notification:Sending desktop notification using 'notify2'
[132.230s] DEBUG:colcon.colcon_core.event_reactor:joined thread
[132.550s] INFO:colcon.colcon_core.shell:Creating prefix script '/home/puzzlebot/ros2_ws/install/local_setup.ps1'
[132.556s] INFO:colcon.colcon_core.shell:Creating prefix util module '/home/puzzlebot/ros2_ws/install/_local_setup_util_ps1.py'
[132.564s] INFO:colcon.colcon_core.shell:Creating prefix chain script '/home/puzzlebot/ros2_ws/install/setup.ps1'
[132.782s] INFO:colcon.colcon_core.shell:Creating prefix script '/home/puzzlebot/ros2_ws/install/local_setup.sh'
[132.785s] INFO:colcon.colcon_core.shell:Creating prefix util module '/home/puzzlebot/ros2_ws/install/_local_setup_util_sh.py'
[132.787s] INFO:colcon.colcon_core.shell:Creating prefix chain script '/home/puzzlebot/ros2_ws/install/setup.sh'
[133.001s] INFO:colcon.colcon_core.shell:Creating prefix script '/home/puzzlebot/ros2_ws/install/local_setup.bash'
[133.004s] INFO:colcon.colcon_core.shell:Creating prefix chain script '/home/puzzlebot/ros2_ws/install/setup.bash'
[133.215s] INFO:colcon.colcon_core.shell:Creating prefix script '/home/puzzlebot/ros2_ws/install/local_setup.zsh'
[133.219s] INFO:colcon.colcon_core.shell:Creating prefix chain script '/home/puzzlebot/ros2_ws/install/setup.zsh'
