[3.171s] Invoking command in '/home/puzzlebot/ros2_ws/src/build/sllidar_ros2': CMAKE_PREFIX_PATH=/home/puzzlebot/ros2_ws/install/sllidar_ros2:/home/puzzlebot/ros2_ws/install/puzzlebot_ros:/opt/ros/humble:/home/puzzlebot/ros2_packages_ws/install/ros_deep_learning:/home/puzzlebot/ros2_packages_ws/install/micro_ros_setup:/home/puzzlebot/ros2_packages_ws/install/micro_ros_agent:/home/puzzlebot/ros2_packages_ws/install/micro_ros_msgs:/home/puzzlebot/ros2_packages_ws/install/camera_info_publisher /usr/bin/cmake --build /home/puzzlebot/ros2_ws/src/build/sllidar_ros2 -- -j4 -l4
[3.676s] [ 10%] Built target sllidar_client
[3.678s] [100%] Built target sllidar_node
[3.720s] Invoked command in '/home/puzzlebot/ros2_ws/src/build/sllidar_ros2' returned '0': CMAKE_PREFIX_PATH=/home/puzzlebot/ros2_ws/install/sllidar_ros2:/home/puzzlebot/ros2_ws/install/puzzlebot_ros:/opt/ros/humble:/home/puzzlebot/ros2_packages_ws/install/ros_deep_learning:/home/puzzlebot/ros2_packages_ws/install/micro_ros_setup:/home/puzzlebot/ros2_packages_ws/install/micro_ros_agent:/home/puzzlebot/ros2_packages_ws/install/micro_ros_msgs:/home/puzzlebot/ros2_packages_ws/install/camera_info_publisher /usr/bin/cmake --build /home/puzzlebot/ros2_ws/src/build/sllidar_ros2 -- -j4 -l4
[3.997s] Invoking command in '/home/puzzlebot/ros2_ws/src/build/sllidar_ros2': CMAKE_PREFIX_PATH=/home/puzzlebot/ros2_ws/install/sllidar_ros2:/home/puzzlebot/ros2_ws/install/puzzlebot_ros:/opt/ros/humble:/home/puzzlebot/ros2_packages_ws/install/ros_deep_learning:/home/puzzlebot/ros2_packages_ws/install/micro_ros_setup:/home/puzzlebot/ros2_packages_ws/install/micro_ros_agent:/home/puzzlebot/ros2_packages_ws/install/micro_ros_msgs:/home/puzzlebot/ros2_packages_ws/install/camera_info_publisher /usr/bin/cmake --install /home/puzzlebot/ros2_ws/src/build/sllidar_ros2
[4.027s] -- Install configuration: ""
[4.029s] -- Execute custom install script
[4.035s] -- Up-to-date symlink: /home/puzzlebot/ros2_ws/src/install/sllidar_ros2/share/sllidar_ros2/launch/sllidar_a1_launch.py
[4.036s] -- Up-to-date symlink: /home/puzzlebot/ros2_ws/src/install/sllidar_ros2/share/sllidar_ros2/launch/sllidar_a2m12_launch .py
[4.037s] -- Up-to-date symlink: /home/puzzlebot/ros2_ws/src/install/sllidar_ros2/share/sllidar_ros2/launch/sllidar_a2m7_launch.py
[4.039s] -- Up-to-date symlink: /home/puzzlebot/ros2_ws/src/install/sllidar_ros2/share/sllidar_ros2/launch/sllidar_a2m8_launch.py
[4.040s] -- Up-to-date symlink: /home/puzzlebot/ros2_ws/src/install/sllidar_ros2/share/sllidar_ros2/launch/sllidar_a3_launch.py
[4.041s] -- Up-to-date symlink: /home/puzzlebot/ros2_ws/src/install/sllidar_ros2/share/sllidar_ros2/launch/sllidar_c1_launch.py
[4.042s] -- Up-to-date symlink: /home/puzzlebot/ros2_ws/src/install/sllidar_ros2/share/sllidar_ros2/launch/sllidar_s1_launch.py
[4.043s] -- Up-to-date symlink: /home/puzzlebot/ros2_ws/src/install/sllidar_ros2/share/sllidar_ros2/launch/sllidar_s1_tcp_launch.py
[4.044s] -- Up-to-date symlink: /home/puzzlebot/ros2_ws/src/install/sllidar_ros2/share/sllidar_ros2/launch/sllidar_s2_launch.py
[4.046s] -- Up-to-date symlink: /home/puzzlebot/ros2_ws/src/install/sllidar_ros2/share/sllidar_ros2/launch/sllidar_s2e_launch.py
[4.047s] -- Up-to-date symlink: /home/puzzlebot/ros2_ws/src/install/sllidar_ros2/share/sllidar_ros2/launch/sllidar_s3_launch.py
[4.048s] -- Up-to-date symlink: /home/puzzlebot/ros2_ws/src/install/sllidar_ros2/share/sllidar_ros2/launch/sllidar_t1_launch.py
[4.049s] -- Up-to-date symlink: /home/puzzlebot/ros2_ws/src/install/sllidar_ros2/share/sllidar_ros2/launch/view_sllidar_a1_launch.py
[4.050s] -- Up-to-date symlink: /home/puzzlebot/ros2_ws/src/install/sllidar_ros2/share/sllidar_ros2/launch/view_sllidar_a2m12_launch.py
[4.051s] -- Up-to-date symlink: /home/puzzlebot/ros2_ws/src/install/sllidar_ros2/share/sllidar_ros2/launch/view_sllidar_a2m7_launch.py
[4.052s] -- Up-to-date symlink: /home/puzzlebot/ros2_ws/src/install/sllidar_ros2/share/sllidar_ros2/launch/view_sllidar_a2m8_launch.py
[4.054s] -- Up-to-date symlink: /home/puzzlebot/ros2_ws/src/install/sllidar_ros2/share/sllidar_ros2/launch/view_sllidar_a3_launch.py
[4.055s] -- Up-to-date symlink: /home/puzzlebot/ros2_ws/src/install/sllidar_ros2/share/sllidar_ros2/launch/view_sllidar_c1_launch.py
[4.056s] -- Up-to-date symlink: /home/puzzlebot/ros2_ws/src/install/sllidar_ros2/share/sllidar_ros2/launch/view_sllidar_s1_launch.py
[4.057s] -- Up-to-date symlink: /home/puzzlebot/ros2_ws/src/install/sllidar_ros2/share/sllidar_ros2/launch/view_sllidar_s1_tcp_launch.py
[4.058s] -- Up-to-date symlink: /home/puzzlebot/ros2_ws/src/install/sllidar_ros2/share/sllidar_ros2/launch/view_sllidar_s2_launch.py
[4.059s] -- Up-to-date symlink: /home/puzzlebot/ros2_ws/src/install/sllidar_ros2/share/sllidar_ros2/launch/view_sllidar_s2e_launch.py
[4.061s] -- Up-to-date symlink: /home/puzzlebot/ros2_ws/src/install/sllidar_ros2/share/sllidar_ros2/launch/view_sllidar_s3_launch.py
[4.062s] -- Up-to-date symlink: /home/puzzlebot/ros2_ws/src/install/sllidar_ros2/share/sllidar_ros2/launch/view_sllidar_t1_launch.py
[4.064s] -- Up-to-date symlink: /home/puzzlebot/ros2_ws/src/install/sllidar_ros2/share/sllidar_ros2/rviz/sllidar_ros2.rviz
[4.067s] -- Up-to-date symlink: /home/puzzlebot/ros2_ws/src/install/sllidar_ros2/lib/sllidar_ros2/sllidar_node
[4.069s] -- Up-to-date symlink: /home/puzzlebot/ros2_ws/src/install/sllidar_ros2/lib/sllidar_ros2/sllidar_client
[4.072s] -- Up-to-date symlink: /home/puzzlebot/ros2_ws/src/install/sllidar_ros2/share/ament_index/resource_index/package_run_dependencies/sllidar_ros2
[4.074s] -- Up-to-date symlink: /home/puzzlebot/ros2_ws/src/install/sllidar_ros2/share/ament_index/resource_index/parent_prefix_path/sllidar_ros2
[4.076s] -- Up-to-date symlink: /home/puzzlebot/ros2_ws/src/install/sllidar_ros2/share/sllidar_ros2/environment/ament_prefix_path.sh
[4.077s] -- Up-to-date symlink: /home/puzzlebot/ros2_ws/src/install/sllidar_ros2/share/sllidar_ros2/environment/ament_prefix_path.dsv
[4.079s] -- Up-to-date symlink: /home/puzzlebot/ros2_ws/src/install/sllidar_ros2/share/sllidar_ros2/environment/path.sh
[4.081s] -- Up-to-date symlink: /home/puzzlebot/ros2_ws/src/install/sllidar_ros2/share/sllidar_ros2/environment/path.dsv
[4.082s] -- Up-to-date symlink: /home/puzzlebot/ros2_ws/src/install/sllidar_ros2/share/sllidar_ros2/local_setup.bash
[4.084s] -- Up-to-date symlink: /home/puzzlebot/ros2_ws/src/install/sllidar_ros2/share/sllidar_ros2/local_setup.sh
[4.085s] -- Up-to-date symlink: /home/puzzlebot/ros2_ws/src/install/sllidar_ros2/share/sllidar_ros2/local_setup.zsh
[4.087s] -- Up-to-date symlink: /home/puzzlebot/ros2_ws/src/install/sllidar_ros2/share/sllidar_ros2/local_setup.dsv
[4.088s] -- Symlinking: /home/puzzlebot/ros2_ws/src/install/sllidar_ros2/share/sllidar_ros2/package.dsv
[4.123s] -- Up-to-date symlink: /home/puzzlebot/ros2_ws/src/install/sllidar_ros2/share/ament_index/resource_index/packages/sllidar_ros2
[4.125s] -- Up-to-date symlink: /home/puzzlebot/ros2_ws/src/install/sllidar_ros2/share/sllidar_ros2/cmake/ament_cmake_export_dependencies-extras.cmake
[4.126s] -- Up-to-date symlink: /home/puzzlebot/ros2_ws/src/install/sllidar_ros2/share/sllidar_ros2/cmake/ament_cmake_export_include_directories-extras.cmake
[4.128s] -- Up-to-date symlink: /home/puzzlebot/ros2_ws/src/install/sllidar_ros2/share/sllidar_ros2/cmake/sllidar_ros2Config.cmake
[4.129s] -- Up-to-date symlink: /home/puzzlebot/ros2_ws/src/install/sllidar_ros2/share/sllidar_ros2/cmake/sllidar_ros2Config-version.cmake
[4.130s] -- Up-to-date symlink: /home/puzzlebot/ros2_ws/src/install/sllidar_ros2/share/sllidar_ros2/package.xml
[4.137s] Invoked command in '/home/puzzlebot/ros2_ws/src/build/sllidar_ros2' returned '0': CMAKE_PREFIX_PATH=/home/puzzlebot/ros2_ws/install/sllidar_ros2:/home/puzzlebot/ros2_ws/install/puzzlebot_ros:/opt/ros/humble:/home/puzzlebot/ros2_packages_ws/install/ros_deep_learning:/home/puzzlebot/ros2_packages_ws/install/micro_ros_setup:/home/puzzlebot/ros2_packages_ws/install/micro_ros_agent:/home/puzzlebot/ros2_packages_ws/install/micro_ros_msgs:/home/puzzlebot/ros2_packages_ws/install/camera_info_publisher /usr/bin/cmake --install /home/puzzlebot/ros2_ws/src/build/sllidar_ros2
