[6.367s] Invoking command in '/home/puzzlebot/ros2_ws/build/puzzlebot_ros': PYTHONPATH=/home/puzzlebot/ros2_ws/build/puzzlebot_ros/prefix_override:/home/puzzlebot/ros2_ws/install/puzzlebot_ros/lib/python3.8/site-packages:${PYTHONPATH} /usr/bin/python3 setup.py develop --editable --build-directory /home/puzzlebot/ros2_ws/build/puzzlebot_ros/build --no-deps install_data
[7.449s] running develop
[8.214s] running egg_info
[8.215s] writing puzzlebot_ros.egg-info/PKG-INFO
[8.216s] writing dependency_links to puzzlebot_ros.egg-info/dependency_links.txt
[8.217s] writing entry points to puzzlebot_ros.egg-info/entry_points.txt
[8.218s] writing requirements to puzzlebot_ros.egg-info/requires.txt
[8.218s] writing top-level names to puzzlebot_ros.egg-info/top_level.txt
[8.368s] reading manifest file 'puzzlebot_ros.egg-info/SOURCES.txt'
[8.374s] writing manifest file 'puzzlebot_ros.egg-info/SOURCES.txt'
[8.578s] running build_ext
[8.581s] Creating /home/puzzlebot/ros2_ws/install/puzzlebot_ros/lib/python3.8/site-packages/puzzlebot-ros.egg-link (link to .)
[8.585s] Installing aruco_detector script to /home/puzzlebot/ros2_ws/install/puzzlebot_ros/lib/puzzlebot_ros
[8.586s] Installing camera_compress script to /home/puzzlebot/ros2_ws/install/puzzlebot_ros/lib/puzzlebot_ros
[8.587s] Installing camera_node script to /home/puzzlebot/ros2_ws/install/puzzlebot_ros/lib/puzzlebot_ros
[8.587s] Installing cmd_vel_to_wheels script to /home/puzzlebot/ros2_ws/install/puzzlebot_ros/lib/puzzlebot_ros
[8.587s] Installing distance_control script to /home/puzzlebot/ros2_ws/install/puzzlebot_ros/lib/puzzlebot_ros
[8.590s] Installing ekf_slam script to /home/puzzlebot/ros2_ws/install/puzzlebot_ros/lib/puzzlebot_ros
[8.592s] Installing goto_point script to /home/puzzlebot/ros2_ws/install/puzzlebot_ros/lib/puzzlebot_ros
[8.593s] Installing kalman script to /home/puzzlebot/ros2_ws/install/puzzlebot_ros/lib/puzzlebot_ros
[8.594s] Installing kalman_aruco script to /home/puzzlebot/ros2_ws/install/puzzlebot_ros/lib/puzzlebot_ros
[8.595s] Installing lidar_mapper script to /home/puzzlebot/ros2_ws/install/puzzlebot_ros/lib/puzzlebot_ros
[8.596s] Installing lift_controller script to /home/puzzlebot/ros2_ws/install/puzzlebot_ros/lib/puzzlebot_ros
[8.596s] Installing navigator script to /home/puzzlebot/ros2_ws/install/puzzlebot_ros/lib/puzzlebot_ros
[8.597s] Installing puzzlebot_teleop script to /home/puzzlebot/ros2_ws/install/puzzlebot_ros/lib/puzzlebot_ros
[8.597s] Installing pwm_control script to /home/puzzlebot/ros2_ws/install/puzzlebot_ros/lib/puzzlebot_ros
[8.597s] Installing test_imu script to /home/puzzlebot/ros2_ws/install/puzzlebot_ros/lib/puzzlebot_ros
[8.598s] Installing velocity_control script to /home/puzzlebot/ros2_ws/install/puzzlebot_ros/lib/puzzlebot_ros
[8.598s] 
[8.598s] Installed /home/puzzlebot/ros2_ws/build/puzzlebot_ros
[8.599s] running install_data
[8.727s] Invoked command in '/home/puzzlebot/ros2_ws/build/puzzlebot_ros' returned '0': PYTHONPATH=/home/puzzlebot/ros2_ws/build/puzzlebot_ros/prefix_override:/home/puzzlebot/ros2_ws/install/puzzlebot_ros/lib/python3.8/site-packages:${PYTHONPATH} /usr/bin/python3 setup.py develop --editable --build-directory /home/puzzlebot/ros2_ws/build/puzzlebot_ros/build --no-deps install_data
