[0.122s] colcon DEBUG Command line arguments: ['/usr/bin/colcon', 'build', '--packages-select', 'mcl_puzzlebot']
[0.122s] colcon DEBUG Parsed command line arguments: Namespace(log_base=None, log_level=None, verb_name='build', build_base='build', install_base='install', merge_install=False, symlink_install=False, test_result_base=None, continue_on_error=False, executor='parallel', parallel_workers=16, event_handlers=None, ignore_user_meta=False, metas=['./colcon.meta'], base_paths=['.'], packages_ignore=None, packages_ignore_regex=None, paths=None, packages_up_to=None, packages_up_to_regex=None, packages_above=None, packages_above_and_dependencies=None, packages_above_depth=None, packages_select_by_dep=None, packages_skip_by_dep=None, packages_skip_up_to=None, packages_select_build_failed=False, packages_skip_build_finished=False, packages_select_test_failures=False, packages_skip_test_passed=False, packages_select=['mcl_puzzlebot'], packages_skip=None, packages_select_regex=None, packages_skip_regex=None, packages_start=None, packages_end=None, allow_overriding=[], cmake_args=None, cmake_target=None, cmake_target_skip_unavailable=False, cmake_clean_cache=False, cmake_clean_first=False, cmake_force_configure=False, ament_cmake_args=None, catkin_cmake_args=None, catkin_skip_building_tests=False, mixin_files=None, mixin=None, verb_parser=<colcon_mixin.mixin.mixin_argument.MixinArgumentDecorator object at 0x71b47e74a380>, verb_extension=<colcon_core.verb.build.BuildVerb object at 0x71b47e84b970>, main=<bound method BuildVerb.main of <colcon_core.verb.build.BuildVerb object at 0x71b47e84b970>>, mixin_verb=('build',))
[0.312s] colcon.colcon_core.package_discovery Level 1 discover_packages(colcon_meta) check parameters
[0.313s] colcon.colcon_core.package_discovery Level 1 discover_packages(recursive) check parameters
[0.313s] colcon.colcon_core.package_discovery Level 1 discover_packages(ignore) check parameters
[0.313s] colcon.colcon_core.package_discovery Level 1 discover_packages(path) check parameters
[0.313s] colcon.colcon_core.package_discovery Level 1 discover_packages(colcon_meta) discover
[0.313s] colcon.colcon_core.package_discovery Level 1 discover_packages(recursive) discover
[0.313s] colcon.colcon_core.package_discovery INFO Crawling recursively for packages in '/home/humberto/ros2_ws'
[0.313s] colcon.colcon_core.package_identification Level 1 _identify(.) by extensions ['ignore', 'ignore_ament_install']
[0.313s] colcon.colcon_core.package_identification Level 1 _identify(.) by extension 'ignore'
[0.313s] colcon.colcon_core.package_identification Level 1 _identify(.) by extension 'ignore_ament_install'
[0.313s] colcon.colcon_core.package_identification Level 1 _identify(.) by extensions ['colcon_pkg']
[0.313s] colcon.colcon_core.package_identification Level 1 _identify(.) by extension 'colcon_pkg'
[0.313s] colcon.colcon_core.package_identification Level 1 _identify(.) by extensions ['colcon_meta']
[0.313s] colcon.colcon_core.package_identification Level 1 _identify(.) by extension 'colcon_meta'
[0.313s] colcon.colcon_core.package_identification Level 1 _identify(.) by extensions ['ros']
[0.313s] colcon.colcon_core.package_identification Level 1 _identify(.) by extension 'ros'
[0.330s] colcon.colcon_core.package_identification Level 1 _identify(.) by extensions ['cmake', 'python']
[0.330s] colcon.colcon_core.package_identification Level 1 _identify(.) by extension 'cmake'
[0.330s] colcon.colcon_core.package_identification Level 1 _identify(.) by extension 'python'
[0.330s] colcon.colcon_core.package_identification Level 1 _identify(.) by extensions ['python_setup_py']
[0.330s] colcon.colcon_core.package_identification Level 1 _identify(.) by extension 'python_setup_py'
[0.330s] colcon.colcon_core.package_identification Level 1 _identify(build) by extensions ['ignore', 'ignore_ament_install']
[0.330s] colcon.colcon_core.package_identification Level 1 _identify(build) by extension 'ignore'
[0.331s] colcon.colcon_core.package_identification Level 1 _identify(build) ignored
[0.331s] colcon.colcon_core.package_identification Level 1 _identify(install) by extensions ['ignore', 'ignore_ament_install']
[0.331s] colcon.colcon_core.package_identification Level 1 _identify(install) by extension 'ignore'
[0.331s] colcon.colcon_core.package_identification Level 1 _identify(install) ignored
[0.331s] colcon.colcon_core.package_identification Level 1 _identify(log) by extensions ['ignore', 'ignore_ament_install']
[0.331s] colcon.colcon_core.package_identification Level 1 _identify(log) by extension 'ignore'
[0.331s] colcon.colcon_core.package_identification Level 1 _identify(log) ignored
[0.331s] colcon.colcon_core.package_identification Level 1 _identify(src) by extensions ['ignore', 'ignore_ament_install']
[0.331s] colcon.colcon_core.package_identification Level 1 _identify(src) by extension 'ignore'
[0.331s] colcon.colcon_core.package_identification Level 1 _identify(src) by extension 'ignore_ament_install'
[0.331s] colcon.colcon_core.package_identification Level 1 _identify(src) by extensions ['colcon_pkg']
[0.331s] colcon.colcon_core.package_identification Level 1 _identify(src) by extension 'colcon_pkg'
[0.331s] colcon.colcon_core.package_identification Level 1 _identify(src) by extensions ['colcon_meta']
[0.331s] colcon.colcon_core.package_identification Level 1 _identify(src) by extension 'colcon_meta'
[0.331s] colcon.colcon_core.package_identification Level 1 _identify(src) by extensions ['ros']
[0.331s] colcon.colcon_core.package_identification Level 1 _identify(src) by extension 'ros'
[0.331s] colcon.colcon_core.package_identification Level 1 _identify(src) by extensions ['cmake', 'python']
[0.331s] colcon.colcon_core.package_identification Level 1 _identify(src) by extension 'cmake'
[0.331s] colcon.colcon_core.package_identification Level 1 _identify(src) by extension 'python'
[0.331s] colcon.colcon_core.package_identification Level 1 _identify(src) by extensions ['python_setup_py']
[0.332s] colcon.colcon_core.package_identification Level 1 _identify(src) by extension 'python_setup_py'
[0.332s] colcon.colcon_core.package_identification Level 1 _identify(src/lpc) by extensions ['ignore', 'ignore_ament_install']
[0.332s] colcon.colcon_core.package_identification Level 1 _identify(src/lpc) by extension 'ignore'
[0.332s] colcon.colcon_core.package_identification Level 1 _identify(src/lpc) by extension 'ignore_ament_install'
[0.332s] colcon.colcon_core.package_identification Level 1 _identify(src/lpc) by extensions ['colcon_pkg']
[0.332s] colcon.colcon_core.package_identification Level 1 _identify(src/lpc) by extension 'colcon_pkg'
[0.332s] colcon.colcon_core.package_identification Level 1 _identify(src/lpc) by extensions ['colcon_meta']
[0.332s] colcon.colcon_core.package_identification Level 1 _identify(src/lpc) by extension 'colcon_meta'
[0.332s] colcon.colcon_core.package_identification Level 1 _identify(src/lpc) by extensions ['ros']
[0.332s] colcon.colcon_core.package_identification Level 1 _identify(src/lpc) by extension 'ros'
[0.334s] colcon.colcon_core.package_identification DEBUG Package 'src/lpc' with type 'ros.ament_python' and name 'lpc'
[0.334s] colcon.colcon_core.package_identification Level 1 _identify(src/mcl_puzzlebot) by extensions ['ignore', 'ignore_ament_install']
[0.334s] colcon.colcon_core.package_identification Level 1 _identify(src/mcl_puzzlebot) by extension 'ignore'
[0.334s] colcon.colcon_core.package_identification Level 1 _identify(src/mcl_puzzlebot) by extension 'ignore_ament_install'
[0.334s] colcon.colcon_core.package_identification Level 1 _identify(src/mcl_puzzlebot) by extensions ['colcon_pkg']
[0.334s] colcon.colcon_core.package_identification Level 1 _identify(src/mcl_puzzlebot) by extension 'colcon_pkg'
[0.334s] colcon.colcon_core.package_identification Level 1 _identify(src/mcl_puzzlebot) by extensions ['colcon_meta']
[0.334s] colcon.colcon_core.package_identification Level 1 _identify(src/mcl_puzzlebot) by extension 'colcon_meta'
[0.335s] colcon.colcon_core.package_identification Level 1 _identify(src/mcl_puzzlebot) by extensions ['ros']
[0.335s] colcon.colcon_core.package_identification Level 1 _identify(src/mcl_puzzlebot) by extension 'ros'
[0.336s] colcon.colcon_core.package_identification DEBUG Package 'src/mcl_puzzlebot' with type 'ros.ament_python' and name 'mcl_puzzlebot'
[0.336s] colcon.colcon_core.package_identification Level 1 _identify(src/puzzlebot_sim) by extensions ['ignore', 'ignore_ament_install']
[0.336s] colcon.colcon_core.package_identification Level 1 _identify(src/puzzlebot_sim) by extension 'ignore'
[0.336s] colcon.colcon_core.package_identification Level 1 _identify(src/puzzlebot_sim) by extension 'ignore_ament_install'
[0.336s] colcon.colcon_core.package_identification Level 1 _identify(src/puzzlebot_sim) by extensions ['colcon_pkg']
[0.336s] colcon.colcon_core.package_identification Level 1 _identify(src/puzzlebot_sim) by extension 'colcon_pkg'
[0.336s] colcon.colcon_core.package_identification Level 1 _identify(src/puzzlebot_sim) by extensions ['colcon_meta']
[0.336s] colcon.colcon_core.package_identification Level 1 _identify(src/puzzlebot_sim) by extension 'colcon_meta'
[0.336s] colcon.colcon_core.package_identification Level 1 _identify(src/puzzlebot_sim) by extensions ['ros']
[0.336s] colcon.colcon_core.package_identification Level 1 _identify(src/puzzlebot_sim) by extension 'ros'
[0.337s] colcon.colcon_core.package_identification DEBUG Package 'src/puzzlebot_sim' with type 'ros.ament_python' and name 'puzzlebot_sim'
[0.337s] colcon.colcon_core.package_discovery Level 1 discover_packages(recursive) using defaults
[0.337s] colcon.colcon_core.package_discovery Level 1 discover_packages(ignore) discover
[0.337s] colcon.colcon_core.package_discovery Level 1 discover_packages(ignore) using defaults
[0.337s] colcon.colcon_core.package_discovery Level 1 discover_packages(path) discover
[0.337s] colcon.colcon_core.package_discovery Level 1 discover_packages(path) using defaults
[0.351s] colcon.colcon_core.package_selection INFO Skipping not selected package 'lpc' in 'src/lpc'
[0.351s] colcon.colcon_core.package_selection INFO Skipping not selected package 'puzzlebot_sim' in 'src/puzzlebot_sim'
[0.351s] colcon.colcon_core.package_discovery Level 1 discover_packages(prefix_path) check parameters
[0.351s] colcon.colcon_core.package_discovery Level 1 discover_packages(prefix_path) discover
[0.353s] colcon.colcon_installed_package_information.package_discovery DEBUG Found 0 installed packages in /home/humberto/uros_ws/install
[0.353s] colcon.colcon_installed_package_information.package_discovery DEBUG Found 291 installed packages in /opt/ros/humble
[0.354s] colcon.colcon_core.package_discovery Level 1 discover_packages(prefix_path) using defaults
[0.386s] colcon.colcon_core.verb Level 5 set package 'mcl_puzzlebot' build argument 'cmake_args' from command line to 'None'
[0.387s] colcon.colcon_core.verb Level 5 set package 'mcl_puzzlebot' build argument 'cmake_target' from command line to 'None'
[0.387s] colcon.colcon_core.verb Level 5 set package 'mcl_puzzlebot' build argument 'cmake_target_skip_unavailable' from command line to 'False'
[0.387s] colcon.colcon_core.verb Level 5 set package 'mcl_puzzlebot' build argument 'cmake_clean_cache' from command line to 'False'
[0.387s] colcon.colcon_core.verb Level 5 set package 'mcl_puzzlebot' build argument 'cmake_clean_first' from command line to 'False'
[0.387s] colcon.colcon_core.verb Level 5 set package 'mcl_puzzlebot' build argument 'cmake_force_configure' from command line to 'False'
[0.387s] colcon.colcon_core.verb Level 5 set package 'mcl_puzzlebot' build argument 'ament_cmake_args' from command line to 'None'
[0.387s] colcon.colcon_core.verb Level 5 set package 'mcl_puzzlebot' build argument 'catkin_cmake_args' from command line to 'None'
[0.387s] colcon.colcon_core.verb Level 5 set package 'mcl_puzzlebot' build argument 'catkin_skip_building_tests' from command line to 'False'
[0.387s] colcon.colcon_core.verb DEBUG Building package 'mcl_puzzlebot' with the following arguments: {'ament_cmake_args': None, 'build_base': '/home/humberto/ros2_ws/build/mcl_puzzlebot', 'catkin_cmake_args': None, 'catkin_skip_building_tests': False, 'cmake_args': None, 'cmake_clean_cache': False, 'cmake_clean_first': False, 'cmake_force_configure': False, 'cmake_target': None, 'cmake_target_skip_unavailable': False, 'install_base': '/home/humberto/ros2_ws/install/mcl_puzzlebot', 'merge_install': False, 'path': '/home/humberto/ros2_ws/src/mcl_puzzlebot', 'symlink_install': False, 'test_result_base': None}
[0.387s] colcon.colcon_core.executor INFO Executing jobs using 'parallel' executor
[0.388s] colcon.colcon_parallel_executor.executor.parallel DEBUG run_until_complete
[0.388s] colcon.colcon_ros.task.ament_python.build INFO Building ROS package in '/home/humberto/ros2_ws/src/mcl_puzzlebot' with build type 'ament_python'
[0.388s] colcon.colcon_core.shell Level 1 create_environment_hook('mcl_puzzlebot', 'ament_prefix_path')
[0.390s] colcon.colcon_core.plugin_system INFO Skipping extension 'colcon_core.shell.bat': Not used on non-Windows systems
[0.390s] colcon.colcon_core.shell INFO Creating environment hook '/home/humberto/ros2_ws/install/mcl_puzzlebot/share/mcl_puzzlebot/hook/ament_prefix_path.ps1'
[0.391s] colcon.colcon_core.shell INFO Creating environment descriptor '/home/humberto/ros2_ws/install/mcl_puzzlebot/share/mcl_puzzlebot/hook/ament_prefix_path.dsv'
[0.391s] colcon.colcon_core.shell INFO Creating environment hook '/home/humberto/ros2_ws/install/mcl_puzzlebot/share/mcl_puzzlebot/hook/ament_prefix_path.sh'
[0.392s] colcon.colcon_core.shell INFO Skip shell extension 'powershell' for command environment: Not usable outside of PowerShell
[0.392s] colcon.colcon_core.shell DEBUG Skip shell extension 'dsv' for command environment
[0.622s] colcon.colcon_core.task.python.build INFO Building Python package in '/home/humberto/ros2_ws/src/mcl_puzzlebot'
[0.622s] colcon.colcon_core.shell INFO Skip shell extension 'powershell' for command environment: Not usable outside of PowerShell
[0.622s] colcon.colcon_core.shell DEBUG Skip shell extension 'dsv' for command environment
[0.953s] colcon.colcon_core.event_handler.log_command DEBUG Invoking command in '/home/humberto/ros2_ws/src/mcl_puzzlebot': PYTHONPATH=/home/humberto/ros2_ws/build/mcl_puzzlebot/prefix_override:/usr/lib/python3/dist-packages/colcon_core/task/python/colcon_distutils_commands:/home/humberto/ros2_ws/install/mcl_puzzlebot/lib/python3.10/site-packages:${PYTHONPATH} /usr/bin/python3 -W ignore:setup.py install is deprecated -W ignore:easy_install command is deprecated setup.py egg_info --egg-base ../ros2_ws/build/mcl_puzzlebot build --build-base /home/humberto/ros2_ws/build/mcl_puzzlebot/build install --record /home/humberto/ros2_ws/build/mcl_puzzlebot/install.log --single-version-externally-managed install_data
[1.213s] colcon.colcon_core.event_handler.log_command DEBUG Invoked command in '/home/humberto/ros2_ws/src/mcl_puzzlebot' returned '0': PYTHONPATH=/home/humberto/ros2_ws/build/mcl_puzzlebot/prefix_override:/usr/lib/python3/dist-packages/colcon_core/task/python/colcon_distutils_commands:/home/humberto/ros2_ws/install/mcl_puzzlebot/lib/python3.10/site-packages:${PYTHONPATH} /usr/bin/python3 -W ignore:setup.py install is deprecated -W ignore:easy_install command is deprecated setup.py egg_info --egg-base ../ros2_ws/build/mcl_puzzlebot build --build-base /home/humberto/ros2_ws/build/mcl_puzzlebot/build install --record /home/humberto/ros2_ws/build/mcl_puzzlebot/install.log --single-version-externally-managed install_data
[1.215s] colcon.colcon_core.environment Level 1 checking '/home/humberto/ros2_ws/install/mcl_puzzlebot' for CMake module files
[1.216s] colcon.colcon_core.environment Level 1 checking '/home/humberto/ros2_ws/install/mcl_puzzlebot' for CMake config files
[1.216s] colcon.colcon_core.environment Level 1 checking '/home/humberto/ros2_ws/install/mcl_puzzlebot/lib'
[1.216s] colcon.colcon_core.environment Level 1 checking '/home/humberto/ros2_ws/install/mcl_puzzlebot/bin'
[1.216s] colcon.colcon_core.environment Level 1 checking '/home/humberto/ros2_ws/install/mcl_puzzlebot/lib/pkgconfig/mcl_puzzlebot.pc'
[1.217s] colcon.colcon_core.environment Level 1 checking '/home/humberto/ros2_ws/install/mcl_puzzlebot/lib/python3.10/site-packages'
[1.217s] colcon.colcon_core.shell Level 1 create_environment_hook('mcl_puzzlebot', 'pythonpath')
[1.217s] colcon.colcon_core.shell INFO Creating environment hook '/home/humberto/ros2_ws/install/mcl_puzzlebot/share/mcl_puzzlebot/hook/pythonpath.ps1'
[1.217s] colcon.colcon_core.shell INFO Creating environment descriptor '/home/humberto/ros2_ws/install/mcl_puzzlebot/share/mcl_puzzlebot/hook/pythonpath.dsv'
[1.218s] colcon.colcon_core.shell INFO Creating environment hook '/home/humberto/ros2_ws/install/mcl_puzzlebot/share/mcl_puzzlebot/hook/pythonpath.sh'
[1.218s] colcon.colcon_core.environment Level 1 checking '/home/humberto/ros2_ws/install/mcl_puzzlebot/bin'
[1.218s] colcon.colcon_core.environment Level 1 create_environment_scripts_only(mcl_puzzlebot)
[1.218s] colcon.colcon_core.shell INFO Creating package script '/home/humberto/ros2_ws/install/mcl_puzzlebot/share/mcl_puzzlebot/package.ps1'
[1.219s] colcon.colcon_core.shell INFO Creating package descriptor '/home/humberto/ros2_ws/install/mcl_puzzlebot/share/mcl_puzzlebot/package.dsv'
[1.220s] colcon.colcon_core.shell INFO Creating package script '/home/humberto/ros2_ws/install/mcl_puzzlebot/share/mcl_puzzlebot/package.sh'
[1.220s] colcon.colcon_core.shell INFO Creating package script '/home/humberto/ros2_ws/install/mcl_puzzlebot/share/mcl_puzzlebot/package.bash'
[1.221s] colcon.colcon_core.shell INFO Creating package script '/home/humberto/ros2_ws/install/mcl_puzzlebot/share/mcl_puzzlebot/package.zsh'
[1.221s] colcon.colcon_core.environment Level 1 create_file_with_runtime_dependencies(/home/humberto/ros2_ws/install/mcl_puzzlebot/share/colcon-core/packages/mcl_puzzlebot)
[1.222s] colcon.colcon_parallel_executor.executor.parallel DEBUG closing loop
[1.222s] colcon.colcon_parallel_executor.executor.parallel DEBUG loop closed
[1.222s] colcon.colcon_parallel_executor.executor.parallel DEBUG run_until_complete finished with '0'
[1.222s] colcon.colcon_core.event_reactor DEBUG joining thread
[1.226s] colcon.colcon_core.plugin_system INFO Skipping extension 'colcon_notification.desktop_notification.terminal_notifier': Not used on non-Darwin systems
[1.226s] colcon.colcon_core.plugin_system INFO Skipping extension 'colcon_notification.desktop_notification.win32': Not used on non-Windows systems
[1.226s] colcon.colcon_notification.desktop_notification INFO Sending desktop notification using 'notify2'
[1.245s] colcon.colcon_core.event_reactor DEBUG joined thread
[1.245s] colcon.colcon_core.shell INFO Creating prefix script '/home/humberto/ros2_ws/install/local_setup.ps1'
[1.246s] colcon.colcon_core.shell INFO Creating prefix util module '/home/humberto/ros2_ws/install/_local_setup_util_ps1.py'
[1.247s] colcon.colcon_core.shell INFO Creating prefix chain script '/home/humberto/ros2_ws/install/setup.ps1'
[1.248s] colcon.colcon_core.shell INFO Creating prefix script '/home/humberto/ros2_ws/install/local_setup.sh'
[1.249s] colcon.colcon_core.shell INFO Creating prefix util module '/home/humberto/ros2_ws/install/_local_setup_util_sh.py'
[1.249s] colcon.colcon_core.shell INFO Creating prefix chain script '/home/humberto/ros2_ws/install/setup.sh'
[1.250s] colcon.colcon_core.shell INFO Creating prefix script '/home/humberto/ros2_ws/install/local_setup.bash'
[1.251s] colcon.colcon_core.shell INFO Creating prefix chain script '/home/humberto/ros2_ws/install/setup.bash'
[1.252s] colcon.colcon_core.shell INFO Creating prefix script '/home/humberto/ros2_ws/install/local_setup.zsh'
[1.252s] colcon.colcon_core.shell INFO Creating prefix chain script '/home/humberto/ros2_ws/install/setup.zsh'
