[3.286s] Invoking command in '/home/puzzlebot/ros2_ws/src/build/sllidar_ros2': CMAKE_PREFIX_PATH=/home/puzzlebot/ros2_ws/install/puzzlebot_ros:/opt/ros/humble:${CMAKE_PREFIX_PATH} /usr/bin/cmake /home/puzzlebot/ros2_ws/src/sllidar_ros2 -DAMENT_CMAKE_SYMLINK_INSTALL=1 -DCMAKE_INSTALL_PREFIX=/home/puzzlebot/ros2_ws/src/install/sllidar_ros2
[4.011s] -- The C compiler identification is GNU 8.4.0
[4.477s] -- The CXX compiler identification is GNU 8.4.0
[4.509s] -- Check for working C compiler: /usr/bin/cc
[4.772s] -- Check for working C compiler: /usr/bin/cc -- works
[4.778s] -- Detecting C compiler ABI info
[5.044s] -- Detecting C compiler ABI info - done
[5.095s] -- Detecting C compile features
[5.097s] -- Detecting C compile features - done
[5.111s] -- Check for working CXX compiler: /usr/bin/c++
[5.420s] -- Check for working CXX compiler: /usr/bin/c++ -- works
[5.425s] -- Detecting CXX compiler ABI info
[5.728s] -- Detecting CXX compiler ABI info - done
[5.781s] -- Detecting CXX compile features
[5.783s] -- Detecting CXX compile features - done
[5.802s] -- Found ament_cmake: 1.3.6 (/opt/ros/humble/share/ament_cmake/cmake)
[6.538s] -- Found Python3: /usr/bin/python3.8 (found version "3.8.10") found components: Interpreter 
[6.830s] -- Override CMake install command with custom implementation using symlinks instead of copying resources
[7.020s] -- Found rclcpp: 16.0.7 (/opt/ros/humble/share/rclcpp/cmake)
[7.332s] -- Found rosidl_generator_c: 3.1.5 (/opt/ros/humble/share/rosidl_generator_c/cmake)
[7.369s] -- Found rosidl_adapter: 3.1.5 (/opt/ros/humble/share/rosidl_adapter/cmake)
[7.429s] -- Found rosidl_generator_cpp: 3.1.5 (/opt/ros/humble/share/rosidl_generator_cpp/cmake)
[7.532s] -- Using all available rosidl_typesupport_c: rosidl_typesupport_fastrtps_c;rosidl_typesupport_introspection_c
[7.678s] -- Using all available rosidl_typesupport_cpp: rosidl_typesupport_fastrtps_cpp;rosidl_typesupport_introspection_cpp
[8.219s] -- Found rmw_implementation_cmake: 6.1.1 (/opt/ros/humble/share/rmw_implementation_cmake/cmake)
[8.237s] -- Found rmw_fastrtps_cpp: 6.2.5 (/opt/ros/humble/share/rmw_fastrtps_cpp/cmake)
[8.887s] -- Found OpenSSL: /usr/lib/aarch64-linux-gnu/libcrypto.so (found version "1.1.1f")  
[9.012s] -- Found FastRTPS: /opt/ros/humble/include  
[9.260s] -- Using RMW implementation 'rmw_fastrtps_cpp' as default
[9.324s] -- Looking for pthread.h
[9.608s] -- Looking for pthread.h - found
[9.609s] -- Performing Test CMAKE_HAVE_LIBC_PTHREAD
[9.870s] -- Performing Test CMAKE_HAVE_LIBC_PTHREAD - Failed
[9.870s] -- Looking for pthread_create in pthreads
[10.237s] -- Looking for pthread_create in pthreads - not found
[10.238s] -- Looking for pthread_create in pthread
[10.490s] -- Looking for pthread_create in pthread - found
[10.494s] -- Found Threads: TRUE  
[11.515s] -- Found sensor_msgs: 4.2.3 (/opt/ros/humble/share/sensor_msgs/cmake)
[12.304s] -- Found std_srvs: 4.2.3 (/opt/ros/humble/share/std_srvs/cmake)
[12.738s] -- Configuring done
[12.832s] -- Generating done
[12.839s] -- Build files have been written to: /home/puzzlebot/ros2_ws/src/build/sllidar_ros2
[12.872s] Invoked command in '/home/puzzlebot/ros2_ws/src/build/sllidar_ros2' returned '0': CMAKE_PREFIX_PATH=/home/puzzlebot/ros2_ws/install/puzzlebot_ros:/opt/ros/humble:${CMAKE_PREFIX_PATH} /usr/bin/cmake /home/puzzlebot/ros2_ws/src/sllidar_ros2 -DAMENT_CMAKE_SYMLINK_INSTALL=1 -DCMAKE_INSTALL_PREFIX=/home/puzzlebot/ros2_ws/src/install/sllidar_ros2
[12.882s] Invoking command in '/home/puzzlebot/ros2_ws/src/build/sllidar_ros2': CMAKE_PREFIX_PATH=/home/puzzlebot/ros2_ws/install/puzzlebot_ros:/opt/ros/humble:${CMAKE_PREFIX_PATH} /usr/bin/cmake --build /home/puzzlebot/ros2_ws/src/build/sllidar_ros2 -- -j4 -l4
[13.043s] [35m[1mScanning dependencies of target sllidar_client[0m
[13.045s] [35m[1mScanning dependencies of target sllidar_node[0m
[13.485s] [  5%] [32mBuilding CXX object CMakeFiles/sllidar_node.dir/src/sllidar_node.cpp.o[0m
[13.494s] [ 10%] [32mBuilding CXX object CMakeFiles/sllidar_node.dir/sdk/src/arch/linux/net_serial.cpp.o[0m
[13.497s] [ 15%] [32mBuilding CXX object CMakeFiles/sllidar_client.dir/src/sllidar_client.cpp.o[0m
[13.501s] [ 20%] [32mBuilding CXX object CMakeFiles/sllidar_node.dir/sdk/src/arch/linux/net_socket.cpp.o[0m
[15.071s] [01m[K/home/puzzlebot/ros2_ws/src/sllidar_ros2/sdk/src/arch/linux/net_serial.cpp:[m[K In member function ‘[01m[Kbool rp::arch::net::raw_serial::open(const char*, uint32_t, uint32_t)[m[K’:
[15.072s] [01m[K/home/puzzlebot/ros2_ws/src/sllidar_ros2/sdk/src/arch/linux/net_serial.cpp:97:74:[m[K [01;35m[Kwarning: [m[Kunused parameter ‘[01m[Kflags[m[K’ [[01;35m[K-Wunused-parameter[m[K]
[15.072s]  bool raw_serial::open(const char * portname, uint32_t baudrate, [01;35m[Kuint32_t flags[m[K)
[15.073s]                                                                  [01;35m[K~~~~~~~~~^~~~~[m[K
[15.075s] [01m[K/home/puzzlebot/ros2_ws/src/sllidar_ros2/sdk/src/arch/linux/net_serial.cpp:[m[K In member function ‘[01m[Kvirtual void rp::arch::net::raw_serial::flush(_u32)[m[K’:
[15.075s] [01m[K/home/puzzlebot/ros2_ws/src/sllidar_ros2/sdk/src/arch/linux/net_serial.cpp:281:30:[m[K [01;35m[Kwarning: [m[Kunused parameter ‘[01m[Kflags[m[K’ [[01;35m[K-Wunused-parameter[m[K]
[15.076s]  void raw_serial::flush( [01;35m[K_u32 flags[m[K)
[15.076s]                          [01;35m[K~~~~~^~~~~[m[K
[15.077s] [01m[K/home/puzzlebot/ros2_ws/src/sllidar_ros2/sdk/src/arch/linux/net_serial.cpp:[m[K In member function ‘[01m[Kvirtual int rp::arch::net::raw_serial::waitforsent(_u32, size_t*)[m[K’:
[15.078s] [01m[K/home/puzzlebot/ros2_ws/src/sllidar_ros2/sdk/src/arch/linux/net_serial.cpp:286:34:[m[K [01;35m[Kwarning: [m[Kunused parameter ‘[01m[Ktimeout[m[K’ [[01;35m[K-Wunused-parameter[m[K]
[15.078s]  int raw_serial::waitforsent([01;35m[K_u32 timeout[m[K, size_t * returned_size)
[15.079s]                              [01;35m[K~~~~~^~~~~~~[m[K
[15.080s] [01m[K/home/puzzlebot/ros2_ws/src/sllidar_ros2/sdk/src/arch/linux/net_serial.cpp:[m[K In member function ‘[01m[Kvirtual int rp::arch::net::raw_serial::waitforrecv(_u32, size_t*)[m[K’:
[15.080s] [01m[K/home/puzzlebot/ros2_ws/src/sllidar_ros2/sdk/src/arch/linux/net_serial.cpp:292:34:[m[K [01;35m[Kwarning: [m[Kunused parameter ‘[01m[Ktimeout[m[K’ [[01;35m[K-Wunused-parameter[m[K]
[15.081s]  int raw_serial::waitforrecv([01;35m[K_u32 timeout[m[K, size_t * returned_size)
[15.089s]                              [01;35m[K~~~~~^~~~~~~[m[K
[15.090s] [01m[K/home/puzzlebot/ros2_ws/src/sllidar_ros2/sdk/src/arch/linux/net_serial.cpp:[m[K In member function ‘[01m[Kvirtual void rp::arch::net::raw_serial::cancelOperation()[m[K’:
[15.090s] [01m[K/home/puzzlebot/ros2_ws/src/sllidar_ros2/sdk/src/arch/linux/net_serial.cpp:427:5:[m[K [01;35m[Kwarning: [m[Kvalue computed is not used [[01;35m[K-Wunused-value[m[K]
[15.091s]      [01;35m[K(int)::write(_selfpipe[1], "x", 1)[m[K;
[15.091s]      [01;35m[K^~~~~~~~~~~~~~~~~~~~~~~~~~~~~~~~~~[m[K
[15.186s] In file included from [01m[K/home/puzzlebot/ros2_ws/src/sllidar_ros2/./sdk/include/rplidar_protocol.h:36[m[K,
[15.187s]                  from [01m[K/home/puzzlebot/ros2_ws/src/sllidar_ros2/./sdk/include/rplidar.h:39[m[K,
[15.187s]                  from [01m[K/home/puzzlebot/ros2_ws/src/sllidar_ros2/./sdk/src/sdkcommon.h:49[m[K,
[15.188s]                  from [01m[K/home/puzzlebot/ros2_ws/src/sllidar_ros2/sdk/src/arch/linux/net_socket.cpp:10[m[K:
[15.188s] [01m[K/home/puzzlebot/ros2_ws/src/sllidar_ros2/./sdk/include/sl_lidar_protocol.h:66:17:[m[K [01;35m[Kwarning: [m[KISO C++ forbids zero-size array ‘[01m[Kdata[m[K’ [[01;35m[K-Wpedantic[m[K]
[15.189s]      sl_u8 data[0[01;35m[K][m[K;
[15.189s]                  [01;35m[K^[m[K
[15.195s] In file included from [01m[K/home/puzzlebot/ros2_ws/src/sllidar_ros2/./sdk/include/rplidar_cmd.h:36[m[K,
[15.195s]                  from [01m[K/home/puzzlebot/ros2_ws/src/sllidar_ros2/./sdk/include/rplidar.h:40[m[K,
[15.196s]                  from [01m[K/home/puzzlebot/ros2_ws/src/sllidar_ros2/./sdk/src/sdkcommon.h:49[m[K,
[15.196s]                  from [01m[K/home/puzzlebot/ros2_ws/src/sllidar_ros2/sdk/src/arch/linux/net_socket.cpp:10[m[K:
[15.197s] [01m[K/home/puzzlebot/ros2_ws/src/sllidar_ros2/./sdk/include/sl_lidar_cmd.h:324:21:[m[K [01;35m[Kwarning: [m[KISO C++ forbids zero-size array ‘[01m[Kpayload[m[K’ [[01;35m[K-Wpedantic[m[K]
[15.197s]      sl_u8  payload[0[01;35m[K][m[K;
[15.198s]                      [01;35m[K^[m[K
[15.482s] In file included from [01m[K/home/puzzlebot/ros2_ws/src/sllidar_ros2/./sdk/src/arch/linux/arch_linux.h:42[m[K,
[15.483s]                  from [01m[K/home/puzzlebot/ros2_ws/src/sllidar_ros2/./sdk/src/sdkcommon.h:41[m[K,
[15.484s]                  from [01m[K/home/puzzlebot/ros2_ws/src/sllidar_ros2/sdk/src/arch/linux/net_socket.cpp:10[m[K:
[15.484s] [01m[K/home/puzzlebot/ros2_ws/src/sllidar_ros2/sdk/src/arch/linux/net_socket.cpp:[m[K In member function ‘[01m[Kvirtual u_result rp::arch::net::DGramSocketImpl::sendTo(const rp::net::SocketAddress*, const void*, size_t)[m[K’:
[15.485s] [01m[K/home/puzzlebot/ros2_ws/src/sllidar_ros2/sdk/src/arch/linux/net_socket.cpp:733:24:[m[K [01;35m[Kwarning: [m[Kcomparison of integer expressions of different signedness: ‘[01m[Kint[m[K’ and ‘[01m[Ksize_t[m[K’ {aka ‘[01m[Klong unsigned int[m[K’} [[01;35m[K-Wsign-compare[m[K]
[15.485s]              assert([01;35m[Kans == len[m[K);
[15.486s]                     [01;35m[K~~~~^~~~~~[m[K
[15.575s] [ 25%] [32mBuilding CXX object CMakeFiles/sllidar_node.dir/sdk/src/arch/linux/timer.cpp.o[0m
[16.212s] [ 30%] [32mBuilding CXX object CMakeFiles/sllidar_node.dir/sdk/src/dataunpacker/dataunpacker.cpp.o[0m
[17.437s] [ 35%] [32mBuilding CXX object CMakeFiles/sllidar_node.dir/sdk/src/dataunpacker/unpacker/handler_capsules.cpp.o[0m
[17.830s] In file included from [01m[K/home/puzzlebot/ros2_ws/src/sllidar_ros2/./sdk/include/rplidar_protocol.h:36[m[K,
[17.831s]                  from [01m[K/home/puzzlebot/ros2_ws/src/sllidar_ros2/./sdk/include/rplidar.h:39[m[K,
[17.831s]                  from [01m[K/home/puzzlebot/ros2_ws/src/sllidar_ros2/./sdk/src/sdkcommon.h:49[m[K,
[17.832s]                  from [01m[K/home/puzzlebot/ros2_ws/src/sllidar_ros2/sdk/src/dataunpacker/dataunnpacker_commondef.h:41[m[K,
[17.832s]                  from [01m[K/home/puzzlebot/ros2_ws/src/sllidar_ros2/sdk/src/dataunpacker/dataunpacker.cpp:39[m[K:
[17.833s] [01m[K/home/puzzlebot/ros2_ws/src/sllidar_ros2/./sdk/include/sl_lidar_protocol.h:66:17:[m[K [01;35m[Kwarning: [m[KISO C++ forbids zero-size array ‘[01m[Kdata[m[K’ [[01;35m[K-Wpedantic[m[K]
[17.833s]      sl_u8 data[0[01;35m[K][m[K;
[17.834s]                  [01;35m[K^[m[K
[17.834s] In file included from [01m[K/home/puzzlebot/ros2_ws/src/sllidar_ros2/./sdk/include/rplidar_cmd.h:36[m[K,
[17.835s]                  from [01m[K/home/puzzlebot/ros2_ws/src/sllidar_ros2/./sdk/include/rplidar.h:40[m[K,
[17.835s]                  from [01m[K/home/puzzlebot/ros2_ws/src/sllidar_ros2/./sdk/src/sdkcommon.h:49[m[K,
[17.836s]                  from [01m[K/home/puzzlebot/ros2_ws/src/sllidar_ros2/sdk/src/dataunpacker/dataunnpacker_commondef.h:41[m[K,
[17.836s]                  from [01m[K/home/puzzlebot/ros2_ws/src/sllidar_ros2/sdk/src/dataunpacker/dataunpacker.cpp:39[m[K:
[17.838s] [01m[K/home/puzzlebot/ros2_ws/src/sllidar_ros2/./sdk/include/sl_lidar_cmd.h:324:21:[m[K [01;35m[Kwarning: [m[KISO C++ forbids zero-size array ‘[01m[Kpayload[m[K’ [[01;35m[K-Wpedantic[m[K]
[17.838s]      sl_u8  payload[0[01;35m[K][m[K;
[17.839s]                      [01;35m[K^[m[K
[18.297s] In file included from [01m[K/home/puzzlebot/ros2_ws/src/sllidar_ros2/sdk/src/dataunpacker/dataunpacker.cpp:40[m[K:
[18.298s] [01m[K/home/puzzlebot/ros2_ws/src/sllidar_ros2/sdk/src/dataunpacker/dataunpacker.h:[m[K In member function ‘[01m[Kvirtual void sl::internal::LIDARSampleDataListener::onCustomSampleDataDecoded(_u8, _u32, const void*, size_t)[m[K’:
[18.298s] [01m[K/home/puzzlebot/ros2_ws/src/sllidar_ros2/sdk/src/dataunpacker/dataunpacker.h:54:45:[m[K [01;35m[Kwarning: [m[Kunused parameter ‘[01m[KansType[m[K’ [[01;35m[K-Wunused-parameter[m[K]
[18.299s]   virtual void onCustomSampleDataDecoded([01;35m[K_u8 ansType[m[K, _u32 customCode, const void* data, size_t size) {}
[18.299s]                                          [01;35m[K~~~~^~~~~~~[m[K
[18.300s] [01m[K/home/puzzlebot/ros2_ws/src/sllidar_ros2/sdk/src/dataunpacker/dataunpacker.h:54:59:[m[K [01;35m[Kwarning: [m[Kunused parameter ‘[01m[KcustomCode[m[K’ [[01;35m[K-Wunused-parameter[m[K]
[18.301s]   virtual void onCustomSampleDataDecoded(_u8 ansType, [01;35m[K_u32 customCode[m[K, const void* data, size_t size) {}
[18.302s]                                                       [01;35m[K~~~~~^~~~~~~~~~[m[K
[18.303s] [01m[K/home/puzzlebot/ros2_ws/src/sllidar_ros2/sdk/src/dataunpacker/dataunpacker.h:54:83:[m[K [01;35m[Kwarning: [m[Kunused parameter ‘[01m[Kdata[m[K’ [[01;35m[K-Wunused-parameter[m[K]
[18.304s]   virtual void onCustomSampleDataDecoded(_u8 ansType, _u32 customCode, [01;35m[Kconst void* data[m[K, size_t size) {}
[18.305s]                                                                        [01;35m[K~~~~~~~~~~~~^~~~[m[K
[18.305s] [01m[K/home/puzzlebot/ros2_ws/src/sllidar_ros2/sdk/src/dataunpacker/dataunpacker.h:54:96:[m[K [01;35m[Kwarning: [m[Kunused parameter ‘[01m[Ksize[m[K’ [[01;35m[K-Wunused-parameter[m[K]
[18.306s]   virtual void onCustomSampleDataDecoded(_u8 ansType, _u32 customCode, const void* data, [01;35m[Ksize_t size[m[K) {}
[18.307s]                                                                                          [01;35m[K~~~~~~~^~~~[m[K
[18.308s] [01m[K/home/puzzlebot/ros2_ws/src/sllidar_ros2/sdk/src/dataunpacker/dataunpacker.h:[m[K In member function ‘[01m[Kvirtual void sl::internal::LIDARSampleDataListener::onDecodingError(int, _u8, const void*, size_t)[m[K’:
[18.309s] [01m[K/home/puzzlebot/ros2_ws/src/sllidar_ros2/sdk/src/dataunpacker/dataunpacker.h:56:35:[m[K [01;35m[Kwarning: [m[Kunused parameter ‘[01m[KerrMsg[m[K’ [[01;35m[K-Wunused-parameter[m[K]
[18.310s]   virtual void onDecodingError([01;35m[Kint errMsg[m[K, _u8 ansType, const void* payload, size_t size) {}
[18.311s]                                [01;35m[K~~~~^~~~~~[m[K
[18.311s] [01m[K/home/puzzlebot/ros2_ws/src/sllidar_ros2/sdk/src/dataunpacker/dataunpacker.h:56:47:[m[K [01;35m[Kwarning: [m[Kunused parameter ‘[01m[KansType[m[K’ [[01;35m[K-Wunused-parameter[m[K]
[18.312s]   virtual void onDecodingError(int errMsg, [01;35m[K_u8 ansType[m[K, const void* payload, size_t size) {}
[18.326s]                                            [01;35m[K~~~~^~~~~~~[m[K
[18.326s] [01m[K/home/puzzlebot/ros2_ws/src/sllidar_ros2/sdk/src/dataunpacker/dataunpacker.h:56:68:[m[K [01;35m[Kwarning: [m[Kunused parameter ‘[01m[Kpayload[m[K’ [[01;35m[K-Wunused-parameter[m[K]
[18.327s]   virtual void onDecodingError(int errMsg, _u8 ansType, [01;35m[Kconst void* payload[m[K, size_t size) {}
[18.327s]                                                         [01;35m[K~~~~~~~~~~~~^~~~~~~[m[K
[18.328s] [01m[K/home/puzzlebot/ros2_ws/src/sllidar_ros2/sdk/src/dataunpacker/dataunpacker.h:56:84:[m[K [01;35m[Kwarning: [m[Kunused parameter ‘[01m[Ksize[m[K’ [[01;35m[K-Wunused-parameter[m[K]
[18.328s]   virtual void onDecodingError(int errMsg, _u8 ansType, const void* payload, [01;35m[Ksize_t size[m[K) {}
[18.329s]                                                                              [01;35m[K~~~~~~~^~~~[m[K
[19.232s] In file included from [01m[K/home/puzzlebot/ros2_ws/src/sllidar_ros2/./sdk/include/rplidar_protocol.h:36[m[K,
[19.233s]                  from [01m[K/home/puzzlebot/ros2_ws/src/sllidar_ros2/./sdk/include/rplidar.h:39[m[K,
[19.234s]                  from [01m[K/home/puzzlebot/ros2_ws/src/sllidar_ros2/./sdk/src/sdkcommon.h:49[m[K,
[19.235s]                  from [01m[K/home/puzzlebot/ros2_ws/src/sllidar_ros2/sdk/src/dataunpacker/unpacker/../dataunnpacker_commondef.h:41[m[K,
[19.235s]                  from [01m[K/home/puzzlebot/ros2_ws/src/sllidar_ros2/sdk/src/dataunpacker/unpacker/handler_capsules.cpp:39[m[K:
[19.236s] [01m[K/home/puzzlebot/ros2_ws/src/sllidar_ros2/./sdk/include/sl_lidar_protocol.h:66:17:[m[K [01;35m[Kwarning: [m[KISO C++ forbids zero-size array ‘[01m[Kdata[m[K’ [[01;35m[K-Wpedantic[m[K]
[19.237s]      sl_u8 data[0[01;35m[K][m[K;
[19.238s]                  [01;35m[K^[m[K
[19.244s] In file included from [01m[K/home/puzzlebot/ros2_ws/src/sllidar_ros2/./sdk/include/rplidar_cmd.h:36[m[K,
[19.244s]                  from [01m[K/home/puzzlebot/ros2_ws/src/sllidar_ros2/./sdk/include/rplidar.h:40[m[K,
[19.245s]                  from [01m[K/home/puzzlebot/ros2_ws/src/sllidar_ros2/./sdk/src/sdkcommon.h:49[m[K,
[19.246s]                  from [01m[K/home/puzzlebot/ros2_ws/src/sllidar_ros2/sdk/src/dataunpacker/unpacker/../dataunnpacker_commondef.h:41[m[K,
[19.247s]                  from [01m[K/home/puzzlebot/ros2_ws/src/sllidar_ros2/sdk/src/dataunpacker/unpacker/handler_capsules.cpp:39[m[K:
[19.248s] [01m[K/home/puzzlebot/ros2_ws/src/sllidar_ros2/./sdk/include/sl_lidar_cmd.h:324:21:[m[K [01;35m[Kwarning: [m[KISO C++ forbids zero-size array ‘[01m[Kpayload[m[K’ [[01;35m[K-Wpedantic[m[K]
[19.249s]      sl_u8  payload[0[01;35m[K][m[K;
[19.250s]                      [01;35m[K^[m[K
[19.492s] [ 40%] [32mBuilding CXX object CMakeFiles/sllidar_node.dir/sdk/src/dataunpacker/unpacker/handler_hqnode.cpp.o[0m
[19.692s] In file included from [01m[K/home/puzzlebot/ros2_ws/src/sllidar_ros2/sdk/src/dataunpacker/unpacker/handler_capsules.cpp:40[m[K:
[19.693s] [01m[K/home/puzzlebot/ros2_ws/src/sllidar_ros2/sdk/src/dataunpacker/unpacker/../dataunpacker.h:[m[K In member function ‘[01m[Kvirtual void sl::internal::LIDARSampleDataListener::onCustomSampleDataDecoded(_u8, _u32, const void*, size_t)[m[K’:
[19.694s] [01m[K/home/puzzlebot/ros2_ws/src/sllidar_ros2/sdk/src/dataunpacker/unpacker/../dataunpacker.h:54:45:[m[K [01;35m[Kwarning: [m[Kunused parameter ‘[01m[KansType[m[K’ [[01;35m[K-Wunused-parameter[m[K]
[19.694s]   virtual void onCustomSampleDataDecoded([01;35m[K_u8 ansType[m[K, _u32 customCode, const void* data, size_t size) {}
[19.695s]                                          [01;35m[K~~~~^~~~~~~[m[K
[19.696s] [01m[K/home/puzzlebot/ros2_ws/src/sllidar_ros2/sdk/src/dataunpacker/unpacker/../dataunpacker.h:54:59:[m[K [01;35m[Kwarning: [m[Kunused parameter ‘[01m[KcustomCode[m[K’ [[01;35m[K-Wunused-parameter[m[K]
[19.696s]   virtual void onCustomSampleDataDecoded(_u8 ansType, [01;35m[K_u32 customCode[m[K, const void* data, size_t size) {}
[19.697s]                                                       [01;35m[K~~~~~^~~~~~~~~~[m[K
[19.698s] [01m[K/home/puzzlebot/ros2_ws/src/sllidar_ros2/sdk/src/dataunpacker/unpacker/../dataunpacker.h:54:83:[m[K [01;35m[Kwarning: [m[Kunused parameter ‘[01m[Kdata[m[K’ [[01;35m[K-Wunused-parameter[m[K]
[19.698s]   virtual void onCustomSampleDataDecoded(_u8 ansType, _u32 customCode, [01;35m[Kconst void* data[m[K, size_t size) {}
[19.699s]                                                                        [01;35m[K~~~~~~~~~~~~^~~~[m[K
[19.699s] [01m[K/home/puzzlebot/ros2_ws/src/sllidar_ros2/sdk/src/dataunpacker/unpacker/../dataunpacker.h:54:96:[m[K [01;35m[Kwarning: [m[Kunused parameter ‘[01m[Ksize[m[K’ [[01;35m[K-Wunused-parameter[m[K]
[19.700s]   virtual void onCustomSampleDataDecoded(_u8 ansType, _u32 customCode, const void* data, [01;35m[Ksize_t size[m[K) {}
[19.700s]                                                                                          [01;35m[K~~~~~~~^~~~[m[K
[19.701s] [01m[K/home/puzzlebot/ros2_ws/src/sllidar_ros2/sdk/src/dataunpacker/unpacker/../dataunpacker.h:[m[K In member function ‘[01m[Kvirtual void sl::internal::LIDARSampleDataListener::onDecodingError(int, _u8, const void*, size_t)[m[K’:
[19.701s] [01m[K/home/puzzlebot/ros2_ws/src/sllidar_ros2/sdk/src/dataunpacker/unpacker/../dataunpacker.h:56:35:[m[K [01;35m[Kwarning: [m[Kunused parameter ‘[01m[KerrMsg[m[K’ [[01;35m[K-Wunused-parameter[m[K]
[19.702s]   virtual void onDecodingError([01;35m[Kint errMsg[m[K, _u8 ansType, const void* payload, size_t size) {}
[19.702s]                                [01;35m[K~~~~^~~~~~[m[K
[19.706s] [01m[K/home/puzzlebot/ros2_ws/src/sllidar_ros2/sdk/src/dataunpacker/unpacker/../dataunpacker.h:56:47:[m[K [01;35m[Kwarning: [m[Kunused parameter ‘[01m[KansType[m[K’ [[01;35m[K-Wunused-parameter[m[K]
[19.707s]   virtual void onDecodingError(int errMsg, [01;35m[K_u8 ansType[m[K, const void* payload, size_t size) {}
[19.708s]                                            [01;35m[K~~~~^~~~~~~[m[K
[19.708s] [01m[K/home/puzzlebot/ros2_ws/src/sllidar_ros2/sdk/src/dataunpacker/unpacker/../dataunpacker.h:56:68:[m[K [01;35m[Kwarning: [m[Kunused parameter ‘[01m[Kpayload[m[K’ [[01;35m[K-Wunused-parameter[m[K]
[19.709s]   virtual void onDecodingError(int errMsg, _u8 ansType, [01;35m[Kconst void* payload[m[K, size_t size) {}
[19.711s]                                                         [01;35m[K~~~~~~~~~~~~^~~~~~~[m[K
[19.712s] [01m[K/home/puzzlebot/ros2_ws/src/sllidar_ros2/sdk/src/dataunpacker/unpacker/../dataunpacker.h:56:84:[m[K [01;35m[Kwarning: [m[Kunused parameter ‘[01m[Ksize[m[K’ [[01;35m[K-Wunused-parameter[m[K]
[19.712s]   virtual void onDecodingError(int errMsg, _u8 ansType, const void* payload, [01;35m[Ksize_t size[m[K) {}
[19.713s]                                                                              [01;35m[K~~~~~~~^~~~[m[K
[19.731s] [01m[K/home/puzzlebot/ros2_ws/src/sllidar_ros2/sdk/src/dataunpacker/unpacker/handler_capsules.cpp:[m[K In member function ‘[01m[Kvoid sl::internal::unpacker::UnpackerHandler_DenseCapsuleNode::_onScanNodeDenseCapsuleData(rplidar_response_dense_capsule_measurement_nodes_t&, sl::internal::LIDARSampleDataUnpackerInner*)[m[K’:
[19.732s] [01m[K/home/puzzlebot/ros2_ws/src/sllidar_ros2/sdk/src/dataunpacker/unpacker/handler_capsules.cpp:763:108:[m[K [01;35m[Kwarning: [m[Ktype qualifiers ignored on cast result type [[01;35m[K-Wignored-qualifiers[m[K]
[19.733s]              const int dist = static_cast<const int>(_cached_previous_dense_capsuledata.cabins[pos].distance[01;35m[K)[m[K;
[19.733s]                                                                                                             [01;35m[K^[m[K
[20.515s] [ 45%] [32mBuilding CXX object CMakeFiles/sllidar_node.dir/sdk/src/dataunpacker/unpacker/handler_normalnode.cpp.o[0m
[21.299s] In file included from [01m[K/home/puzzlebot/ros2_ws/src/sllidar_ros2/./sdk/include/rplidar_protocol.h:36[m[K,
[21.300s]                  from [01m[K/home/puzzlebot/ros2_ws/src/sllidar_ros2/./sdk/include/rplidar.h:39[m[K,
[21.301s]                  from [01m[K/home/puzzlebot/ros2_ws/src/sllidar_ros2/./sdk/src/sdkcommon.h:49[m[K,
[21.302s]                  from [01m[K/home/puzzlebot/ros2_ws/src/sllidar_ros2/sdk/src/dataunpacker/unpacker/../dataunnpacker_commondef.h:41[m[K,
[21.303s]                  from [01m[K/home/puzzlebot/ros2_ws/src/sllidar_ros2/sdk/src/dataunpacker/unpacker/handler_hqnode.cpp:39[m[K:
[21.304s] [01m[K/home/puzzlebot/ros2_ws/src/sllidar_ros2/./sdk/include/sl_lidar_protocol.h:66:17:[m[K [01;35m[Kwarning: [m[KISO C++ forbids zero-size array ‘[01m[Kdata[m[K’ [[01;35m[K-Wpedantic[m[K]
[21.305s]      sl_u8 data[0[01;35m[K][m[K;
[21.305s]                  [01;35m[K^[m[K
[21.311s] In file included from [01m[K/home/puzzlebot/ros2_ws/src/sllidar_ros2/./sdk/include/rplidar_cmd.h:36[m[K,
[21.312s]                  from [01m[K/home/puzzlebot/ros2_ws/src/sllidar_ros2/./sdk/include/rplidar.h:40[m[K,
[21.313s]                  from [01m[K/home/puzzlebot/ros2_ws/src/sllidar_ros2/./sdk/src/sdkcommon.h:49[m[K,
[21.314s]                  from [01m[K/home/puzzlebot/ros2_ws/src/sllidar_ros2/sdk/src/dataunpacker/unpacker/../dataunnpacker_commondef.h:41[m[K,
[21.315s]                  from [01m[K/home/puzzlebot/ros2_ws/src/sllidar_ros2/sdk/src/dataunpacker/unpacker/handler_hqnode.cpp:39[m[K:
[21.316s] [01m[K/home/puzzlebot/ros2_ws/src/sllidar_ros2/./sdk/include/sl_lidar_cmd.h:324:21:[m[K [01;35m[Kwarning: [m[KISO C++ forbids zero-size array ‘[01m[Kpayload[m[K’ [[01;35m[K-Wpedantic[m[K]
[21.317s]      sl_u8  payload[0[01;35m[K][m[K;
[21.318s]                      [01;35m[K^[m[K
[21.814s] In file included from [01m[K/home/puzzlebot/ros2_ws/src/sllidar_ros2/sdk/src/dataunpacker/unpacker/handler_hqnode.cpp:40[m[K:
[21.815s] [01m[K/home/puzzlebot/ros2_ws/src/sllidar_ros2/sdk/src/dataunpacker/unpacker/../dataunpacker.h:[m[K In member function ‘[01m[Kvirtual void sl::internal::LIDARSampleDataListener::onCustomSampleDataDecoded(_u8, _u32, const void*, size_t)[m[K’:
[21.815s] [01m[K/home/puzzlebot/ros2_ws/src/sllidar_ros2/sdk/src/dataunpacker/unpacker/../dataunpacker.h:54:45:[m[K [01;35m[Kwarning: [m[Kunused parameter ‘[01m[KansType[m[K’ [[01;35m[K-Wunused-parameter[m[K]
[21.816s]   virtual void onCustomSampleDataDecoded([01;35m[K_u8 ansType[m[K, _u32 customCode, const void* data, size_t size) {}
[21.816s]                                          [01;35m[K~~~~^~~~~~~[m[K
[21.817s] [01m[K/home/puzzlebot/ros2_ws/src/sllidar_ros2/sdk/src/dataunpacker/unpacker/../dataunpacker.h:54:59:[m[K [01;35m[Kwarning: [m[Kunused parameter ‘[01m[KcustomCode[m[K’ [[01;35m[K-Wunused-parameter[m[K]
[21.817s]   virtual void onCustomSampleDataDecoded(_u8 ansType, [01;35m[K_u32 customCode[m[K, const void* data, size_t size) {}
[21.818s]                                                       [01;35m[K~~~~~^~~~~~~~~~[m[K
[21.818s] [01m[K/home/puzzlebot/ros2_ws/src/sllidar_ros2/sdk/src/dataunpacker/unpacker/../dataunpacker.h:54:83:[m[K [01;35m[Kwarning: [m[Kunused parameter ‘[01m[Kdata[m[K’ [[01;35m[K-Wunused-parameter[m[K]
[21.819s]   virtual void onCustomSampleDataDecoded(_u8 ansType, _u32 customCode, [01;35m[Kconst void* data[m[K, size_t size) {}
[21.819s]                                                                        [01;35m[K~~~~~~~~~~~~^~~~[m[K
[21.820s] [01m[K/home/puzzlebot/ros2_ws/src/sllidar_ros2/sdk/src/dataunpacker/unpacker/../dataunpacker.h:54:96:[m[K [01;35m[Kwarning: [m[Kunused parameter ‘[01m[Ksize[m[K’ [[01;35m[K-Wunused-parameter[m[K]
[21.820s]   virtual void onCustomSampleDataDecoded(_u8 ansType, _u32 customCode, const void* data, [01;35m[Ksize_t size[m[K) {}
[21.820s]                                                                                          [01;35m[K~~~~~~~^~~~[m[K
[21.821s] [01m[K/home/puzzlebot/ros2_ws/src/sllidar_ros2/sdk/src/dataunpacker/unpacker/../dataunpacker.h:[m[K In member function ‘[01m[Kvirtual void sl::internal::LIDARSampleDataListener::onDecodingError(int, _u8, const void*, size_t)[m[K’:
[21.821s] [01m[K/home/puzzlebot/ros2_ws/src/sllidar_ros2/sdk/src/dataunpacker/unpacker/../dataunpacker.h:56:35:[m[K [01;35m[Kwarning: [m[Kunused parameter ‘[01m[KerrMsg[m[K’ [[01;35m[K-Wunused-parameter[m[K]
[21.822s]   virtual void onDecodingError([01;35m[Kint errMsg[m[K, _u8 ansType, const void* payload, size_t size) {}
[21.822s]                                [01;35m[K~~~~^~~~~~[m[K
[21.823s] [01m[K/home/puzzlebot/ros2_ws/src/sllidar_ros2/sdk/src/dataunpacker/unpacker/../dataunpacker.h:56:47:[m[K [01;35m[Kwarning: [m[Kunused parameter ‘[01m[KansType[m[K’ [[01;35m[K-Wunused-parameter[m[K]
[21.823s]   virtual void onDecodingError(int errMsg, [01;35m[K_u8 ansType[m[K, const void* payload, size_t size) {}
[21.824s]                                            [01;35m[K~~~~^~~~~~~[m[K
[21.824s] [01m[K/home/puzzlebot/ros2_ws/src/sllidar_ros2/sdk/src/dataunpacker/unpacker/../dataunpacker.h:56:68:[m[K [01;35m[Kwarning: [m[Kunused parameter ‘[01m[Kpayload[m[K’ [[01;35m[K-Wunused-parameter[m[K]
[21.825s]   virtual void onDecodingError(int errMsg, _u8 ansType, [01;35m[Kconst void* payload[m[K, size_t size) {}
[21.837s]                                                         [01;35m[K~~~~~~~~~~~~^~~~~~~[m[K
[21.838s] [01m[K/home/puzzlebot/ros2_ws/src/sllidar_ros2/sdk/src/dataunpacker/unpacker/../dataunpacker.h:56:84:[m[K [01;35m[Kwarning: [m[Kunused parameter ‘[01m[Ksize[m[K’ [[01;35m[K-Wunused-parameter[m[K]
[21.838s]   virtual void onDecodingError(int errMsg, _u8 ansType, const void* payload, [01;35m[Ksize_t size[m[K) {}
[21.839s]                                                                              [01;35m[K~~~~~~~^~~~[m[K
[22.525s] In file included from [01m[K/home/puzzlebot/ros2_ws/src/sllidar_ros2/./sdk/include/rplidar_protocol.h:36[m[K,
[22.525s]                  from [01m[K/home/puzzlebot/ros2_ws/src/sllidar_ros2/./sdk/include/rplidar.h:39[m[K,
[22.526s]                  from [01m[K/home/puzzlebot/ros2_ws/src/sllidar_ros2/./sdk/src/sdkcommon.h:49[m[K,
[22.526s]                  from [01m[K/home/puzzlebot/ros2_ws/src/sllidar_ros2/sdk/src/dataunpacker/unpacker/../dataunnpacker_commondef.h:41[m[K,
[22.527s]                  from [01m[K/home/puzzlebot/ros2_ws/src/sllidar_ros2/sdk/src/dataunpacker/unpacker/handler_normalnode.cpp:39[m[K:
[22.527s] [01m[K/home/puzzlebot/ros2_ws/src/sllidar_ros2/./sdk/include/sl_lidar_protocol.h:66:17:[m[K [01;35m[Kwarning: [m[KISO C++ forbids zero-size array ‘[01m[Kdata[m[K’ [[01;35m[K-Wpedantic[m[K]
[22.528s]      sl_u8 data[0[01;35m[K][m[K;
[22.528s]                  [01;35m[K^[m[K
[22.530s] In file included from [01m[K/home/puzzlebot/ros2_ws/src/sllidar_ros2/./sdk/include/rplidar_cmd.h:36[m[K,
[22.530s]                  from [01m[K/home/puzzlebot/ros2_ws/src/sllidar_ros2/./sdk/include/rplidar.h:40[m[K,
[22.531s]                  from [01m[K/home/puzzlebot/ros2_ws/src/sllidar_ros2/./sdk/src/sdkcommon.h:49[m[K,
[22.531s]                  from [01m[K/home/puzzlebot/ros2_ws/src/sllidar_ros2/sdk/src/dataunpacker/unpacker/../dataunnpacker_commondef.h:41[m[K,
[22.532s]                  from [01m[K/home/puzzlebot/ros2_ws/src/sllidar_ros2/sdk/src/dataunpacker/unpacker/handler_normalnode.cpp:39[m[K:
[22.532s] [01m[K/home/puzzlebot/ros2_ws/src/sllidar_ros2/./sdk/include/sl_lidar_cmd.h:324:21:[m[K [01;35m[Kwarning: [m[KISO C++ forbids zero-size array ‘[01m[Kpayload[m[K’ [[01;35m[K-Wpedantic[m[K]
[22.533s]      sl_u8  payload[0[01;35m[K][m[K;
[22.533s]                      [01;35m[K^[m[K
[22.561s] [ 50%] [32mBuilding CXX object CMakeFiles/sllidar_node.dir/sdk/src/hal/thread.cpp.o[0m
[22.985s] In file included from [01m[K/home/puzzlebot/ros2_ws/src/sllidar_ros2/sdk/src/dataunpacker/unpacker/handler_normalnode.cpp:40[m[K:
[22.986s] [01m[K/home/puzzlebot/ros2_ws/src/sllidar_ros2/sdk/src/dataunpacker/unpacker/../dataunpacker.h:[m[K In member function ‘[01m[Kvirtual void sl::internal::LIDARSampleDataListener::onCustomSampleDataDecoded(_u8, _u32, const void*, size_t)[m[K’:
[22.987s] [01m[K/home/puzzlebot/ros2_ws/src/sllidar_ros2/sdk/src/dataunpacker/unpacker/../dataunpacker.h:54:45:[m[K [01;35m[Kwarning: [m[Kunused parameter ‘[01m[KansType[m[K’ [[01;35m[K-Wunused-parameter[m[K]
[22.988s]   virtual void onCustomSampleDataDecoded([01;35m[K_u8 ansType[m[K, _u32 customCode, const void* data, size_t size) {}
[22.989s]                                          [01;35m[K~~~~^~~~~~~[m[K
[22.990s] [01m[K/home/puzzlebot/ros2_ws/src/sllidar_ros2/sdk/src/dataunpacker/unpacker/../dataunpacker.h:54:59:[m[K [01;35m[Kwarning: [m[Kunused parameter ‘[01m[KcustomCode[m[K’ [[01;35m[K-Wunused-parameter[m[K]
[22.990s]   virtual void onCustomSampleDataDecoded(_u8 ansType, [01;35m[K_u32 customCode[m[K, const void* data, size_t size) {}
[22.991s]                                                       [01;35m[K~~~~~^~~~~~~~~~[m[K
[22.992s] [01m[K/home/puzzlebot/ros2_ws/src/sllidar_ros2/sdk/src/dataunpacker/unpacker/../dataunpacker.h:54:83:[m[K [01;35m[Kwarning: [m[Kunused parameter ‘[01m[Kdata[m[K’ [[01;35m[K-Wunused-parameter[m[K]
[22.994s]   virtual void onCustomSampleDataDecoded(_u8 ansType, _u32 customCode, [01;35m[Kconst void* data[m[K, size_t size) {}
[22.995s]                                                                        [01;35m[K~~~~~~~~~~~~^~~~[m[K
[22.996s] [01m[K/home/puzzlebot/ros2_ws/src/sllidar_ros2/sdk/src/dataunpacker/unpacker/../dataunpacker.h:54:96:[m[K [01;35m[Kwarning: [m[Kunused parameter ‘[01m[Ksize[m[K’ [[01;35m[K-Wunused-parameter[m[K]
[22.996s]   virtual void onCustomSampleDataDecoded(_u8 ansType, _u32 customCode, const void* data, [01;35m[Ksize_t size[m[K) {}
[22.997s]                                                                                          [01;35m[K~~~~~~~^~~~[m[K
[22.998s] [01m[K/home/puzzlebot/ros2_ws/src/sllidar_ros2/sdk/src/dataunpacker/unpacker/../dataunpacker.h:[m[K In member function ‘[01m[Kvirtual void sl::internal::LIDARSampleDataListener::onDecodingError(int, _u8, const void*, size_t)[m[K’:
[22.999s] [01m[K/home/puzzlebot/ros2_ws/src/sllidar_ros2/sdk/src/dataunpacker/unpacker/../dataunpacker.h:56:35:[m[K [01;35m[Kwarning: [m[Kunused parameter ‘[01m[KerrMsg[m[K’ [[01;35m[K-Wunused-parameter[m[K]
[23.003s]   virtual void onDecodingError([01;35m[Kint errMsg[m[K, _u8 ansType, const void* payload, size_t size) {}
[23.005s]                                [01;35m[K~~~~^~~~~~[m[K
[23.005s] [01m[K/home/puzzlebot/ros2_ws/src/sllidar_ros2/sdk/src/dataunpacker/unpacker/../dataunpacker.h:56:47:[m[K [01;35m[Kwarning: [m[Kunused parameter ‘[01m[KansType[m[K’ [[01;35m[K-Wunused-parameter[m[K]
[23.006s]   virtual void onDecodingError(int errMsg, [01;35m[K_u8 ansType[m[K, const void* payload, size_t size) {}
[23.010s]                                            [01;35m[K~~~~^~~~~~~[m[K
[23.011s] [01m[K/home/puzzlebot/ros2_ws/src/sllidar_ros2/sdk/src/dataunpacker/unpacker/../dataunpacker.h:56:68:[m[K [01;35m[Kwarning: [m[Kunused parameter ‘[01m[Kpayload[m[K’ [[01;35m[K-Wunused-parameter[m[K]
[23.011s]   virtual void onDecodingError(int errMsg, _u8 ansType, [01;35m[Kconst void* payload[m[K, size_t size) {}
[23.011s]                                                         [01;35m[K~~~~~~~~~~~~^~~~~~~[m[K
[23.012s] [01m[K/home/puzzlebot/ros2_ws/src/sllidar_ros2/sdk/src/dataunpacker/unpacker/../dataunpacker.h:56:84:[m[K [01;35m[Kwarning: [m[Kunused parameter ‘[01m[Ksize[m[K’ [[01;35m[K-Wunused-parameter[m[K]
[23.012s]   virtual void onDecodingError(int errMsg, _u8 ansType, const void* payload, [01;35m[Ksize_t size[m[K) {}
[23.013s]                                                                              [01;35m[K~~~~~~~^~~~[m[K
[23.548s] [ 55%] [32mBuilding CXX object CMakeFiles/sllidar_node.dir/sdk/src/rplidar_driver.cpp.o[0m
[24.451s] In file included from [01m[K/home/puzzlebot/ros2_ws/src/sllidar_ros2/./sdk/include/rplidar_protocol.h:36[m[K,
[24.452s]                  from [01m[K/home/puzzlebot/ros2_ws/src/sllidar_ros2/./sdk/include/rplidar.h:39[m[K,
[24.453s]                  from [01m[K/home/puzzlebot/ros2_ws/src/sllidar_ros2/./sdk/src/sdkcommon.h:49[m[K,
[24.454s]                  from [01m[K/home/puzzlebot/ros2_ws/src/sllidar_ros2/sdk/src/hal/thread.cpp:35[m[K:
[24.455s] [01m[K/home/puzzlebot/ros2_ws/src/sllidar_ros2/./sdk/include/sl_lidar_protocol.h:66:17:[m[K [01;35m[Kwarning: [m[KISO C++ forbids zero-size array ‘[01m[Kdata[m[K’ [[01;35m[K-Wpedantic[m[K]
[24.455s]      sl_u8 data[0[01;35m[K][m[K;
[24.456s]                  [01;35m[K^[m[K
[24.470s] In file included from [01m[K/home/puzzlebot/ros2_ws/src/sllidar_ros2/./sdk/include/rplidar_cmd.h:36[m[K,
[24.470s]                  from [01m[K/home/puzzlebot/ros2_ws/src/sllidar_ros2/./sdk/include/rplidar.h:40[m[K,
[24.471s]                  from [01m[K/home/puzzlebot/ros2_ws/src/sllidar_ros2/./sdk/src/sdkcommon.h:49[m[K,
[24.471s]                  from [01m[K/home/puzzlebot/ros2_ws/src/sllidar_ros2/sdk/src/hal/thread.cpp:35[m[K:
[24.472s] [01m[K/home/puzzlebot/ros2_ws/src/sllidar_ros2/./sdk/include/sl_lidar_cmd.h:324:21:[m[K [01;35m[Kwarning: [m[KISO C++ forbids zero-size array ‘[01m[Kpayload[m[K’ [[01;35m[K-Wpedantic[m[K]
[24.472s]      sl_u8  payload[0[01;35m[K][m[K;
[24.473s]                      [01;35m[K^[m[K
[24.714s] In file included from [01m[K/home/puzzlebot/ros2_ws/src/sllidar_ros2/sdk/src/hal/thread.cpp:43[m[K:
[24.714s] [01m[K/home/puzzlebot/ros2_ws/src/sllidar_ros2/./sdk/src/arch/linux/thread.hpp:[m[K In static member function ‘[01m[Kstatic rp::hal::Thread rp::hal::Thread::create(thread_proc_t, void*)[m[K’:
[24.715s] [01m[K/home/puzzlebot/ros2_ws/src/sllidar_ros2/./sdk/src/arch/linux/thread.hpp:52:77:[m[K [01;35m[Kwarning: [m[Kcast between incompatible function types from ‘[01m[Kthread_proc_t[m[K’ {aka ‘[01m[Klong unsigned int (*)(void*)[m[K’} to ‘[01m[Kvoid* (*)(void*)[m[K’ [[01;35m[K-Wcast-function-type[m[K]
[24.715s]      pthread_create((pthread_t *)&newborn._handle, NULL, (void * (*)(void *))[01;35m[Kproc[m[K, data);
[24.716s]                                                                              [01;35m[K^~~~[m[K
[24.717s] [01m[K/home/puzzlebot/ros2_ws/src/sllidar_ros2/./sdk/src/arch/linux/thread.hpp:[m[K In member function ‘[01m[Ku_result rp::hal::Thread::join(long unsigned int)[m[K’:
[24.717s] [01m[K/home/puzzlebot/ros2_ws/src/sllidar_ros2/./sdk/src/arch/linux/thread.hpp:176:37:[m[K [01;35m[Kwarning: [m[Kunused parameter ‘[01m[Ktimeout[m[K’ [[01;35m[K-Wunused-parameter[m[K]
[24.718s]  u_result Thread::join([01;35m[Kunsigned long timeout[m[K)
[24.718s]                        [01;35m[K~~~~~~~~~~~~~~^~~~~~~[m[K
[25.139s] [ 60%] [32mBuilding CXX object CMakeFiles/sllidar_node.dir/sdk/src/sl_async_transceiver.cpp.o[0m
[25.228s] In file included from [01m[K/home/puzzlebot/ros2_ws/src/sllidar_ros2/./sdk/include/rplidar_protocol.h:36[m[K,
[25.229s]                  from [01m[K/home/puzzlebot/ros2_ws/src/sllidar_ros2/./sdk/include/rplidar.h:39[m[K,
[25.230s]                  from [01m[K/home/puzzlebot/ros2_ws/src/sllidar_ros2/sdk/src/sdkcommon.h:49[m[K,
[25.230s]                  from [01m[K/home/puzzlebot/ros2_ws/src/sllidar_ros2/sdk/src/rplidar_driver.cpp:33[m[K:
[25.230s] [01m[K/home/puzzlebot/ros2_ws/src/sllidar_ros2/./sdk/include/sl_lidar_protocol.h:66:17:[m[K [01;35m[Kwarning: [m[KISO C++ forbids zero-size array ‘[01m[Kdata[m[K’ [[01;35m[K-Wpedantic[m[K]
[25.231s]      sl_u8 data[0[01;35m[K][m[K;
[25.231s]                  [01;35m[K^[m[K
[25.233s] In file included from [01m[K/home/puzzlebot/ros2_ws/src/sllidar_ros2/./sdk/include/rplidar_cmd.h:36[m[K,
[25.234s]                  from [01m[K/home/puzzlebot/ros2_ws/src/sllidar_ros2/./sdk/include/rplidar.h:40[m[K,
[25.234s]                  from [01m[K/home/puzzlebot/ros2_ws/src/sllidar_ros2/sdk/src/sdkcommon.h:49[m[K,
[25.235s]                  from [01m[K/home/puzzlebot/ros2_ws/src/sllidar_ros2/sdk/src/rplidar_driver.cpp:33[m[K:
[25.235s] [01m[K/home/puzzlebot/ros2_ws/src/sllidar_ros2/./sdk/include/sl_lidar_cmd.h:324:21:[m[K [01;35m[Kwarning: [m[KISO C++ forbids zero-size array ‘[01m[Kpayload[m[K’ [[01;35m[K-Wpedantic[m[K]
[25.236s]      sl_u8  payload[0[01;35m[K][m[K;
[25.236s]                      [01;35m[K^[m[K
[25.542s] [01m[K/home/puzzlebot/ros2_ws/src/sllidar_ros2/sdk/src/rplidar_driver.cpp:[m[K In member function ‘[01m[Ku_result rp::standalone::rplidar::RPlidarDriver::connect(const char*, _u32, _u32)[m[K’:
[25.544s] [01m[K/home/puzzlebot/ros2_ws/src/sllidar_ros2/sdk/src/rplidar_driver.cpp:67:77:[m[K [01;35m[Kwarning: [m[Kunused parameter ‘[01m[Kflag[m[K’ [[01;35m[K-Wunused-parameter[m[K]
[25.544s]      u_result RPlidarDriver::connect(const char *path, _u32 portOrBaud, [01;35m[K_u32 flag[m[K)
[25.545s]                                                                         [01;35m[K~~~~~^~~~[m[K
[25.546s] [01m[K/home/puzzlebot/ros2_ws/src/sllidar_ros2/sdk/src/rplidar_driver.cpp:[m[K In member function ‘[01m[Ku_result rp::standalone::rplidar::RPlidarDriver::reset(_u32)[m[K’:
[25.546s] [01m[K/home/puzzlebot/ros2_ws/src/sllidar_ros2/sdk/src/rplidar_driver.cpp:101:40:[m[K [01;35m[Kwarning: [m[Kunused parameter ‘[01m[Ktimeout[m[K’ [[01;35m[K-Wunused-parameter[m[K]
[25.547s]      u_result RPlidarDriver::reset([01;35m[K_u32 timeout[m[K)
[25.547s]                                    [01;35m[K~~~~~^~~~~~~[m[K
[25.548s] [01m[K/home/puzzlebot/ros2_ws/src/sllidar_ros2/sdk/src/rplidar_driver.cpp:[m[K In member function ‘[01m[Ku_result rp::standalone::rplidar::RPlidarDriver::getScanDataWithInterval(rplidar_response_measurement_node_t*, size_t&)[m[K’:
[25.549s] [01m[K/home/puzzlebot/ros2_ws/src/sllidar_ros2/sdk/src/rplidar_driver.cpp:180:91:[m[K [01;35m[Kwarning: [m[Kunused parameter ‘[01m[Knodebuffer[m[K’ [[01;35m[K-Wunused-parameter[m[K]
[25.550s]      u_result RPlidarDriver::getScanDataWithInterval([01;35m[Krplidar_response_measurement_node_t * nodebuffer[m[K, size_t & count)
[25.550s]                                                      [01;35m[K~~~~~~~~~~~~~~~~~~~~~~~~~~~~~~~~~~~~~~^~~~~~~~~~[m[K
[25.551s] [01m[K/home/puzzlebot/ros2_ws/src/sllidar_ros2/sdk/src/rplidar_driver.cpp:180:112:[m[K [01;35m[Kwarning: [m[Kunused parameter ‘[01m[Kcount[m[K’ [[01;35m[K-Wunused-parameter[m[K]
[25.551s]      u_result RPlidarDriver::getScanDataWithInterval(rplidar_response_measurement_node_t * nodebuffer, [01;35m[Ksize_t & count[m[K)
[25.552s]                                                                                                        [01;35m[K~~~~~~~~~^~~~~[m[K
[25.658s] In file included from [01m[K/home/puzzlebot/ros2_ws/src/sllidar_ros2/./sdk/include/sl_lidar_cmd.h:41[m[K,
[25.659s]                  from [01m[K/home/puzzlebot/ros2_ws/src/sllidar_ros2/./sdk/include/sl_lidar_driver.h:54[m[K,
[25.659s]                  from [01m[K/home/puzzlebot/ros2_ws/src/sllidar_ros2/./sdk/include/sl_lidar.h:36[m[K,
[25.660s]                  from [01m[K/home/puzzlebot/ros2_ws/src/sllidar_ros2/src/sllidar_node.cpp:38[m[K:
[25.661s] [01m[K/home/puzzlebot/ros2_ws/src/sllidar_ros2/./sdk/include/sl_lidar_protocol.h:66:17:[m[K [01;35m[Kwarning: [m[KISO C++ forbids zero-size array ‘[01m[Kdata[m[K’ [[01;35m[K-Wpedantic[m[K]
[25.662s]      sl_u8 data[0[01;35m[K][m[K;
[25.663s]                  [01;35m[K^[m[K
[25.665s] In file included from [01m[K/home/puzzlebot/ros2_ws/src/sllidar_ros2/./sdk/include/sl_lidar_driver.h:54[m[K,
[25.666s]                  from [01m[K/home/puzzlebot/ros2_ws/src/sllidar_ros2/./sdk/include/sl_lidar.h:36[m[K,
[25.667s]                  from [01m[K/home/puzzlebot/ros2_ws/src/sllidar_ros2/src/sllidar_node.cpp:38[m[K:
[25.668s] [01m[K/home/puzzlebot/ros2_ws/src/sllidar_ros2/./sdk/include/sl_lidar_cmd.h:324:21:[m[K [01;35m[Kwarning: [m[KISO C++ forbids zero-size array ‘[01m[Kpayload[m[K’ [[01;35m[K-Wpedantic[m[K]
[25.669s]      sl_u8  payload[0[01;35m[K][m[K;
[25.671s]                      [01;35m[K^[m[K
[26.173s] [ 65%] [32mBuilding CXX object CMakeFiles/sllidar_node.dir/sdk/src/sl_crc.cpp.o[0m
[26.257s] In file included from [01m[K/home/puzzlebot/ros2_ws/src/sllidar_ros2/./sdk/include/sl_lidar_cmd.h:41[m[K,
[26.258s]                  from [01m[K/home/puzzlebot/ros2_ws/src/sllidar_ros2/./sdk/include/sl_crc.h:36[m[K,
[26.258s]                  from [01m[K/home/puzzlebot/ros2_ws/src/sllidar_ros2/sdk/src/sl_crc.cpp:33[m[K:
[26.259s] [01m[K/home/puzzlebot/ros2_ws/src/sllidar_ros2/./sdk/include/sl_lidar_protocol.h:66:17:[m[K [01;35m[Kwarning: [m[KISO C++ forbids zero-size array ‘[01m[Kdata[m[K’ [[01;35m[K-Wpedantic[m[K]
[26.259s]      sl_u8 data[0[01;35m[K][m[K;
[26.260s]                  [01;35m[K^[m[K
[26.261s] In file included from [01m[K/home/puzzlebot/ros2_ws/src/sllidar_ros2/./sdk/include/sl_crc.h:36[m[K,
[26.261s]                  from [01m[K/home/puzzlebot/ros2_ws/src/sllidar_ros2/sdk/src/sl_crc.cpp:33[m[K:
[26.262s] [01m[K/home/puzzlebot/ros2_ws/src/sllidar_ros2/./sdk/include/sl_lidar_cmd.h:324:21:[m[K [01;35m[Kwarning: [m[KISO C++ forbids zero-size array ‘[01m[Kpayload[m[K’ [[01;35m[K-Wpedantic[m[K]
[26.262s]      sl_u8  payload[0[01;35m[K][m[K;
[26.263s]                      [01;35m[K^[m[K
[26.369s] [ 70%] [32mBuilding CXX object CMakeFiles/sllidar_node.dir/sdk/src/sl_lidar_driver.cpp.o[0m
[26.861s] In file included from [01m[K/home/puzzlebot/ros2_ws/src/sllidar_ros2/./sdk/include/rplidar_protocol.h:36[m[K,
[26.863s]                  from [01m[K/home/puzzlebot/ros2_ws/src/sllidar_ros2/./sdk/include/rplidar.h:39[m[K,
[26.863s]                  from [01m[K/home/puzzlebot/ros2_ws/src/sllidar_ros2/sdk/src/sdkcommon.h:49[m[K,
[26.864s]                  from [01m[K/home/puzzlebot/ros2_ws/src/sllidar_ros2/sdk/src/sl_async_transceiver.cpp:35[m[K:
[26.865s] [01m[K/home/puzzlebot/ros2_ws/src/sllidar_ros2/./sdk/include/sl_lidar_protocol.h:66:17:[m[K [01;35m[Kwarning: [m[KISO C++ forbids zero-size array ‘[01m[Kdata[m[K’ [[01;35m[K-Wpedantic[m[K]
[26.866s]      sl_u8 data[0[01;35m[K][m[K;
[26.866s]                  [01;35m[K^[m[K
[26.870s] In file included from [01m[K/home/puzzlebot/ros2_ws/src/sllidar_ros2/./sdk/include/rplidar_cmd.h:36[m[K,
[26.871s]                  from [01m[K/home/puzzlebot/ros2_ws/src/sllidar_ros2/./sdk/include/rplidar.h:40[m[K,
[26.871s]                  from [01m[K/home/puzzlebot/ros2_ws/src/sllidar_ros2/sdk/src/sdkcommon.h:49[m[K,
[26.872s]                  from [01m[K/home/puzzlebot/ros2_ws/src/sllidar_ros2/sdk/src/sl_async_transceiver.cpp:35[m[K:
[26.872s] [01m[K/home/puzzlebot/ros2_ws/src/sllidar_ros2/./sdk/include/sl_lidar_cmd.h:324:21:[m[K [01;35m[Kwarning: [m[KISO C++ forbids zero-size array ‘[01m[Kpayload[m[K’ [[01;35m[K-Wpedantic[m[K]
[26.873s]      sl_u8  payload[0[01;35m[K][m[K;
[26.873s]                      [01;35m[K^[m[K
[27.313s] In file included from [01m[K/home/puzzlebot/ros2_ws/src/sllidar_ros2/sdk/src/sl_async_transceiver.cpp:44[m[K:
[27.314s] [01m[K/home/puzzlebot/ros2_ws/src/sllidar_ros2/sdk/src/sl_async_transceiver.h:[m[K In member function ‘[01m[Kvirtual void sl::internal::IAsyncProtocolCodec::onChannelError(u_result)[m[K’:
[27.314s] [01m[K/home/puzzlebot/ros2_ws/src/sllidar_ros2/sdk/src/sl_async_transceiver.h:90:41:[m[K [01;35m[Kwarning: [m[Kunused parameter ‘[01m[KerrCode[m[K’ [[01;35m[K-Wunused-parameter[m[K]
[27.315s]   virtual void   onChannelError([01;35m[Ku_result errCode[m[K) {}
[27.315s]                                 [01;35m[K~~~~~~~~~^~~~~~~[m[K
[28.038s] [ 75%] [32mBuilding CXX object CMakeFiles/sllidar_node.dir/sdk/src/sl_lidarprotocol_codec.cpp.o[0m
[28.524s] In file included from [01m[K/home/puzzlebot/ros2_ws/src/sllidar_ros2/./sdk/include/rplidar_protocol.h:36[m[K,
[28.525s]                  from [01m[K/home/puzzlebot/ros2_ws/src/sllidar_ros2/./sdk/include/rplidar.h:39[m[K,
[28.526s]                  from [01m[K/home/puzzlebot/ros2_ws/src/sllidar_ros2/sdk/src/sdkcommon.h:49[m[K,
[28.526s]                  from [01m[K/home/puzzlebot/ros2_ws/src/sllidar_ros2/sdk/src/sl_lidar_driver.cpp:33[m[K:
[28.527s] [01m[K/home/puzzlebot/ros2_ws/src/sllidar_ros2/./sdk/include/sl_lidar_protocol.h:66:17:[m[K [01;35m[Kwarning: [m[KISO C++ forbids zero-size array ‘[01m[Kdata[m[K’ [[01;35m[K-Wpedantic[m[K]
[28.527s]      sl_u8 data[0[01;35m[K][m[K;
[28.528s]                  [01;35m[K^[m[K
[28.559s] In file included from [01m[K/home/puzzlebot/ros2_ws/src/sllidar_ros2/./sdk/include/rplidar_cmd.h:36[m[K,
[28.560s]                  from [01m[K/home/puzzlebot/ros2_ws/src/sllidar_ros2/./sdk/include/rplidar.h:40[m[K,
[28.561s]                  from [01m[K/home/puzzlebot/ros2_ws/src/sllidar_ros2/sdk/src/sdkcommon.h:49[m[K,
[28.562s]                  from [01m[K/home/puzzlebot/ros2_ws/src/sllidar_ros2/sdk/src/sl_lidar_driver.cpp:33[m[K:
[28.563s] [01m[K/home/puzzlebot/ros2_ws/src/sllidar_ros2/./sdk/include/sl_lidar_cmd.h:324:21:[m[K [01;35m[Kwarning: [m[KISO C++ forbids zero-size array ‘[01m[Kpayload[m[K’ [[01;35m[K-Wpedantic[m[K]
[28.563s]      sl_u8  payload[0[01;35m[K][m[K;
[28.564s]                      [01;35m[K^[m[K
[29.409s] In file included from [01m[K/home/puzzlebot/ros2_ws/src/sllidar_ros2/sdk/src/sl_lidar_driver.cpp:50[m[K:
[29.410s] [01m[K/home/puzzlebot/ros2_ws/src/sllidar_ros2/sdk/src/dataunpacker/dataunpacker.h:[m[K In member function ‘[01m[Kvirtual void sl::internal::LIDARSampleDataListener::onCustomSampleDataDecoded(_u8, _u32, const void*, size_t)[m[K’:
[29.411s] [01m[K/home/puzzlebot/ros2_ws/src/sllidar_ros2/sdk/src/dataunpacker/dataunpacker.h:54:45:[m[K [01;35m[Kwarning: [m[Kunused parameter ‘[01m[KansType[m[K’ [[01;35m[K-Wunused-parameter[m[K]
[29.411s]   virtual void onCustomSampleDataDecoded([01;35m[K_u8 ansType[m[K, _u32 customCode, const void* data, size_t size) {}
[29.412s]                                          [01;35m[K~~~~^~~~~~~[m[K
[29.413s] [01m[K/home/puzzlebot/ros2_ws/src/sllidar_ros2/sdk/src/dataunpacker/dataunpacker.h:54:59:[m[K [01;35m[Kwarning: [m[Kunused parameter ‘[01m[KcustomCode[m[K’ [[01;35m[K-Wunused-parameter[m[K]
[29.413s]   virtual void onCustomSampleDataDecoded(_u8 ansType, [01;35m[K_u32 customCode[m[K, const void* data, size_t size) {}
[29.414s]                                                       [01;35m[K~~~~~^~~~~~~~~~[m[K
[29.415s] [01m[K/home/puzzlebot/ros2_ws/src/sllidar_ros2/sdk/src/dataunpacker/dataunpacker.h:54:83:[m[K [01;35m[Kwarning: [m[Kunused parameter ‘[01m[Kdata[m[K’ [[01;35m[K-Wunused-parameter[m[K]
[29.416s]   virtual void onCustomSampleDataDecoded(_u8 ansType, _u32 customCode, [01;35m[Kconst void* data[m[K, size_t size) {}
[29.416s]                                                                        [01;35m[K~~~~~~~~~~~~^~~~[m[K
[29.417s] [01m[K/home/puzzlebot/ros2_ws/src/sllidar_ros2/sdk/src/dataunpacker/dataunpacker.h:54:96:[m[K [01;35m[Kwarning: [m[Kunused parameter ‘[01m[Ksize[m[K’ [[01;35m[K-Wunused-parameter[m[K]
[29.418s]   virtual void onCustomSampleDataDecoded(_u8 ansType, _u32 customCode, const void* data, [01;35m[Ksize_t size[m[K) {}
[29.419s]                                                                                          [01;35m[K~~~~~~~^~~~[m[K
[29.420s] [01m[K/home/puzzlebot/ros2_ws/src/sllidar_ros2/sdk/src/dataunpacker/dataunpacker.h:[m[K In member function ‘[01m[Kvirtual void sl::internal::LIDARSampleDataListener::onDecodingError(int, _u8, const void*, size_t)[m[K’:
[29.420s] [01m[K/home/puzzlebot/ros2_ws/src/sllidar_ros2/sdk/src/dataunpacker/dataunpacker.h:56:35:[m[K [01;35m[Kwarning: [m[Kunused parameter ‘[01m[KerrMsg[m[K’ [[01;35m[K-Wunused-parameter[m[K]
[29.421s]   virtual void onDecodingError([01;35m[Kint errMsg[m[K, _u8 ansType, const void* payload, size_t size) {}
[29.422s]                                [01;35m[K~~~~^~~~~~[m[K
[29.424s] [01m[K/home/puzzlebot/ros2_ws/src/sllidar_ros2/sdk/src/dataunpacker/dataunpacker.h:56:47:[m[K [01;35m[Kwarning: [m[Kunused parameter ‘[01m[KansType[m[K’ [[01;35m[K-Wunused-parameter[m[K]
[29.424s]   virtual void onDecodingError(int errMsg, [01;35m[K_u8 ansType[m[K, const void* payload, size_t size) {}
[29.424s]                                            [01;35m[K~~~~^~~~~~~[m[K
[29.425s] [01m[K/home/puzzlebot/ros2_ws/src/sllidar_ros2/sdk/src/dataunpacker/dataunpacker.h:56:68:[m[K [01;35m[Kwarning: [m[Kunused parameter ‘[01m[Kpayload[m[K’ [[01;35m[K-Wunused-parameter[m[K]
[29.425s]   virtual void onDecodingError(int errMsg, _u8 ansType, [01;35m[Kconst void* payload[m[K, size_t size) {}
[29.426s]                                                         [01;35m[K~~~~~~~~~~~~^~~~~~~[m[K
[29.436s] [01m[K/home/puzzlebot/ros2_ws/src/sllidar_ros2/sdk/src/dataunpacker/dataunpacker.h:56:84:[m[K [01;35m[Kwarning: [m[Kunused parameter ‘[01m[Ksize[m[K’ [[01;35m[K-Wunused-parameter[m[K]
[29.437s]   virtual void onDecodingError(int errMsg, _u8 ansType, const void* payload, [01;35m[Ksize_t size[m[K) {}
[29.437s]                                                                              [01;35m[K~~~~~~~^~~~[m[K
[29.506s] In file included from [01m[K/home/puzzlebot/ros2_ws/src/sllidar_ros2/sdk/src/sl_lidar_driver.cpp:51[m[K:
[29.507s] [01m[K/home/puzzlebot/ros2_ws/src/sllidar_ros2/sdk/src/sl_async_transceiver.h:[m[K In member function ‘[01m[Kvirtual void sl::internal::IAsyncProtocolCodec::onChannelError(u_result)[m[K’:
[29.507s] [01m[K/home/puzzlebot/ros2_ws/src/sllidar_ros2/sdk/src/sl_async_transceiver.h:90:41:[m[K [01;35m[Kwarning: [m[Kunused parameter ‘[01m[KerrCode[m[K’ [[01;35m[K-Wunused-parameter[m[K]
[29.508s]   virtual void   onChannelError([01;35m[Ku_result errCode[m[K) {}
[29.508s]                                 [01;35m[K~~~~~~~~~^~~~~~~[m[K
[29.749s] [01m[K/home/puzzlebot/ros2_ws/src/sllidar_ros2/sdk/src/sl_lidar_driver.cpp:[m[K In member function ‘[01m[Kvirtual sl_result sl::SlamtecLidarDriver::reset(sl_u32)[m[K’:
[29.750s] [01m[K/home/puzzlebot/ros2_ws/src/sllidar_ros2/sdk/src/sl_lidar_driver.cpp:511:32:[m[K [01;35m[Kwarning: [m[Kunused parameter ‘[01m[KtimeoutInMs[m[K’ [[01;35m[K-Wunused-parameter[m[K]
[29.751s]          sl_result reset([01;35m[Ksl_u32 timeoutInMs = DEFAULT_TIMEOUT[m[K)
[29.751s]                          [01;35m[K~~~~~~~^~~~~~~~~~~~~~~~~~~~~~~~~~~~~[m[K
[29.765s] [01m[K/home/puzzlebot/ros2_ws/src/sllidar_ros2/sdk/src/sl_lidar_driver.cpp:[m[K In member function ‘[01m[Kvirtual sl_result sl::SlamtecLidarDriver::startScan(bool, bool, sl_u32, sl::LidarScanMode*)[m[K’:
[29.766s] [01m[K/home/puzzlebot/ros2_ws/src/sllidar_ros2/sdk/src/sl_lidar_driver.cpp:586:69:[m[K [01;35m[Kwarning: [m[Kunused parameter ‘[01m[Koptions[m[K’ [[01;35m[K-Wunused-parameter[m[K]
[29.767s]          sl_result startScan(bool force, bool useTypicalScan, [01;35m[Ksl_u32 options = 0[m[K, LidarScanMode* outUsedScanMode = nullptr)
[29.768s]                                                               [01;35m[K~~~~~~~^~~~~~~~~~~[m[K
[29.777s] [01m[K/home/puzzlebot/ros2_ws/src/sllidar_ros2/sdk/src/sl_lidar_driver.cpp:[m[K In member function ‘[01m[Kvirtual sl_result sl::SlamtecLidarDriver::stop(sl_u32)[m[K’:
[29.778s] [01m[K/home/puzzlebot/ros2_ws/src/sllidar_ros2/sdk/src/sl_lidar_driver.cpp:763:31:[m[K [01;35m[Kwarning: [m[Kunused parameter ‘[01m[Ktimeout[m[K’ [[01;35m[K-Wunused-parameter[m[K]
[29.779s]          sl_result stop([01;35m[Ksl_u32 timeout = DEFAULT_TIMEOUT[m[K)
[29.779s]                         [01;35m[K~~~~~~~^~~~~~~~~~~~~~~~~~~~~~~~~[m[K
[29.787s] [01m[K/home/puzzlebot/ros2_ws/src/sllidar_ros2/sdk/src/sl_lidar_driver.cpp:[m[K In member function ‘[01m[Kvirtual sl_result sl::SlamtecLidarDriver::getFrequency(const sl::LidarScanMode&, const sl_lidar_response_measurement_node_hq_t*, size_t, float&)[m[K’:
[29.788s] [01m[K/home/puzzlebot/ros2_ws/src/sllidar_ros2/sdk/src/sl_lidar_driver.cpp:880:110:[m[K [01;35m[Kwarning: [m[Kunused parameter ‘[01m[Knodes[m[K’ [[01;35m[K-Wunused-parameter[m[K]
[29.788s]          sl_result getFrequency(const LidarScanMode& scanMode, [01;35m[Kconst sl_lidar_response_measurement_node_hq_t* nodes[m[K, size_t count, float& frequency)
[29.789s]                                                                [01;35m[K~~~~~~~~~~~~~~~~~~~~~~~~~~~~~~~~~~~~~~~~~~~~~~~^~~~~[m[K
[29.816s] [01m[K/home/puzzlebot/ros2_ws/src/sllidar_ros2/sdk/src/sl_lidar_driver.cpp:[m[K In member function ‘[01m[Kvirtual sl_result sl::SlamtecLidarDriver::getMotorInfo(sl::LidarMotorInfo&, sl_u32)[m[K’:
[29.816s] [01m[K/home/puzzlebot/ros2_ws/src/sllidar_ros2/sdk/src/sl_lidar_driver.cpp:1023:66:[m[K [01;35m[Kwarning: [m[Kunused parameter ‘[01m[KtimeoutInMs[m[K’ [[01;35m[K-Wunused-parameter[m[K]
[29.817s]          sl_result getMotorInfo(LidarMotorInfo &motorInfo, [01;35m[Ksl_u32 timeoutInMs[m[K)
[29.817s]                                                            [01;35m[K~~~~~~~^~~~~~~~~~~[m[K
[29.818s] [01m[K/home/puzzlebot/ros2_ws/src/sllidar_ros2/sdk/src/sl_lidar_driver.cpp:[m[K In member function ‘[01m[Ku_result sl::SlamtecLidarDriver::getScanModeCount(sl_u16&, sl_u32)[m[K’:
[29.818s] [01m[K/home/puzzlebot/ros2_ws/src/sllidar_ros2/sdk/src/sl_lidar_driver.cpp:1199:61:[m[K [01;35m[Kwarning: [m[Kunused parameter ‘[01m[KtimeoutInMs[m[K’ [[01;35m[K-Wunused-parameter[m[K]
[29.819s]          u_result getScanModeCount(sl_u16& modeCount, [01;35m[Ksl_u32 timeoutInMs = DEFAULT_TIMEOUT[m[K)
[29.820s]                                                       [01;35m[K~~~~~~~^~~~~~~~~~~~~~~~~~~~~~~~~~~~~[m[K
[29.953s] /home/puzzlebot/ros2_ws/src/sllidar_ros2/sdk/src/sl_lidar_driver.cpp: In instantiation of ‘[01m[Kvoid sl::RawSampleNodeHolder<T>::pushNode(_u64, const T*) [with T = sl_lidar_response_measurement_node_hq_t; _u64 = long unsigned int][m[K’:
[29.954s] [01m[K/home/puzzlebot/ros2_ws/src/sllidar_ros2/sdk/src/sl_lidar_driver.cpp:1648:61:[m[K   required from here
[29.955s] [01m[K/home/puzzlebot/ros2_ws/src/sllidar_ros2/sdk/src/sl_lidar_driver.cpp:202:28:[m[K [01;35m[Kwarning: [m[Kunused parameter ‘[01m[Ktimestamp_uS[m[K’ [[01;35m[K-Wunused-parameter[m[K]
[29.956s]          void pushNode([01;35m[K_u64 timestamp_uS[m[K, const T* node)
[29.957s]                        [01;35m[K~~~~~^~~~~~~~~~~~[m[K
[29.995s] In file included from [01m[K/home/puzzlebot/ros2_ws/src/sllidar_ros2/./sdk/include/rplidar_protocol.h:36[m[K,
[29.996s]                  from [01m[K/home/puzzlebot/ros2_ws/src/sllidar_ros2/./sdk/include/rplidar.h:39[m[K,
[29.997s]                  from [01m[K/home/puzzlebot/ros2_ws/src/sllidar_ros2/sdk/src/sdkcommon.h:49[m[K,
[29.998s]                  from [01m[K/home/puzzlebot/ros2_ws/src/sllidar_ros2/sdk/src/sl_lidarprotocol_codec.cpp:35[m[K:
[29.998s] [01m[K/home/puzzlebot/ros2_ws/src/sllidar_ros2/./sdk/include/sl_lidar_protocol.h:66:17:[m[K [01;35m[Kwarning: [m[KISO C++ forbids zero-size array ‘[01m[Kdata[m[K’ [[01;35m[K-Wpedantic[m[K]
[29.999s]      sl_u8 data[0[01;35m[K][m[K;
[30.000s]                  [01;35m[K^[m[K
[30.006s] In file included from [01m[K/home/puzzlebot/ros2_ws/src/sllidar_ros2/./sdk/include/rplidar_cmd.h:36[m[K,
[30.007s]                  from [01m[K/home/puzzlebot/ros2_ws/src/sllidar_ros2/./sdk/include/rplidar.h:40[m[K,
[30.007s]                  from [01m[K/home/puzzlebot/ros2_ws/src/sllidar_ros2/sdk/src/sdkcommon.h:49[m[K,
[30.008s]                  from [01m[K/home/puzzlebot/ros2_ws/src/sllidar_ros2/sdk/src/sl_lidarprotocol_codec.cpp:35[m[K:
[30.008s] [01m[K/home/puzzlebot/ros2_ws/src/sllidar_ros2/./sdk/include/sl_lidar_cmd.h:324:21:[m[K [01;35m[Kwarning: [m[KISO C++ forbids zero-size array ‘[01m[Kpayload[m[K’ [[01;35m[K-Wpedantic[m[K]
[30.008s]      sl_u8  payload[0[01;35m[K][m[K;
[30.009s]                      [01;35m[K^[m[K
[30.716s] [01m[K/home/puzzlebot/ros2_ws/src/sllidar_ros2/sdk/src/sl_lidar_driver.cpp:[m[K At global scope:
[30.717s] [01m[K/home/puzzlebot/ros2_ws/src/sllidar_ros2/sdk/src/sl_lidar_driver.cpp:83:17:[m[K [01;35m[Kwarning: [m[K‘[01m[Kvoid sl::convert(const sl_lidar_response_measurement_node_hq_t&, sl_lidar_response_measurement_node_t&)[m[K’ defined but not used [[01;35m[K-Wunused-function[m[K]
[30.718s]      static void [01;35m[Kconvert[m[K(const sl_lidar_response_measurement_node_hq_t& from, sl_lidar_response_measurement_node_t& to)
[30.719s]                  [01;35m[K^~~~~~~[m[K
[30.720s] [01m[K/home/puzzlebot/ros2_ws/src/sllidar_ros2/sdk/src/sl_lidar_driver.cpp:75:17:[m[K [01;35m[Kwarning: [m[K‘[01m[Kvoid sl::convert(const sl_lidar_response_measurement_node_t&, sl_lidar_response_measurement_node_hq_t&)[m[K’ defined but not used [[01;35m[K-Wunused-function[m[K]
[30.721s]      static void [01;35m[Kconvert[m[K(const sl_lidar_response_measurement_node_t& from, sl_lidar_response_measurement_node_hq_t& to)
[30.721s]                  [01;35m[K^~~~~~~[m[K
[30.722s] [01m[K/home/puzzlebot/ros2_ws/src/sllidar_ros2/sdk/src/sl_lidar_driver.cpp:70:17:[m[K [01;35m[Kwarning: [m[K‘[01m[Kvoid sl::printDeprecationWarn(const char*, const char*)[m[K’ defined but not used [[01;35m[K-Wunused-function[m[K]
[30.723s]      static void [01;35m[KprintDeprecationWarn[m[K(const char* fn, const char* replacement)
[30.724s]                  [01;35m[K^~~~~~~~~~~~~~~~~~~~[m[K
[30.995s] In file included from [01m[K/home/puzzlebot/ros2_ws/src/sllidar_ros2/sdk/src/sl_lidarprotocol_codec.cpp:49[m[K:
[30.996s] [01m[K/home/puzzlebot/ros2_ws/src/sllidar_ros2/sdk/src/sl_async_transceiver.h:[m[K In member function ‘[01m[Kvirtual void sl::internal::IAsyncProtocolCodec::onChannelError(u_result)[m[K’:
[30.997s] [01m[K/home/puzzlebot/ros2_ws/src/sllidar_ros2/sdk/src/sl_async_transceiver.h:90:41:[m[K [01;35m[Kwarning: [m[Kunused parameter ‘[01m[KerrCode[m[K’ [[01;35m[K-Wunused-parameter[m[K]
[30.998s]   virtual void   onChannelError([01;35m[Ku_result errCode[m[K) {}
[30.998s]                                 [01;35m[K~~~~~~~~~^~~~~~~[m[K
[32.641s] [ 80%] [32mBuilding CXX object CMakeFiles/sllidar_node.dir/sdk/src/sl_serial_channel.cpp.o[0m
[33.150s] [ 85%] [32mBuilding CXX object CMakeFiles/sllidar_node.dir/sdk/src/sl_tcp_channel.cpp.o[0m
[34.284s] In file included from [01m[K/home/puzzlebot/ros2_ws/src/sllidar_ros2/./sdk/include/sl_lidar_cmd.h:41[m[K,
[34.285s]                  from [01m[K/home/puzzlebot/ros2_ws/src/sllidar_ros2/./sdk/include/sl_lidar_driver.h:54[m[K,
[34.285s]                  from [01m[K/home/puzzlebot/ros2_ws/src/sllidar_ros2/sdk/src/sl_serial_channel.cpp:33[m[K:
[34.286s] [01m[K/home/puzzlebot/ros2_ws/src/sllidar_ros2/./sdk/include/sl_lidar_protocol.h:66:17:[m[K [01;35m[Kwarning: [m[KISO C++ forbids zero-size array ‘[01m[Kdata[m[K’ [[01;35m[K-Wpedantic[m[K]
[34.286s]      sl_u8 data[0[01;35m[K][m[K;
[34.287s]                  [01;35m[K^[m[K
[34.290s] In file included from [01m[K/home/puzzlebot/ros2_ws/src/sllidar_ros2/./sdk/include/sl_lidar_driver.h:54[m[K,
[34.291s]                  from [01m[K/home/puzzlebot/ros2_ws/src/sllidar_ros2/sdk/src/sl_serial_channel.cpp:33[m[K:
[34.291s] [01m[K/home/puzzlebot/ros2_ws/src/sllidar_ros2/./sdk/include/sl_lidar_cmd.h:324:21:[m[K [01;35m[Kwarning: [m[KISO C++ forbids zero-size array ‘[01m[Kpayload[m[K’ [[01;35m[K-Wpedantic[m[K]
[34.292s]      sl_u8  payload[0[01;35m[K][m[K;
[34.292s]                      [01;35m[K^[m[K
[34.333s] In file included from [01m[K/home/puzzlebot/ros2_ws/src/sllidar_ros2/./sdk/include/sl_lidar_cmd.h:41[m[K,
[34.334s]                  from [01m[K/home/puzzlebot/ros2_ws/src/sllidar_ros2/./sdk/include/sl_lidar_driver.h:54[m[K,
[34.335s]                  from [01m[K/home/puzzlebot/ros2_ws/src/sllidar_ros2/sdk/src/sl_tcp_channel.cpp:33[m[K:
[34.336s] [01m[K/home/puzzlebot/ros2_ws/src/sllidar_ros2/./sdk/include/sl_lidar_protocol.h:66:17:[m[K [01;35m[Kwarning: [m[KISO C++ forbids zero-size array ‘[01m[Kdata[m[K’ [[01;35m[K-Wpedantic[m[K]
[34.337s]      sl_u8 data[0[01;35m[K][m[K;
[34.338s]                  [01;35m[K^[m[K
[34.341s] In file included from [01m[K/home/puzzlebot/ros2_ws/src/sllidar_ros2/./sdk/include/sl_lidar_driver.h:54[m[K,
[34.342s]                  from [01m[K/home/puzzlebot/ros2_ws/src/sllidar_ros2/sdk/src/sl_tcp_channel.cpp:33[m[K:
[34.343s] [01m[K/home/puzzlebot/ros2_ws/src/sllidar_ros2/./sdk/include/sl_lidar_cmd.h:324:21:[m[K [01;35m[Kwarning: [m[KISO C++ forbids zero-size array ‘[01m[Kpayload[m[K’ [[01;35m[K-Wpedantic[m[K]
[34.344s]      sl_u8  payload[0[01;35m[K][m[K;
[34.345s]                      [01;35m[K^[m[K
[34.367s] [01m[K/home/puzzlebot/ros2_ws/src/sllidar_ros2/sdk/src/sl_tcp_channel.cpp:[m[K In member function ‘[01m[Kvoid sl::TcpChannel::setStatus(_u32)[m[K’:
[34.368s] [01m[K/home/puzzlebot/ros2_ws/src/sllidar_ros2/sdk/src/sl_tcp_channel.cpp:109:29:[m[K [01;35m[Kwarning: [m[Kunused parameter ‘[01m[Kflag[m[K’ [[01;35m[K-Wunused-parameter[m[K]
[34.369s]          void setStatus([01;35m[K_u32 flag[m[K){}
[34.370s]                         [01;35m[K~~~~~^~~~[m[K
[34.750s] [ 90%] [32mBuilding CXX object CMakeFiles/sllidar_node.dir/sdk/src/sl_udp_channel.cpp.o[0m
[36.011s] In file included from [01m[K/home/puzzlebot/ros2_ws/src/sllidar_ros2/./sdk/include/sl_lidar_cmd.h:41[m[K,
[36.012s]                  from [01m[K/home/puzzlebot/ros2_ws/src/sllidar_ros2/./sdk/include/sl_lidar_driver.h:54[m[K,
[36.013s]                  from [01m[K/home/puzzlebot/ros2_ws/src/sllidar_ros2/sdk/src/sl_udp_channel.cpp:33[m[K:
[36.013s] [01m[K/home/puzzlebot/ros2_ws/src/sllidar_ros2/./sdk/include/sl_lidar_protocol.h:66:17:[m[K [01;35m[Kwarning: [m[KISO C++ forbids zero-size array ‘[01m[Kdata[m[K’ [[01;35m[K-Wpedantic[m[K]
[36.014s]      sl_u8 data[0[01;35m[K][m[K;
[36.014s]                  [01;35m[K^[m[K
[36.015s] In file included from [01m[K/home/puzzlebot/ros2_ws/src/sllidar_ros2/./sdk/include/sl_lidar_driver.h:54[m[K,
[36.016s]                  from [01m[K/home/puzzlebot/ros2_ws/src/sllidar_ros2/sdk/src/sl_udp_channel.cpp:33[m[K:
[36.016s] [01m[K/home/puzzlebot/ros2_ws/src/sllidar_ros2/./sdk/include/sl_lidar_cmd.h:324:21:[m[K [01;35m[Kwarning: [m[KISO C++ forbids zero-size array ‘[01m[Kpayload[m[K’ [[01;35m[K-Wpedantic[m[K]
[36.017s]      sl_u8  payload[0[01;35m[K][m[K;
[36.018s]                      [01;35m[K^[m[K
[36.039s] [01m[K/home/puzzlebot/ros2_ws/src/sllidar_ros2/sdk/src/sl_udp_channel.cpp:[m[K In member function ‘[01m[Kvoid sl::UdpChannel::setStatus(_u32)[m[K’:
[36.039s] [01m[K/home/puzzlebot/ros2_ws/src/sllidar_ros2/sdk/src/sl_udp_channel.cpp:112:29:[m[K [01;35m[Kwarning: [m[Kunused parameter ‘[01m[Kflag[m[K’ [[01;35m[K-Wunused-parameter[m[K]
[36.040s]          void setStatus([01;35m[K_u32 flag[m[K){}
[36.040s]                         [01;35m[K~~~~~^~~~[m[K
[42.044s] [ 95%] [32m[1mLinking CXX executable sllidar_node[0m
[43.965s] [ 95%] Built target sllidar_node
[53.182s] [100%] [32m[1mLinking CXX executable sllidar_client[0m
[55.081s] [100%] Built target sllidar_client
[55.166s] Invoked command in '/home/puzzlebot/ros2_ws/src/build/sllidar_ros2' returned '0': CMAKE_PREFIX_PATH=/home/puzzlebot/ros2_ws/install/puzzlebot_ros:/opt/ros/humble:${CMAKE_PREFIX_PATH} /usr/bin/cmake --build /home/puzzlebot/ros2_ws/src/build/sllidar_ros2 -- -j4 -l4
[55.471s] Invoking command in '/home/puzzlebot/ros2_ws/src/build/sllidar_ros2': CMAKE_PREFIX_PATH=/home/puzzlebot/ros2_ws/install/puzzlebot_ros:/opt/ros/humble:${CMAKE_PREFIX_PATH} /usr/bin/cmake --install /home/puzzlebot/ros2_ws/src/build/sllidar_ros2
[55.515s] -- Install configuration: ""
[55.517s] -- Execute custom install script
[55.523s] -- Symlinking: /home/puzzlebot/ros2_ws/src/install/sllidar_ros2/share/sllidar_ros2/launch/sllidar_a1_launch.py
[55.557s] -- Symlinking: /home/puzzlebot/ros2_ws/src/install/sllidar_ros2/share/sllidar_ros2/launch/sllidar_a2m12_launch .py
[55.592s] -- Symlinking: /home/puzzlebot/ros2_ws/src/install/sllidar_ros2/share/sllidar_ros2/launch/sllidar_a2m7_launch.py
[55.658s] -- Symlinking: /home/puzzlebot/ros2_ws/src/install/sllidar_ros2/share/sllidar_ros2/launch/sllidar_a2m8_launch.py
[55.662s] -- Symlinking: /home/puzzlebot/ros2_ws/src/install/sllidar_ros2/share/sllidar_ros2/launch/sllidar_a3_launch.py
[55.697s] -- Symlinking: /home/puzzlebot/ros2_ws/src/install/sllidar_ros2/share/sllidar_ros2/launch/sllidar_c1_launch.py
[55.732s] -- Symlinking: /home/puzzlebot/ros2_ws/src/install/sllidar_ros2/share/sllidar_ros2/launch/sllidar_s1_launch.py
[55.767s] -- Symlinking: /home/puzzlebot/ros2_ws/src/install/sllidar_ros2/share/sllidar_ros2/launch/sllidar_s1_tcp_launch.py
[55.801s] -- Symlinking: /home/puzzlebot/ros2_ws/src/install/sllidar_ros2/share/sllidar_ros2/launch/sllidar_s2_launch.py
[55.835s] -- Symlinking: /home/puzzlebot/ros2_ws/src/install/sllidar_ros2/share/sllidar_ros2/launch/sllidar_s2e_launch.py
[55.870s] -- Symlinking: /home/puzzlebot/ros2_ws/src/install/sllidar_ros2/share/sllidar_ros2/launch/sllidar_s3_launch.py
[55.904s] -- Symlinking: /home/puzzlebot/ros2_ws/src/install/sllidar_ros2/share/sllidar_ros2/launch/sllidar_t1_launch.py
[55.939s] -- Symlinking: /home/puzzlebot/ros2_ws/src/install/sllidar_ros2/share/sllidar_ros2/launch/view_sllidar_a1_launch.py
[55.973s] -- Symlinking: /home/puzzlebot/ros2_ws/src/install/sllidar_ros2/share/sllidar_ros2/launch/view_sllidar_a2m12_launch.py
[56.008s] -- Symlinking: /home/puzzlebot/ros2_ws/src/install/sllidar_ros2/share/sllidar_ros2/launch/view_sllidar_a2m7_launch.py
[56.043s] -- Symlinking: /home/puzzlebot/ros2_ws/src/install/sllidar_ros2/share/sllidar_ros2/launch/view_sllidar_a2m8_launch.py
[56.077s] -- Symlinking: /home/puzzlebot/ros2_ws/src/install/sllidar_ros2/share/sllidar_ros2/launch/view_sllidar_a3_launch.py
[56.112s] -- Symlinking: /home/puzzlebot/ros2_ws/src/install/sllidar_ros2/share/sllidar_ros2/launch/view_sllidar_c1_launch.py
[56.148s] -- Symlinking: /home/puzzlebot/ros2_ws/src/install/sllidar_ros2/share/sllidar_ros2/launch/view_sllidar_s1_launch.py
[56.183s] -- Symlinking: /home/puzzlebot/ros2_ws/src/install/sllidar_ros2/share/sllidar_ros2/launch/view_sllidar_s1_tcp_launch.py
[56.218s] -- Symlinking: /home/puzzlebot/ros2_ws/src/install/sllidar_ros2/share/sllidar_ros2/launch/view_sllidar_s2_launch.py
[56.252s] -- Symlinking: /home/puzzlebot/ros2_ws/src/install/sllidar_ros2/share/sllidar_ros2/launch/view_sllidar_s2e_launch.py
[56.286s] -- Symlinking: /home/puzzlebot/ros2_ws/src/install/sllidar_ros2/share/sllidar_ros2/launch/view_sllidar_s3_launch.py
[56.321s] -- Symlinking: /home/puzzlebot/ros2_ws/src/install/sllidar_ros2/share/sllidar_ros2/launch/view_sllidar_t1_launch.py
[56.359s] -- Symlinking: /home/puzzlebot/ros2_ws/src/install/sllidar_ros2/share/sllidar_ros2/rviz/sllidar_ros2.rviz
[56.396s] -- Symlinking: /home/puzzlebot/ros2_ws/src/install/sllidar_ros2/lib/sllidar_ros2/sllidar_node
[56.430s] -- Symlinking: /home/puzzlebot/ros2_ws/src/install/sllidar_ros2/lib/sllidar_ros2/sllidar_client
[56.468s] -- Symlinking: /home/puzzlebot/ros2_ws/src/install/sllidar_ros2/share/ament_index/resource_index/package_run_dependencies/sllidar_ros2
[56.505s] -- Symlinking: /home/puzzlebot/ros2_ws/src/install/sllidar_ros2/share/ament_index/resource_index/parent_prefix_path/sllidar_ros2
[56.548s] -- Symlinking: /home/puzzlebot/ros2_ws/src/install/sllidar_ros2/share/sllidar_ros2/environment/ament_prefix_path.sh
[56.587s] -- Symlinking: /home/puzzlebot/ros2_ws/src/install/sllidar_ros2/share/sllidar_ros2/environment/ament_prefix_path.dsv
[56.623s] -- Symlinking: /home/puzzlebot/ros2_ws/src/install/sllidar_ros2/share/sllidar_ros2/environment/path.sh
[56.657s] -- Symlinking: /home/puzzlebot/ros2_ws/src/install/sllidar_ros2/share/sllidar_ros2/environment/path.dsv
[56.691s] -- Symlinking: /home/puzzlebot/ros2_ws/src/install/sllidar_ros2/share/sllidar_ros2/local_setup.bash
[56.725s] -- Symlinking: /home/puzzlebot/ros2_ws/src/install/sllidar_ros2/share/sllidar_ros2/local_setup.sh
[56.761s] -- Symlinking: /home/puzzlebot/ros2_ws/src/install/sllidar_ros2/share/sllidar_ros2/local_setup.zsh
[56.796s] -- Symlinking: /home/puzzlebot/ros2_ws/src/install/sllidar_ros2/share/sllidar_ros2/local_setup.dsv
[56.833s] -- Symlinking: /home/puzzlebot/ros2_ws/src/install/sllidar_ros2/share/sllidar_ros2/package.dsv
[56.868s] -- Symlinking: /home/puzzlebot/ros2_ws/src/install/sllidar_ros2/share/ament_index/resource_index/packages/sllidar_ros2
[56.904s] -- Symlinking: /home/puzzlebot/ros2_ws/src/install/sllidar_ros2/share/sllidar_ros2/cmake/ament_cmake_export_dependencies-extras.cmake
[56.943s] -- Symlinking: /home/puzzlebot/ros2_ws/src/install/sllidar_ros2/share/sllidar_ros2/cmake/ament_cmake_export_include_directories-extras.cmake
[56.978s] -- Symlinking: /home/puzzlebot/ros2_ws/src/install/sllidar_ros2/share/sllidar_ros2/cmake/sllidar_ros2Config.cmake
[57.012s] -- Symlinking: /home/puzzlebot/ros2_ws/src/install/sllidar_ros2/share/sllidar_ros2/cmake/sllidar_ros2Config-version.cmake
[57.046s] -- Symlinking: /home/puzzlebot/ros2_ws/src/install/sllidar_ros2/share/sllidar_ros2/package.xml
[57.089s] Invoked command in '/home/puzzlebot/ros2_ws/src/build/sllidar_ros2' returned '0': CMAKE_PREFIX_PATH=/home/puzzlebot/ros2_ws/install/puzzlebot_ros:/opt/ros/humble:${CMAKE_PREFIX_PATH} /usr/bin/cmake --install /home/puzzlebot/ros2_ws/src/build/sllidar_ros2
