[7.415s] Invoking command in '/home/puzzlebot/ros2_ws/src/build/puzzlebot_ros': PYTHONPATH=/home/puzzlebot/ros2_ws/src/build/puzzlebot_ros/prefix_override:/home/puzzlebot/ros2_ws/src/install/puzzlebot_ros/lib/python3.8/site-packages:${PYTHONPATH} /usr/bin/python3 setup.py develop --editable --build-directory /home/puzzlebot/ros2_ws/src/build/puzzlebot_ros/build --no-deps install_data
[8.526s] running develop
[9.291s] running egg_info
[9.292s] writing puzzlebot_ros.egg-info/PKG-INFO
[9.294s] writing dependency_links to puzzlebot_ros.egg-info/dependency_links.txt
[9.294s] writing entry points to puzzlebot_ros.egg-info/entry_points.txt
[9.295s] writing requirements to puzzlebot_ros.egg-info/requires.txt
[9.295s] writing top-level names to puzzlebot_ros.egg-info/top_level.txt
[9.447s] reading manifest file 'puzzlebot_ros.egg-info/SOURCES.txt'
[9.452s] writing manifest file 'puzzlebot_ros.egg-info/SOURCES.txt'
[9.664s] running build_ext
[9.668s] Creating /home/puzzlebot/ros2_ws/src/install/puzzlebot_ros/lib/python3.8/site-packages/puzzlebot-ros.egg-link (link to .)
[9.671s] Installing distance_control script to /home/puzzlebot/ros2_ws/src/install/puzzlebot_ros/lib/puzzlebot_ros
[9.672s] Installing goto_point script to /home/puzzlebot/ros2_ws/src/install/puzzlebot_ros/lib/puzzlebot_ros
[9.673s] Installing kalman script to /home/puzzlebot/ros2_ws/src/install/puzzlebot_ros/lib/puzzlebot_ros
[9.673s] Installing kalman_aruco script to /home/puzzlebot/ros2_ws/src/install/puzzlebot_ros/lib/puzzlebot_ros
[9.674s] Installing pwm_control script to /home/puzzlebot/ros2_ws/src/install/puzzlebot_ros/lib/puzzlebot_ros
[9.674s] Installing test_imu script to /home/puzzlebot/ros2_ws/src/install/puzzlebot_ros/lib/puzzlebot_ros
[9.675s] Installing velocity_control script to /home/puzzlebot/ros2_ws/src/install/puzzlebot_ros/lib/puzzlebot_ros
[9.675s] 
[9.675s] Installed /home/puzzlebot/ros2_ws/src/build/puzzlebot_ros
[9.676s] running install_data
[9.817s] Invoked command in '/home/puzzlebot/ros2_ws/src/build/puzzlebot_ros' returned '0': PYTHONPATH=/home/puzzlebot/ros2_ws/src/build/puzzlebot_ros/prefix_override:/home/puzzlebot/ros2_ws/src/install/puzzlebot_ros/lib/python3.8/site-packages:${PYTHONPATH} /usr/bin/python3 setup.py develop --editable --build-directory /home/puzzlebot/ros2_ws/src/build/puzzlebot_ros/build --no-deps install_data
