[6.508s] Invoking command in '/home/puzzlebot/ros2_ws/build/puzzlebot_ros': PYTHONPATH=/home/puzzlebot/ros2_ws/build/puzzlebot_ros/prefix_override:/home/puzzlebot/ros2_ws/install/puzzlebot_ros/lib/python3.8/site-packages:${PYTHONPATH} /usr/bin/python3 setup.py develop --editable --build-directory /home/puzzlebot/ros2_ws/build/puzzlebot_ros/build --no-deps install_data
[7.760s] running develop
[8.658s] running egg_info
[8.659s] writing puzzlebot_ros.egg-info/PKG-INFO
[8.660s] writing dependency_links to puzzlebot_ros.egg-info/dependency_links.txt
[8.661s] writing entry points to puzzlebot_ros.egg-info/entry_points.txt
[8.662s] writing requirements to puzzlebot_ros.egg-info/requires.txt
[8.662s] writing top-level names to puzzlebot_ros.egg-info/top_level.txt
[8.823s] reading manifest file 'puzzlebot_ros.egg-info/SOURCES.txt'
[8.829s] writing manifest file 'puzzlebot_ros.egg-info/SOURCES.txt'
[9.044s] running build_ext
[9.046s] Creating /home/puzzlebot/ros2_ws/install/puzzlebot_ros/lib/python3.8/site-packages/puzzlebot-ros.egg-link (link to .)
[9.050s] Installing camera_compress script to /home/puzzlebot/ros2_ws/install/puzzlebot_ros/lib/puzzlebot_ros
[9.054s] Installing camera_node script to /home/puzzlebot/ros2_ws/install/puzzlebot_ros/lib/puzzlebot_ros
[9.054s] Installing cmd_vel_to_wheels script to /home/puzzlebot/ros2_ws/install/puzzlebot_ros/lib/puzzlebot_ros
[9.055s] Installing distance_control script to /home/puzzlebot/ros2_ws/install/puzzlebot_ros/lib/puzzlebot_ros
[9.058s] Installing ekf_slam script to /home/puzzlebot/ros2_ws/install/puzzlebot_ros/lib/puzzlebot_ros
[9.059s] Installing goto_point script to /home/puzzlebot/ros2_ws/install/puzzlebot_ros/lib/puzzlebot_ros
[9.060s] Installing kalman script to /home/puzzlebot/ros2_ws/install/puzzlebot_ros/lib/puzzlebot_ros
[9.061s] Installing kalman_aruco script to /home/puzzlebot/ros2_ws/install/puzzlebot_ros/lib/puzzlebot_ros
[9.062s] Installing navigator script to /home/puzzlebot/ros2_ws/install/puzzlebot_ros/lib/puzzlebot_ros
[9.063s] Installing pwm_control script to /home/puzzlebot/ros2_ws/install/puzzlebot_ros/lib/puzzlebot_ros
[9.063s] Installing test_imu script to /home/puzzlebot/ros2_ws/install/puzzlebot_ros/lib/puzzlebot_ros
[9.064s] Installing velocity_control script to /home/puzzlebot/ros2_ws/install/puzzlebot_ros/lib/puzzlebot_ros
[9.064s] 
[9.065s] Installed /home/puzzlebot/ros2_ws/build/puzzlebot_ros
[9.065s] running install_data
[9.066s] copying launch/mapping.launch.py -> /home/puzzlebot/ros2_ws/install/puzzlebot_ros/share/puzzlebot_ros
[9.066s] copying launch/forklift.launch.py -> /home/puzzlebot/ros2_ws/install/puzzlebot_ros/share/puzzlebot_ros
[9.205s] Invoked command in '/home/puzzlebot/ros2_ws/build/puzzlebot_ros' returned '0': PYTHONPATH=/home/puzzlebot/ros2_ws/build/puzzlebot_ros/prefix_override:/home/puzzlebot/ros2_ws/install/puzzlebot_ros/lib/python3.8/site-packages:${PYTHONPATH} /usr/bin/python3 setup.py develop --editable --build-directory /home/puzzlebot/ros2_ws/build/puzzlebot_ros/build --no-deps install_data
