[12.085s] Invoking command in '/home/puzzlebot/ros2_ws/build/puzzlebot_ros': PYTHONPATH=/home/puzzlebot/ros2_ws/build/puzzlebot_ros/prefix_override:/home/puzzlebot/ros2_ws/install/puzzlebot_ros/lib/python3.8/site-packages:${PYTHONPATH} /usr/bin/python3 setup.py develop --editable --build-directory /home/puzzlebot/ros2_ws/build/puzzlebot_ros/build --no-deps install_data
[14.904s] running develop
[15.688s] running egg_info
[15.689s] writing puzzlebot_ros.egg-info/PKG-INFO
[15.690s] writing dependency_links to puzzlebot_ros.egg-info/dependency_links.txt
[15.692s] writing entry points to puzzlebot_ros.egg-info/entry_points.txt
[15.692s] writing requirements to puzzlebot_ros.egg-info/requires.txt
[15.692s] writing top-level names to puzzlebot_ros.egg-info/top_level.txt
[16.009s] reading manifest file 'puzzlebot_ros.egg-info/SOURCES.txt'
[16.014s] writing manifest file 'puzzlebot_ros.egg-info/SOURCES.txt'
[16.267s] running build_ext
[16.270s] Creating /home/puzzlebot/ros2_ws/install/puzzlebot_ros/lib/python3.8/site-packages/puzzlebot-ros.egg-link (link to .)
[16.273s] Installing distance_control script to /home/puzzlebot/ros2_ws/install/puzzlebot_ros/lib/puzzlebot_ros
[16.277s] Installing ekf_slam script to /home/puzzlebot/ros2_ws/install/puzzlebot_ros/lib/puzzlebot_ros
[16.278s] Installing goto_point script to /home/puzzlebot/ros2_ws/install/puzzlebot_ros/lib/puzzlebot_ros
[16.279s] Installing kalman script to /home/puzzlebot/ros2_ws/install/puzzlebot_ros/lib/puzzlebot_ros
[16.280s] Installing kalman_aruco script to /home/puzzlebot/ros2_ws/install/puzzlebot_ros/lib/puzzlebot_ros
[16.281s] Installing navigator script to /home/puzzlebot/ros2_ws/install/puzzlebot_ros/lib/puzzlebot_ros
[16.283s] Installing pwm_control script to /home/puzzlebot/ros2_ws/install/puzzlebot_ros/lib/puzzlebot_ros
[16.283s] Installing test_imu script to /home/puzzlebot/ros2_ws/install/puzzlebot_ros/lib/puzzlebot_ros
[16.284s] Installing velocity_control script to /home/puzzlebot/ros2_ws/install/puzzlebot_ros/lib/puzzlebot_ros
[16.284s] 
[16.284s] Installed /home/puzzlebot/ros2_ws/build/puzzlebot_ros
[16.285s] running install_data
[16.286s] copying launch/forklift.launch.py -> /home/puzzlebot/ros2_ws/install/puzzlebot_ros/share/puzzlebot_ros
[16.423s] Invoked command in '/home/puzzlebot/ros2_ws/build/puzzlebot_ros' returned '0': PYTHONPATH=/home/puzzlebot/ros2_ws/build/puzzlebot_ros/prefix_override:/home/puzzlebot/ros2_ws/install/puzzlebot_ros/lib/python3.8/site-packages:${PYTHONPATH} /usr/bin/python3 setup.py develop --editable --build-directory /home/puzzlebot/ros2_ws/build/puzzlebot_ros/build --no-deps install_data
