[12.732s] DEBUG:colcon:Command line arguments: ['/usr/bin/colcon', 'build', '--packages-select', 'puzzlebot_ros', '--symlink-install']
[12.733s] DEBUG:colcon:Parsed command line arguments: Namespace(allow_overriding=[], ament_cmake_args=None, base_paths=['.'], build_base='build', catkin_cmake_args=None, catkin_skip_building_tests=False, cmake_args=None, cmake_clean_cache=False, cmake_clean_first=False, cmake_force_configure=False, cmake_target=None, cmake_target_skip_unavailable=False, continue_on_error=False, event_handlers=None, executor='parallel', ignore_user_meta=False, install_base='install', log_base=None, log_level=None, main=<bound method BuildVerb.main of <colcon_core.verb.build.BuildVerb object at 0x7fa15dc3d0>>, merge_install=False, metas=['./colcon.meta'], packages_above=None, packages_above_and_dependencies=None, packages_above_depth=None, packages_end=None, packages_ignore=None, packages_ignore_regex=None, packages_select=['puzzlebot_ros'], packages_select_build_failed=False, packages_select_by_dep=None, packages_select_regex=None, packages_select_test_failures=False, packages_skip=None, packages_skip_build_finished=False, packages_skip_by_dep=None, packages_skip_regex=None, packages_skip_test_passed=False, packages_skip_up_to=None, packages_start=None, packages_up_to=None, packages_up_to_regex=None, parallel_workers=4, paths=None, symlink_install=True, test_result_base=None, verb_extension=<colcon_core.verb.build.BuildVerb object at 0x7fa15dc3d0>, verb_name='build', verb_parser=<colcon_defaults.argument_parser.defaults.DefaultArgumentsDecorator object at 0x7fa1575d90>)
[13.342s] Level 1:colcon.colcon_core.package_discovery:discover_packages(colcon_meta) check parameters
[13.342s] Level 1:colcon.colcon_core.package_discovery:discover_packages(recursive) check parameters
[13.343s] Level 1:colcon.colcon_core.package_discovery:discover_packages(ignore) check parameters
[13.343s] Level 1:colcon.colcon_core.package_discovery:discover_packages(path) check parameters
[13.343s] Level 1:colcon.colcon_core.package_discovery:discover_packages(colcon_meta) discover
[13.343s] Level 1:colcon.colcon_core.package_discovery:discover_packages(recursive) discover
[13.343s] INFO:colcon.colcon_core.package_discovery:Crawling recursively for packages in '/home/puzzlebot/ros2_ws'
[13.344s] Level 1:colcon.colcon_core.package_identification:_identify(.) by extensions ['ignore', 'ignore_ament_install']
[13.344s] Level 1:colcon.colcon_core.package_identification:_identify(.) by extension 'ignore'
[13.345s] Level 1:colcon.colcon_core.package_identification:_identify(.) by extension 'ignore_ament_install'
[13.345s] Level 1:colcon.colcon_core.package_identification:_identify(.) by extensions ['colcon_pkg']
[13.345s] Level 1:colcon.colcon_core.package_identification:_identify(.) by extension 'colcon_pkg'
[13.345s] Level 1:colcon.colcon_core.package_identification:_identify(.) by extensions ['colcon_meta']
[13.345s] Level 1:colcon.colcon_core.package_identification:_identify(.) by extension 'colcon_meta'
[13.346s] Level 1:colcon.colcon_core.package_identification:_identify(.) by extensions ['ros']
[13.346s] Level 1:colcon.colcon_core.package_identification:_identify(.) by extension 'ros'
[13.402s] Level 1:colcon.colcon_core.package_identification:_identify(.) by extensions ['cmake', 'python']
[13.403s] Level 1:colcon.colcon_core.package_identification:_identify(.) by extension 'cmake'
[13.403s] Level 1:colcon.colcon_core.package_identification:_identify(.) by extension 'python'
[13.403s] Level 1:colcon.colcon_core.package_identification:_identify(.) by extensions ['python_setup_py']
[13.403s] Level 1:colcon.colcon_core.package_identification:_identify(.) by extension 'python_setup_py'
[13.404s] Level 1:colcon.colcon_core.package_identification:_identify(build) by extensions ['ignore', 'ignore_ament_install']
[13.404s] Level 1:colcon.colcon_core.package_identification:_identify(build) by extension 'ignore'
[13.404s] Level 1:colcon.colcon_core.package_identification:_identify(build) ignored
[13.405s] Level 1:colcon.colcon_core.package_identification:_identify(install) by extensions ['ignore', 'ignore_ament_install']
[13.405s] Level 1:colcon.colcon_core.package_identification:_identify(install) by extension 'ignore'
[13.406s] Level 1:colcon.colcon_core.package_identification:_identify(install) ignored
[13.406s] Level 1:colcon.colcon_core.package_identification:_identify(log) by extensions ['ignore', 'ignore_ament_install']
[13.406s] Level 1:colcon.colcon_core.package_identification:_identify(log) by extension 'ignore'
[13.406s] Level 1:colcon.colcon_core.package_identification:_identify(log) ignored
[13.407s] Level 1:colcon.colcon_core.package_identification:_identify(src) by extensions ['ignore', 'ignore_ament_install']
[13.407s] Level 1:colcon.colcon_core.package_identification:_identify(src) by extension 'ignore'
[13.407s] Level 1:colcon.colcon_core.package_identification:_identify(src) by extension 'ignore_ament_install'
[13.408s] Level 1:colcon.colcon_core.package_identification:_identify(src) by extensions ['colcon_pkg']
[13.408s] Level 1:colcon.colcon_core.package_identification:_identify(src) by extension 'colcon_pkg'
[13.408s] Level 1:colcon.colcon_core.package_identification:_identify(src) by extensions ['colcon_meta']
[13.408s] Level 1:colcon.colcon_core.package_identification:_identify(src) by extension 'colcon_meta'
[13.408s] Level 1:colcon.colcon_core.package_identification:_identify(src) by extensions ['ros']
[13.409s] Level 1:colcon.colcon_core.package_identification:_identify(src) by extension 'ros'
[13.409s] Level 1:colcon.colcon_core.package_identification:_identify(src) by extensions ['cmake', 'python']
[13.409s] Level 1:colcon.colcon_core.package_identification:_identify(src) by extension 'cmake'
[13.409s] Level 1:colcon.colcon_core.package_identification:_identify(src) by extension 'python'
[13.410s] Level 1:colcon.colcon_core.package_identification:_identify(src) by extensions ['python_setup_py']
[13.410s] Level 1:colcon.colcon_core.package_identification:_identify(src) by extension 'python_setup_py'
[13.410s] Level 1:colcon.colcon_core.package_identification:_identify(src/build) by extensions ['ignore', 'ignore_ament_install']
[13.410s] Level 1:colcon.colcon_core.package_identification:_identify(src/build) by extension 'ignore'
[13.411s] Level 1:colcon.colcon_core.package_identification:_identify(src/build) ignored
[13.411s] Level 1:colcon.colcon_core.package_identification:_identify(src/install) by extensions ['ignore', 'ignore_ament_install']
[13.411s] Level 1:colcon.colcon_core.package_identification:_identify(src/install) by extension 'ignore'
[13.412s] Level 1:colcon.colcon_core.package_identification:_identify(src/install) ignored
[13.412s] Level 1:colcon.colcon_core.package_identification:_identify(src/log) by extensions ['ignore', 'ignore_ament_install']
[13.412s] Level 1:colcon.colcon_core.package_identification:_identify(src/log) by extension 'ignore'
[13.413s] Level 1:colcon.colcon_core.package_identification:_identify(src/log) ignored
[13.413s] Level 1:colcon.colcon_core.package_identification:_identify(src/puzzlebot_ros) by extensions ['ignore', 'ignore_ament_install']
[13.413s] Level 1:colcon.colcon_core.package_identification:_identify(src/puzzlebot_ros) by extension 'ignore'
[13.414s] Level 1:colcon.colcon_core.package_identification:_identify(src/puzzlebot_ros) by extension 'ignore_ament_install'
[13.414s] Level 1:colcon.colcon_core.package_identification:_identify(src/puzzlebot_ros) by extensions ['colcon_pkg']
[13.414s] Level 1:colcon.colcon_core.package_identification:_identify(src/puzzlebot_ros) by extension 'colcon_pkg'
[13.414s] Level 1:colcon.colcon_core.package_identification:_identify(src/puzzlebot_ros) by extensions ['colcon_meta']
[13.414s] Level 1:colcon.colcon_core.package_identification:_identify(src/puzzlebot_ros) by extension 'colcon_meta'
[13.415s] Level 1:colcon.colcon_core.package_identification:_identify(src/puzzlebot_ros) by extensions ['ros']
[13.415s] Level 1:colcon.colcon_core.package_identification:_identify(src/puzzlebot_ros) by extension 'ros'
[13.428s] DEBUG:colcon.colcon_core.package_identification:Package 'src/puzzlebot_ros' with type 'ros.ament_python' and name 'puzzlebot_ros'
[13.429s] Level 1:colcon.colcon_core.package_identification:_identify(src/sllidar_ros2) by extensions ['ignore', 'ignore_ament_install']
[13.429s] Level 1:colcon.colcon_core.package_identification:_identify(src/sllidar_ros2) by extension 'ignore'
[13.429s] Level 1:colcon.colcon_core.package_identification:_identify(src/sllidar_ros2) by extension 'ignore_ament_install'
[13.430s] Level 1:colcon.colcon_core.package_identification:_identify(src/sllidar_ros2) by extensions ['colcon_pkg']
[13.430s] Level 1:colcon.colcon_core.package_identification:_identify(src/sllidar_ros2) by extension 'colcon_pkg'
[13.430s] Level 1:colcon.colcon_core.package_identification:_identify(src/sllidar_ros2) by extensions ['colcon_meta']
[13.430s] Level 1:colcon.colcon_core.package_identification:_identify(src/sllidar_ros2) by extension 'colcon_meta'
[13.430s] Level 1:colcon.colcon_core.package_identification:_identify(src/sllidar_ros2) by extensions ['ros']
[13.431s] Level 1:colcon.colcon_core.package_identification:_identify(src/sllidar_ros2) by extension 'ros'
[13.434s] DEBUG:colcon.colcon_core.package_identification:Package 'src/sllidar_ros2' with type 'ros.ament_cmake' and name 'sllidar_ros2'
[13.435s] Level 1:colcon.colcon_core.package_discovery:discover_packages(recursive) using defaults
[13.435s] Level 1:colcon.colcon_core.package_discovery:discover_packages(ignore) discover
[13.435s] Level 1:colcon.colcon_core.package_discovery:discover_packages(ignore) using defaults
[13.435s] Level 1:colcon.colcon_core.package_discovery:discover_packages(path) discover
[13.435s] Level 1:colcon.colcon_core.package_discovery:discover_packages(path) using defaults
[14.125s] INFO:colcon.colcon_core.package_selection:Skipping not selected package 'sllidar_ros2' in 'src/sllidar_ros2'
[14.523s] Level 1:colcon.colcon_core.package_discovery:discover_packages(prefix_path) check parameters
[14.524s] Level 1:colcon.colcon_core.package_discovery:discover_packages(prefix_path) discover
[14.935s] DEBUG:colcon.colcon_installed_package_information.package_discovery:Found 2 installed packages in /home/puzzlebot/ros2_ws/install
[15.136s] DEBUG:colcon.colcon_installed_package_information.package_discovery:Found 5 installed packages in /home/puzzlebot/ros2_packages_ws/install
[15.340s] DEBUG:colcon.colcon_installed_package_information.package_discovery:Found 276 installed packages in /opt/ros/humble
[15.348s] Level 1:colcon.colcon_core.package_discovery:discover_packages(prefix_path) using defaults
[16.353s] Level 5:colcon.colcon_core.verb:set package 'puzzlebot_ros' build argument 'cmake_args' from command line to 'None'
[16.353s] Level 5:colcon.colcon_core.verb:set package 'puzzlebot_ros' build argument 'cmake_target' from command line to 'None'
[16.354s] Level 5:colcon.colcon_core.verb:set package 'puzzlebot_ros' build argument 'cmake_target_skip_unavailable' from command line to 'False'
[16.354s] Level 5:colcon.colcon_core.verb:set package 'puzzlebot_ros' build argument 'cmake_clean_cache' from command line to 'False'
[16.354s] Level 5:colcon.colcon_core.verb:set package 'puzzlebot_ros' build argument 'cmake_clean_first' from command line to 'False'
[16.354s] Level 5:colcon.colcon_core.verb:set package 'puzzlebot_ros' build argument 'cmake_force_configure' from command line to 'False'
[16.354s] Level 5:colcon.colcon_core.verb:set package 'puzzlebot_ros' build argument 'ament_cmake_args' from command line to 'None'
[16.354s] Level 5:colcon.colcon_core.verb:set package 'puzzlebot_ros' build argument 'catkin_cmake_args' from command line to 'None'
[16.354s] Level 5:colcon.colcon_core.verb:set package 'puzzlebot_ros' build argument 'catkin_skip_building_tests' from command line to 'False'
[16.355s] DEBUG:colcon.colcon_core.verb:Building package 'puzzlebot_ros' with the following arguments: {'ament_cmake_args': None, 'build_base': '/home/puzzlebot/ros2_ws/build/puzzlebot_ros', 'catkin_cmake_args': None, 'catkin_skip_building_tests': False, 'cmake_args': None, 'cmake_clean_cache': False, 'cmake_clean_first': False, 'cmake_force_configure': False, 'cmake_target': None, 'cmake_target_skip_unavailable': False, 'install_base': '/home/puzzlebot/ros2_ws/install/puzzlebot_ros', 'merge_install': False, 'path': '/home/puzzlebot/ros2_ws/src/puzzlebot_ros', 'symlink_install': True, 'test_result_base': None}
[16.559s] INFO:colcon.colcon_core.executor:Executing jobs using 'parallel' executor
[16.765s] DEBUG:colcon.colcon_parallel_executor.executor.parallel:run_until_complete
[16.765s] INFO:colcon.colcon_ros.task.ament_python.build:Building ROS package in '/home/puzzlebot/ros2_ws/src/puzzlebot_ros' with build type 'ament_python'
[16.766s] Level 1:colcon.colcon_core.shell:create_environment_hook('puzzlebot_ros', 'ament_prefix_path')
[16.996s] INFO:colcon.colcon_core.plugin_system:Skipping extension 'colcon_core.shell.bat': Not used on non-Windows systems
[16.998s] INFO:colcon.colcon_core.shell:Creating environment hook '/home/puzzlebot/ros2_ws/install/puzzlebot_ros/share/puzzlebot_ros/hook/ament_prefix_path.ps1'
[17.001s] INFO:colcon.colcon_core.shell:Creating environment descriptor '/home/puzzlebot/ros2_ws/install/puzzlebot_ros/share/puzzlebot_ros/hook/ament_prefix_path.dsv'
[17.006s] INFO:colcon.colcon_core.shell:Creating environment hook '/home/puzzlebot/ros2_ws/install/puzzlebot_ros/share/puzzlebot_ros/hook/ament_prefix_path.sh'
[17.223s] INFO:colcon.colcon_core.shell:Skip shell extension 'powershell' for command environment: Not usable outside of PowerShell
[17.223s] DEBUG:colcon.colcon_core.shell:Skip shell extension 'dsv' for command environment
[19.326s] INFO:colcon.colcon_core.task.python.build:Building Python package in '/home/puzzlebot/ros2_ws/src/puzzlebot_ros'
[19.579s] INFO:colcon.colcon_core.shell:Skip shell extension 'powershell' for command environment: Not usable outside of PowerShell
[19.580s] DEBUG:colcon.colcon_core.shell:Skip shell extension 'dsv' for command environment
[20.356s] DEBUG:colcon.colcon_parallel_executor.executor.parallel:run_until_complete was interrupted
[20.357s] DEBUG:colcon.colcon_parallel_executor.executor.parallel:run_until_complete again
[20.358s] DEBUG:colcon.colcon_parallel_executor.executor.parallel:run_until_complete finished
[20.359s] DEBUG:colcon.colcon_parallel_executor.executor.parallel:closing loop
[20.360s] DEBUG:colcon.colcon_parallel_executor.executor.parallel:loop closed
[20.360s] DEBUG:colcon.colcon_core.event_reactor:joining thread
[20.362s] ERROR:colcon.colcon_core.event_reactor:Exception in event handler extension 'console_start_end': [Errno 32] Broken pipe
Traceback (most recent call last):
  File "/usr/lib/python3/dist-packages/colcon_core/event_reactor.py", line 78, in _notify_observers
    retval = observer(event)
  File "/usr/lib/python3/dist-packages/colcon_core/event_handler/console_start_end.py", line 64, in __call__
    print(msg, file=writable, flush=True)
BrokenPipeError: [Errno 32] Broken pipe

[20.612s] INFO:colcon.colcon_core.plugin_system:Skipping extension 'colcon_notification.desktop_notification.terminal_notifier': Not used on non-Darwin systems
[20.612s] INFO:colcon.colcon_core.plugin_system:Skipping extension 'colcon_notification.desktop_notification.win32': Not used on non-Windows systems
[20.613s] INFO:colcon.colcon_notification.desktop_notification:Sending desktop notification using 'notify2'
[20.729s] DEBUG:colcon.colcon_core.event_reactor:joined thread
[20.961s] INFO:colcon.colcon_core.shell:Creating prefix script '/home/puzzlebot/ros2_ws/install/local_setup.ps1'
[20.967s] INFO:colcon.colcon_core.shell:Creating prefix util module '/home/puzzlebot/ros2_ws/install/_local_setup_util_ps1.py'
[20.975s] INFO:colcon.colcon_core.shell:Creating prefix chain script '/home/puzzlebot/ros2_ws/install/setup.ps1'
[21.191s] INFO:colcon.colcon_core.shell:Creating prefix script '/home/puzzlebot/ros2_ws/install/local_setup.sh'
[21.196s] INFO:colcon.colcon_core.shell:Creating prefix util module '/home/puzzlebot/ros2_ws/install/_local_setup_util_sh.py'
[21.198s] INFO:colcon.colcon_core.shell:Creating prefix chain script '/home/puzzlebot/ros2_ws/install/setup.sh'
[21.414s] INFO:colcon.colcon_core.shell:Creating prefix script '/home/puzzlebot/ros2_ws/install/local_setup.bash'
[21.421s] INFO:colcon.colcon_core.shell:Creating prefix chain script '/home/puzzlebot/ros2_ws/install/setup.bash'
[21.644s] INFO:colcon.colcon_core.shell:Creating prefix script '/home/puzzlebot/ros2_ws/install/local_setup.zsh'
[21.650s] INFO:colcon.colcon_core.shell:Creating prefix chain script '/home/puzzlebot/ros2_ws/install/setup.zsh'
