[7.325s] Invoking command in '/home/puzzlebot/ros2_ws/build/puzzlebot_ros': PYTHONPATH=/home/puzzlebot/ros2_ws/build/puzzlebot_ros/prefix_override:/home/puzzlebot/ros2_ws/install/puzzlebot_ros/lib/python3.8/site-packages:${PYTHONPATH} /usr/bin/python3 setup.py develop --editable --build-directory /home/puzzlebot/ros2_ws/build/puzzlebot_ros/build --no-deps install_data
[8.435s] running develop
[9.215s] running egg_info
[9.217s] writing puzzlebot_ros.egg-info/PKG-INFO
[9.218s] writing dependency_links to puzzlebot_ros.egg-info/dependency_links.txt
[9.218s] writing entry points to puzzlebot_ros.egg-info/entry_points.txt
[9.219s] writing requirements to puzzlebot_ros.egg-info/requires.txt
[9.219s] writing top-level names to puzzlebot_ros.egg-info/top_level.txt
[9.373s] reading manifest file 'puzzlebot_ros.egg-info/SOURCES.txt'
[9.377s] writing manifest file 'puzzlebot_ros.egg-info/SOURCES.txt'
[9.588s] running build_ext
[9.589s] Creating /home/puzzlebot/ros2_ws/install/puzzlebot_ros/lib/python3.8/site-packages/puzzlebot-ros.egg-link (link to .)
[9.593s] Installing distance_control script to /home/puzzlebot/ros2_ws/install/puzzlebot_ros/lib/puzzlebot_ros
[9.594s] Installing goto_point script to /home/puzzlebot/ros2_ws/install/puzzlebot_ros/lib/puzzlebot_ros
[9.595s] Installing kalman script to /home/puzzlebot/ros2_ws/install/puzzlebot_ros/lib/puzzlebot_ros
[9.595s] Installing kalman_aruco script to /home/puzzlebot/ros2_ws/install/puzzlebot_ros/lib/puzzlebot_ros
[9.596s] Installing pwm_control script to /home/puzzlebot/ros2_ws/install/puzzlebot_ros/lib/puzzlebot_ros
[9.596s] Installing test_imu script to /home/puzzlebot/ros2_ws/install/puzzlebot_ros/lib/puzzlebot_ros
[9.597s] Installing velocity_control script to /home/puzzlebot/ros2_ws/install/puzzlebot_ros/lib/puzzlebot_ros
[9.597s] 
[9.598s] Installed /home/puzzlebot/ros2_ws/build/puzzlebot_ros
[9.598s] running install_data
[9.735s] Invoked command in '/home/puzzlebot/ros2_ws/build/puzzlebot_ros' returned '0': PYTHONPATH=/home/puzzlebot/ros2_ws/build/puzzlebot_ros/prefix_override:/home/puzzlebot/ros2_ws/install/puzzlebot_ros/lib/python3.8/site-packages:${PYTHONPATH} /usr/bin/python3 setup.py develop --editable --build-directory /home/puzzlebot/ros2_ws/build/puzzlebot_ros/build --no-deps install_data
