running egg_info
writing ../ros2_ws/build/mcl_puzzlebot/mcl_puzzlebot.egg-info/PKG-INFO
writing dependency_links to ../ros2_ws/build/mcl_puzzlebot/mcl_puzzlebot.egg-info/dependency_links.txt
writing entry points to ../ros2_ws/build/mcl_puzzlebot/mcl_puzzlebot.egg-info/entry_points.txt
writing requirements to ../ros2_ws/build/mcl_puzzlebot/mcl_puzzlebot.egg-info/requires.txt
writing top-level names to ../ros2_ws/build/mcl_puzzlebot/mcl_puzzlebot.egg-info/top_level.txt
reading manifest file '../ros2_ws/build/mcl_puzzlebot/mcl_puzzlebot.egg-info/SOURCES.txt'
writing manifest file '../ros2_ws/build/mcl_puzzlebot/mcl_puzzlebot.egg-info/SOURCES.txt'
running build
running build_py
copying mcl_puzzlebot/mcl_node.py -> /home/humberto/ros2_ws/build/mcl_puzzlebot/build/lib/mcl_puzzlebot
running install
running install_lib
copying /home/humberto/ros2_ws/build/mcl_puzzlebot/build/lib/mcl_puzzlebot/mcl_node.py -> /home/humberto/ros2_ws/install/mcl_puzzlebot/lib/python3.10/site-packages/mcl_puzzlebot
byte-compiling /home/humberto/ros2_ws/install/mcl_puzzlebot/lib/python3.10/site-packages/mcl_puzzlebot/mcl_node.py to mcl_node.cpython-310.pyc
running install_data
copying package.xml -> /home/humberto/ros2_ws/install/mcl_puzzlebot/share/mcl_puzzlebot
copying launch/mcl_launch.py -> /home/humberto/ros2_ws/install/mcl_puzzlebot/share/mcl_puzzlebot/launch
copying worlds/mcl_room.world -> /home/humberto/ros2_ws/install/mcl_puzzlebot/share/mcl_puzzlebot/worlds
copying urdf/puzzlebot_gazebo.urdf -> /home/humberto/ros2_ws/install/mcl_puzzlebot/share/mcl_puzzlebot/urdf
copying maps/room_map.yaml -> /home/humberto/ros2_ws/install/mcl_puzzlebot/share/mcl_puzzlebot/maps
copying rviz/mcl_rviz.rviz -> /home/humberto/ros2_ws/install/mcl_puzzlebot/share/mcl_puzzlebot/rviz
running install_egg_info
removing '/home/humberto/ros2_ws/install/mcl_puzzlebot/lib/python3.10/site-packages/mcl_puzzlebot-1.0.0-py3.10.egg-info' (and everything under it)
Copying ../ros2_ws/build/mcl_puzzlebot/mcl_puzzlebot.egg-info to /home/humberto/ros2_ws/install/mcl_puzzlebot/lib/python3.10/site-packages/mcl_puzzlebot-1.0.0-py3.10.egg-info
running install_scripts
Installing mcl_node script to /home/humberto/ros2_ws/install/mcl_puzzlebot/lib/mcl_puzzlebot
writing list of installed files to '/home/humberto/ros2_ws/build/mcl_puzzlebot/install.log'
