[6.970s] Invoking command in '/home/puzzlebot/ros2_ws/src/build/puzzlebot_ros': PYTHONPATH=/home/puzzlebot/ros2_ws/src/build/puzzlebot_ros/prefix_override:/home/puzzlebot/ros2_ws/src/install/puzzlebot_ros/lib/python3.8/site-packages:${PYTHONPATH} /usr/bin/python3 setup.py develop --editable --build-directory /home/puzzlebot/ros2_ws/src/build/puzzlebot_ros/build --no-deps install_data
[8.200s] running develop
[9.021s] running egg_info
[9.022s] creating puzzlebot_ros.egg-info
[9.022s] writing puzzlebot_ros.egg-info/PKG-INFO
[9.023s] writing dependency_links to puzzlebot_ros.egg-info/dependency_links.txt
[9.024s] writing entry points to puzzlebot_ros.egg-info/entry_points.txt
[9.024s] writing requirements to puzzlebot_ros.egg-info/requires.txt
[9.025s] writing top-level names to puzzlebot_ros.egg-info/top_level.txt
[9.025s] writing manifest file 'puzzlebot_ros.egg-info/SOURCES.txt'
[9.184s] reading manifest file 'puzzlebot_ros.egg-info/SOURCES.txt'
[9.187s] writing manifest file 'puzzlebot_ros.egg-info/SOURCES.txt'
[9.397s] running build_ext
[9.400s] Creating /home/puzzlebot/ros2_ws/src/install/puzzlebot_ros/lib/python3.8/site-packages/site.py
[9.408s] Creating /home/puzzlebot/ros2_ws/src/install/puzzlebot_ros/lib/python3.8/site-packages/puzzlebot-ros.egg-link (link to .)
[9.411s] Installing distance_control script to /home/puzzlebot/ros2_ws/src/install/puzzlebot_ros/lib/puzzlebot_ros
[9.412s] Installing goto_point script to /home/puzzlebot/ros2_ws/src/install/puzzlebot_ros/lib/puzzlebot_ros
[9.412s] Installing kalman script to /home/puzzlebot/ros2_ws/src/install/puzzlebot_ros/lib/puzzlebot_ros
[9.413s] Installing kalman_aruco script to /home/puzzlebot/ros2_ws/src/install/puzzlebot_ros/lib/puzzlebot_ros
[9.413s] Installing pwm_control script to /home/puzzlebot/ros2_ws/src/install/puzzlebot_ros/lib/puzzlebot_ros
[9.414s] Installing test_imu script to /home/puzzlebot/ros2_ws/src/install/puzzlebot_ros/lib/puzzlebot_ros
[9.414s] Installing velocity_control script to /home/puzzlebot/ros2_ws/src/install/puzzlebot_ros/lib/puzzlebot_ros
[9.415s] 
[9.415s] Installed /home/puzzlebot/ros2_ws/src/build/puzzlebot_ros
[9.416s] running install_data
[9.416s] creating /home/puzzlebot/ros2_ws/src/install/puzzlebot_ros/share/ament_index
[9.417s] creating /home/puzzlebot/ros2_ws/src/install/puzzlebot_ros/share/ament_index/resource_index
[9.417s] creating /home/puzzlebot/ros2_ws/src/install/puzzlebot_ros/share/ament_index/resource_index/packages
[9.418s] copying resource/puzzlebot_ros -> /home/puzzlebot/ros2_ws/src/install/puzzlebot_ros/share/ament_index/resource_index/packages
[9.418s] copying package.xml -> /home/puzzlebot/ros2_ws/src/install/puzzlebot_ros/share/puzzlebot_ros
[9.419s] copying launch/camera_jetson.launch.py -> /home/puzzlebot/ros2_ws/src/install/puzzlebot_ros/share/puzzlebot_ros
[9.419s] copying launch/gazebo_aruco.launch.py -> /home/puzzlebot/ros2_ws/src/install/puzzlebot_ros/share/puzzlebot_ros
[9.419s] copying launch/gazebo_empty.launch.py -> /home/puzzlebot/ros2_ws/src/install/puzzlebot_ros/share/puzzlebot_ros
[9.420s] copying launch/micro_ros_agent.launch.py -> /home/puzzlebot/ros2_ws/src/install/puzzlebot_ros/share/puzzlebot_ros
[9.421s] copying launch/goto_kalman.launch.py -> /home/puzzlebot/ros2_ws/src/install/puzzlebot_ros/share/puzzlebot_ros
[9.421s] copying launch/marker_publisher.launch.py -> /home/puzzlebot/ros2_ws/src/install/puzzlebot_ros/share/puzzlebot_ros
[9.422s] copying launch/gazebo_box.launch.py -> /home/puzzlebot/ros2_ws/src/install/puzzlebot_ros/share/puzzlebot_ros
[9.423s] copying launch/aruco_jetson.launch.py -> /home/puzzlebot/ros2_ws/src/install/puzzlebot_ros/share/puzzlebot_ros
[9.566s] Invoked command in '/home/puzzlebot/ros2_ws/src/build/puzzlebot_ros' returned '0': PYTHONPATH=/home/puzzlebot/ros2_ws/src/build/puzzlebot_ros/prefix_override:/home/puzzlebot/ros2_ws/src/install/puzzlebot_ros/lib/python3.8/site-packages:${PYTHONPATH} /usr/bin/python3 setup.py develop --editable --build-directory /home/puzzlebot/ros2_ws/src/build/puzzlebot_ros/build --no-deps install_data
