/home/humberto/ros2_ws/install/mcl_puzzlebot/lib/python3.10/site-packages/mcl_puzzlebot/__init__.py
/home/humberto/ros2_ws/install/mcl_puzzlebot/lib/python3.10/site-packages/mcl_puzzlebot/mcl_node.py
/home/humberto/ros2_ws/install/mcl_puzzlebot/lib/python3.10/site-packages/mcl_puzzlebot/__pycache__/__init__.cpython-310.pyc
/home/humberto/ros2_ws/install/mcl_puzzlebot/lib/python3.10/site-packages/mcl_puzzlebot/__pycache__/mcl_node.cpython-310.pyc
/home/humberto/ros2_ws/install/mcl_puzzlebot/share/ament_index/resource_index/packages/mcl_puzzlebot
/home/humberto/ros2_ws/install/mcl_puzzlebot/share/mcl_puzzlebot/package.xml
/home/humberto/ros2_ws/install/mcl_puzzlebot/share/mcl_puzzlebot/launch/mcl_launch.py
/home/humberto/ros2_ws/install/mcl_puzzlebot/share/mcl_puzzlebot/worlds/mcl_room.world
/home/humberto/ros2_ws/install/mcl_puzzlebot/share/mcl_puzzlebot/urdf/puzzlebot_gazebo.urdf
/home/humberto/ros2_ws/install/mcl_puzzlebot/share/mcl_puzzlebot/maps/room_map.yaml
/home/humberto/ros2_ws/install/mcl_puzzlebot/share/mcl_puzzlebot/maps/room_map.png
/home/humberto/ros2_ws/install/mcl_puzzlebot/share/mcl_puzzlebot/rviz/mcl_rviz.rviz
/home/humberto/ros2_ws/install/mcl_puzzlebot/lib/python3.10/site-packages/mcl_puzzlebot-1.0.0-py3.10.egg-info/requires.txt
/home/humberto/ros2_ws/install/mcl_puzzlebot/lib/python3.10/site-packages/mcl_puzzlebot-1.0.0-py3.10.egg-info/top_level.txt
/home/humberto/ros2_ws/install/mcl_puzzlebot/lib/python3.10/site-packages/mcl_puzzlebot-1.0.0-py3.10.egg-info/entry_points.txt
/home/humberto/ros2_ws/install/mcl_puzzlebot/lib/python3.10/site-packages/mcl_puzzlebot-1.0.0-py3.10.egg-info/zip-safe
/home/humberto/ros2_ws/install/mcl_puzzlebot/lib/python3.10/site-packages/mcl_puzzlebot-1.0.0-py3.10.egg-info/PKG-INFO
/home/humberto/ros2_ws/install/mcl_puzzlebot/lib/python3.10/site-packages/mcl_puzzlebot-1.0.0-py3.10.egg-info/SOURCES.txt
/home/humberto/ros2_ws/install/mcl_puzzlebot/lib/python3.10/site-packages/mcl_puzzlebot-1.0.0-py3.10.egg-info/dependency_links.txt
/home/humberto/ros2_ws/install/mcl_puzzlebot/lib/mcl_puzzlebot/mcl_node
