[0.582s] Invoking command in '/home/humberto/ros2_ws/src/puzzlebot_sim': PYTHONPATH=/home/humberto/ros2_ws/build/puzzlebot_sim/prefix_override:/usr/lib/python3/dist-packages/colcon_core/task/python/colcon_distutils_commands:/home/humberto/ros2_ws/install/puzzlebot_sim/lib/python3.10/site-packages:${PYTHONPATH} /usr/bin/python3 -W ignore:setup.py install is deprecated -W ignore:easy_install command is deprecated setup.py egg_info --egg-base ../ros2_ws/build/puzzlebot_sim build --build-base /home/humberto/ros2_ws/build/puzzlebot_sim/build install --record /home/humberto/ros2_ws/build/puzzlebot_sim/install.log --single-version-externally-managed install_data
[0.810s] running egg_info
[0.811s] creating ../ros2_ws/build/puzzlebot_sim/puzzlebot_sim.egg-info
[0.811s] writing ../ros2_ws/build/puzzlebot_sim/puzzlebot_sim.egg-info/PKG-INFO
[0.811s] writing dependency_links to ../ros2_ws/build/puzzlebot_sim/puzzlebot_sim.egg-info/dependency_links.txt
[0.811s] writing entry points to ../ros2_ws/build/puzzlebot_sim/puzzlebot_sim.egg-info/entry_points.txt
[0.811s] writing requirements to ../ros2_ws/build/puzzlebot_sim/puzzlebot_sim.egg-info/requires.txt
[0.812s] writing top-level names to ../ros2_ws/build/puzzlebot_sim/puzzlebot_sim.egg-info/top_level.txt
[0.812s] writing manifest file '../ros2_ws/build/puzzlebot_sim/puzzlebot_sim.egg-info/SOURCES.txt'
[0.813s] reading manifest file '../ros2_ws/build/puzzlebot_sim/puzzlebot_sim.egg-info/SOURCES.txt'
[0.813s] writing manifest file '../ros2_ws/build/puzzlebot_sim/puzzlebot_sim.egg-info/SOURCES.txt'
[0.814s] running build
[0.814s] running build_py
[0.814s] creating /home/humberto/ros2_ws/build/puzzlebot_sim/build
[0.814s] creating /home/humberto/ros2_ws/build/puzzlebot_sim/build/lib
[0.814s] creating /home/humberto/ros2_ws/build/puzzlebot_sim/build/lib/puzzlebot_sim
[0.814s] copying puzzlebot_sim/joint_state_publisher.py -> /home/humberto/ros2_ws/build/puzzlebot_sim/build/lib/puzzlebot_sim
[0.814s] copying puzzlebot_sim/__init__.py -> /home/humberto/ros2_ws/build/puzzlebot_sim/build/lib/puzzlebot_sim
[0.814s] running install
[0.814s] running install_lib
[0.815s] creating /home/humberto/ros2_ws/install/puzzlebot_sim/lib/python3.10/site-packages/puzzlebot_sim
[0.815s] copying /home/humberto/ros2_ws/build/puzzlebot_sim/build/lib/puzzlebot_sim/joint_state_publisher.py -> /home/humberto/ros2_ws/install/puzzlebot_sim/lib/python3.10/site-packages/puzzlebot_sim
[0.815s] copying /home/humberto/ros2_ws/build/puzzlebot_sim/build/lib/puzzlebot_sim/__init__.py -> /home/humberto/ros2_ws/install/puzzlebot_sim/lib/python3.10/site-packages/puzzlebot_sim
[0.815s] byte-compiling /home/humberto/ros2_ws/install/puzzlebot_sim/lib/python3.10/site-packages/puzzlebot_sim/joint_state_publisher.py to joint_state_publisher.cpython-310.pyc
[0.816s] byte-compiling /home/humberto/ros2_ws/install/puzzlebot_sim/lib/python3.10/site-packages/puzzlebot_sim/__init__.py to __init__.cpython-310.pyc
[0.816s] running install_data
[0.817s] creating /home/humberto/ros2_ws/install/puzzlebot_sim/share/ament_index
[0.817s] creating /home/humberto/ros2_ws/install/puzzlebot_sim/share/ament_index/resource_index
[0.817s] creating /home/humberto/ros2_ws/install/puzzlebot_sim/share/ament_index/resource_index/packages
[0.817s] copying resource/puzzlebot_sim -> /home/humberto/ros2_ws/install/puzzlebot_sim/share/ament_index/resource_index/packages
[0.817s] copying package.xml -> /home/humberto/ros2_ws/install/puzzlebot_sim/share/puzzlebot_sim
[0.817s] creating /home/humberto/ros2_ws/install/puzzlebot_sim/share/puzzlebot_sim/launch
[0.817s] copying launch/puzzlebot_launch.py -> /home/humberto/ros2_ws/install/puzzlebot_sim/share/puzzlebot_sim/launch
[0.817s] creating /home/humberto/ros2_ws/install/puzzlebot_sim/share/puzzlebot_sim/rviz
[0.817s] copying rviz/puzzlebot_rviz.rviz -> /home/humberto/ros2_ws/install/puzzlebot_sim/share/puzzlebot_sim/rviz
[0.817s] creating /home/humberto/ros2_ws/install/puzzlebot_sim/share/puzzlebot_sim/meshes
[0.817s] copying meshes/Puzzlebot_Jetson_Lidar_Edition_Base.stl -> /home/humberto/ros2_ws/install/puzzlebot_sim/share/puzzlebot_sim/meshes
[0.817s] copying meshes/Puzzlebot_Wheel.stl -> /home/humberto/ros2_ws/install/puzzlebot_sim/share/puzzlebot_sim/meshes
[0.817s] copying meshes/Puzzlebot_Caster_Wheel.stl -> /home/humberto/ros2_ws/install/puzzlebot_sim/share/puzzlebot_sim/meshes
[0.818s] creating /home/humberto/ros2_ws/install/puzzlebot_sim/share/puzzlebot_sim/urdf
[0.818s] copying urdf/puzzlebot.urdf -> /home/humberto/ros2_ws/install/puzzlebot_sim/share/puzzlebot_sim/urdf
[0.818s] running install_egg_info
[0.820s] Copying ../ros2_ws/build/puzzlebot_sim/puzzlebot_sim.egg-info to /home/humberto/ros2_ws/install/puzzlebot_sim/lib/python3.10/site-packages/puzzlebot_sim-1.0.0-py3.10.egg-info
[0.821s] running install_scripts
[0.842s] Installing joint_state_publisher script to /home/humberto/ros2_ws/install/puzzlebot_sim/lib/puzzlebot_sim
[0.842s] writing list of installed files to '/home/humberto/ros2_ws/build/puzzlebot_sim/install.log'
[0.867s] Invoked command in '/home/humberto/ros2_ws/src/puzzlebot_sim' returned '0': PYTHONPATH=/home/humberto/ros2_ws/build/puzzlebot_sim/prefix_override:/usr/lib/python3/dist-packages/colcon_core/task/python/colcon_distutils_commands:/home/humberto/ros2_ws/install/puzzlebot_sim/lib/python3.10/site-packages:${PYTHONPATH} /usr/bin/python3 -W ignore:setup.py install is deprecated -W ignore:easy_install command is deprecated setup.py egg_info --egg-base ../ros2_ws/build/puzzlebot_sim build --build-base /home/humberto/ros2_ws/build/puzzlebot_sim/build install --record /home/humberto/ros2_ws/build/puzzlebot_sim/install.log --single-version-externally-managed install_data
