[13.280s] DEBUG:colcon:Command line arguments: ['/usr/bin/colcon', 'build', '--packages-select', 'puzzlebot_ros', '--symlink-install']
[13.280s] DEBUG:colcon:Parsed command line arguments: Namespace(allow_overriding=[], ament_cmake_args=None, base_paths=['.'], build_base='build', catkin_cmake_args=None, catkin_skip_building_tests=False, cmake_args=None, cmake_clean_cache=False, cmake_clean_first=False, cmake_force_configure=False, cmake_target=None, cmake_target_skip_unavailable=False, continue_on_error=False, event_handlers=None, executor='parallel', ignore_user_meta=False, install_base='install', log_base=None, log_level=None, main=<bound method BuildVerb.main of <colcon_core.verb.build.BuildVerb object at 0x7fb44b77c0>>, merge_install=False, metas=['./colcon.meta'], packages_above=None, packages_above_and_dependencies=None, packages_above_depth=None, packages_end=None, packages_ignore=None, packages_ignore_regex=None, packages_select=['puzzlebot_ros'], packages_select_build_failed=False, packages_select_by_dep=None, packages_select_regex=None, packages_select_test_failures=False, packages_skip=None, packages_skip_build_finished=False, packages_skip_by_dep=None, packages_skip_regex=None, packages_skip_test_passed=False, packages_skip_up_to=None, packages_start=None, packages_up_to=None, packages_up_to_regex=None, parallel_workers=4, paths=None, symlink_install=True, test_result_base=None, verb_extension=<colcon_core.verb.build.BuildVerb object at 0x7fb44b77c0>, verb_name='build', verb_parser=<colcon_defaults.argument_parser.defaults.DefaultArgumentsDecorator object at 0x7fb43e0730>)
[13.824s] Level 1:colcon.colcon_core.package_discovery:discover_packages(colcon_meta) check parameters
[13.824s] Level 1:colcon.colcon_core.package_discovery:discover_packages(recursive) check parameters
[13.824s] Level 1:colcon.colcon_core.package_discovery:discover_packages(ignore) check parameters
[13.824s] Level 1:colcon.colcon_core.package_discovery:discover_packages(path) check parameters
[13.825s] Level 1:colcon.colcon_core.package_discovery:discover_packages(colcon_meta) discover
[13.825s] Level 1:colcon.colcon_core.package_discovery:discover_packages(recursive) discover
[13.825s] INFO:colcon.colcon_core.package_discovery:Crawling recursively for packages in '/home/puzzlebot/ros2_ws'
[13.825s] Level 1:colcon.colcon_core.package_identification:_identify(.) by extensions ['ignore', 'ignore_ament_install']
[13.826s] Level 1:colcon.colcon_core.package_identification:_identify(.) by extension 'ignore'
[13.826s] Level 1:colcon.colcon_core.package_identification:_identify(.) by extension 'ignore_ament_install'
[13.826s] Level 1:colcon.colcon_core.package_identification:_identify(.) by extensions ['colcon_pkg']
[13.826s] Level 1:colcon.colcon_core.package_identification:_identify(.) by extension 'colcon_pkg'
[13.827s] Level 1:colcon.colcon_core.package_identification:_identify(.) by extensions ['colcon_meta']
[13.827s] Level 1:colcon.colcon_core.package_identification:_identify(.) by extension 'colcon_meta'
[13.827s] Level 1:colcon.colcon_core.package_identification:_identify(.) by extensions ['ros']
[13.827s] Level 1:colcon.colcon_core.package_identification:_identify(.) by extension 'ros'
[13.891s] Level 1:colcon.colcon_core.package_identification:_identify(.) by extensions ['cmake', 'python']
[13.891s] Level 1:colcon.colcon_core.package_identification:_identify(.) by extension 'cmake'
[13.891s] Level 1:colcon.colcon_core.package_identification:_identify(.) by extension 'python'
[13.891s] Level 1:colcon.colcon_core.package_identification:_identify(.) by extensions ['python_setup_py']
[13.892s] Level 1:colcon.colcon_core.package_identification:_identify(.) by extension 'python_setup_py'
[13.892s] Level 1:colcon.colcon_core.package_identification:_identify(build) by extensions ['ignore', 'ignore_ament_install']
[13.892s] Level 1:colcon.colcon_core.package_identification:_identify(build) by extension 'ignore'
[13.893s] Level 1:colcon.colcon_core.package_identification:_identify(build) ignored
[13.893s] Level 1:colcon.colcon_core.package_identification:_identify(install) by extensions ['ignore', 'ignore_ament_install']
[13.894s] Level 1:colcon.colcon_core.package_identification:_identify(install) by extension 'ignore'
[13.894s] Level 1:colcon.colcon_core.package_identification:_identify(install) ignored
[13.894s] Level 1:colcon.colcon_core.package_identification:_identify(log) by extensions ['ignore', 'ignore_ament_install']
[13.895s] Level 1:colcon.colcon_core.package_identification:_identify(log) by extension 'ignore'
[13.895s] Level 1:colcon.colcon_core.package_identification:_identify(log) ignored
[13.895s] Level 1:colcon.colcon_core.package_identification:_identify(src) by extensions ['ignore', 'ignore_ament_install']
[13.896s] Level 1:colcon.colcon_core.package_identification:_identify(src) by extension 'ignore'
[13.896s] Level 1:colcon.colcon_core.package_identification:_identify(src) by extension 'ignore_ament_install'
[13.896s] Level 1:colcon.colcon_core.package_identification:_identify(src) by extensions ['colcon_pkg']
[13.896s] Level 1:colcon.colcon_core.package_identification:_identify(src) by extension 'colcon_pkg'
[13.896s] Level 1:colcon.colcon_core.package_identification:_identify(src) by extensions ['colcon_meta']
[13.897s] Level 1:colcon.colcon_core.package_identification:_identify(src) by extension 'colcon_meta'
[13.897s] Level 1:colcon.colcon_core.package_identification:_identify(src) by extensions ['ros']
[13.897s] Level 1:colcon.colcon_core.package_identification:_identify(src) by extension 'ros'
[13.897s] Level 1:colcon.colcon_core.package_identification:_identify(src) by extensions ['cmake', 'python']
[13.898s] Level 1:colcon.colcon_core.package_identification:_identify(src) by extension 'cmake'
[13.898s] Level 1:colcon.colcon_core.package_identification:_identify(src) by extension 'python'
[13.898s] Level 1:colcon.colcon_core.package_identification:_identify(src) by extensions ['python_setup_py']
[13.898s] Level 1:colcon.colcon_core.package_identification:_identify(src) by extension 'python_setup_py'
[13.898s] Level 1:colcon.colcon_core.package_identification:_identify(src/build) by extensions ['ignore', 'ignore_ament_install']
[13.899s] Level 1:colcon.colcon_core.package_identification:_identify(src/build) by extension 'ignore'
[13.899s] Level 1:colcon.colcon_core.package_identification:_identify(src/build) ignored
[13.899s] Level 1:colcon.colcon_core.package_identification:_identify(src/install) by extensions ['ignore', 'ignore_ament_install']
[13.900s] Level 1:colcon.colcon_core.package_identification:_identify(src/install) by extension 'ignore'
[13.900s] Level 1:colcon.colcon_core.package_identification:_identify(src/install) ignored
[13.900s] Level 1:colcon.colcon_core.package_identification:_identify(src/log) by extensions ['ignore', 'ignore_ament_install']
[13.901s] Level 1:colcon.colcon_core.package_identification:_identify(src/log) by extension 'ignore'
[13.901s] Level 1:colcon.colcon_core.package_identification:_identify(src/log) ignored
[13.902s] Level 1:colcon.colcon_core.package_identification:_identify(src/puzzlebot_ros) by extensions ['ignore', 'ignore_ament_install']
[13.902s] Level 1:colcon.colcon_core.package_identification:_identify(src/puzzlebot_ros) by extension 'ignore'
[13.902s] Level 1:colcon.colcon_core.package_identification:_identify(src/puzzlebot_ros) by extension 'ignore_ament_install'
[13.903s] Level 1:colcon.colcon_core.package_identification:_identify(src/puzzlebot_ros) by extensions ['colcon_pkg']
[13.903s] Level 1:colcon.colcon_core.package_identification:_identify(src/puzzlebot_ros) by extension 'colcon_pkg'
[13.903s] Level 1:colcon.colcon_core.package_identification:_identify(src/puzzlebot_ros) by extensions ['colcon_meta']
[13.903s] Level 1:colcon.colcon_core.package_identification:_identify(src/puzzlebot_ros) by extension 'colcon_meta'
[13.904s] Level 1:colcon.colcon_core.package_identification:_identify(src/puzzlebot_ros) by extensions ['ros']
[13.904s] Level 1:colcon.colcon_core.package_identification:_identify(src/puzzlebot_ros) by extension 'ros'
[13.943s] DEBUG:colcon.colcon_core.package_identification:Package 'src/puzzlebot_ros' with type 'ros.ament_python' and name 'puzzlebot_ros'
[13.943s] Level 1:colcon.colcon_core.package_identification:_identify(src/sllidar_ros2) by extensions ['ignore', 'ignore_ament_install']
[13.944s] Level 1:colcon.colcon_core.package_identification:_identify(src/sllidar_ros2) by extension 'ignore'
[13.944s] Level 1:colcon.colcon_core.package_identification:_identify(src/sllidar_ros2) by extension 'ignore_ament_install'
[13.944s] Level 1:colcon.colcon_core.package_identification:_identify(src/sllidar_ros2) by extensions ['colcon_pkg']
[13.945s] Level 1:colcon.colcon_core.package_identification:_identify(src/sllidar_ros2) by extension 'colcon_pkg'
[13.945s] Level 1:colcon.colcon_core.package_identification:_identify(src/sllidar_ros2) by extensions ['colcon_meta']
[13.945s] Level 1:colcon.colcon_core.package_identification:_identify(src/sllidar_ros2) by extension 'colcon_meta'
[13.945s] Level 1:colcon.colcon_core.package_identification:_identify(src/sllidar_ros2) by extensions ['ros']
[13.945s] Level 1:colcon.colcon_core.package_identification:_identify(src/sllidar_ros2) by extension 'ros'
[13.949s] DEBUG:colcon.colcon_core.package_identification:Package 'src/sllidar_ros2' with type 'ros.ament_cmake' and name 'sllidar_ros2'
[13.949s] Level 1:colcon.colcon_core.package_discovery:discover_packages(recursive) using defaults
[13.949s] Level 1:colcon.colcon_core.package_discovery:discover_packages(ignore) discover
[13.949s] Level 1:colcon.colcon_core.package_discovery:discover_packages(ignore) using defaults
[13.949s] Level 1:colcon.colcon_core.package_discovery:discover_packages(path) discover
[13.950s] Level 1:colcon.colcon_core.package_discovery:discover_packages(path) using defaults
[14.782s] INFO:colcon.colcon_core.package_selection:Skipping not selected package 'sllidar_ros2' in 'src/sllidar_ros2'
[15.177s] Level 1:colcon.colcon_core.package_discovery:discover_packages(prefix_path) check parameters
[15.178s] Level 1:colcon.colcon_core.package_discovery:discover_packages(prefix_path) discover
[15.594s] DEBUG:colcon.colcon_installed_package_information.package_discovery:Found 2 installed packages in /home/puzzlebot/ros2_ws/install
[15.838s] DEBUG:colcon.colcon_installed_package_information.package_discovery:Found 5 installed packages in /home/puzzlebot/ros2_packages_ws/install
[16.045s] DEBUG:colcon.colcon_installed_package_information.package_discovery:Found 276 installed packages in /opt/ros/humble
[16.054s] Level 1:colcon.colcon_core.package_discovery:discover_packages(prefix_path) using defaults
[17.048s] Level 5:colcon.colcon_core.verb:set package 'puzzlebot_ros' build argument 'cmake_args' from command line to 'None'
[17.048s] Level 5:colcon.colcon_core.verb:set package 'puzzlebot_ros' build argument 'cmake_target' from command line to 'None'
[17.048s] Level 5:colcon.colcon_core.verb:set package 'puzzlebot_ros' build argument 'cmake_target_skip_unavailable' from command line to 'False'
[17.048s] Level 5:colcon.colcon_core.verb:set package 'puzzlebot_ros' build argument 'cmake_clean_cache' from command line to 'False'
[17.048s] Level 5:colcon.colcon_core.verb:set package 'puzzlebot_ros' build argument 'cmake_clean_first' from command line to 'False'
[17.049s] Level 5:colcon.colcon_core.verb:set package 'puzzlebot_ros' build argument 'cmake_force_configure' from command line to 'False'
[17.049s] Level 5:colcon.colcon_core.verb:set package 'puzzlebot_ros' build argument 'ament_cmake_args' from command line to 'None'
[17.049s] Level 5:colcon.colcon_core.verb:set package 'puzzlebot_ros' build argument 'catkin_cmake_args' from command line to 'None'
[17.049s] Level 5:colcon.colcon_core.verb:set package 'puzzlebot_ros' build argument 'catkin_skip_building_tests' from command line to 'False'
[17.049s] DEBUG:colcon.colcon_core.verb:Building package 'puzzlebot_ros' with the following arguments: {'ament_cmake_args': None, 'build_base': '/home/puzzlebot/ros2_ws/build/puzzlebot_ros', 'catkin_cmake_args': None, 'catkin_skip_building_tests': False, 'cmake_args': None, 'cmake_clean_cache': False, 'cmake_clean_first': False, 'cmake_force_configure': False, 'cmake_target': None, 'cmake_target_skip_unavailable': False, 'install_base': '/home/puzzlebot/ros2_ws/install/puzzlebot_ros', 'merge_install': False, 'path': '/home/puzzlebot/ros2_ws/src/puzzlebot_ros', 'symlink_install': True, 'test_result_base': None}
[17.248s] INFO:colcon.colcon_core.executor:Executing jobs using 'parallel' executor
[17.448s] DEBUG:colcon.colcon_parallel_executor.executor.parallel:run_until_complete
[17.448s] INFO:colcon.colcon_ros.task.ament_python.build:Building ROS package in '/home/puzzlebot/ros2_ws/src/puzzlebot_ros' with build type 'ament_python'
[17.449s] Level 1:colcon.colcon_core.shell:create_environment_hook('puzzlebot_ros', 'ament_prefix_path')
[17.669s] INFO:colcon.colcon_core.plugin_system:Skipping extension 'colcon_core.shell.bat': Not used on non-Windows systems
[17.670s] INFO:colcon.colcon_core.shell:Creating environment hook '/home/puzzlebot/ros2_ws/install/puzzlebot_ros/share/puzzlebot_ros/hook/ament_prefix_path.ps1'
[17.674s] INFO:colcon.colcon_core.shell:Creating environment descriptor '/home/puzzlebot/ros2_ws/install/puzzlebot_ros/share/puzzlebot_ros/hook/ament_prefix_path.dsv'
[17.679s] INFO:colcon.colcon_core.shell:Creating environment hook '/home/puzzlebot/ros2_ws/install/puzzlebot_ros/share/puzzlebot_ros/hook/ament_prefix_path.sh'
[17.896s] INFO:colcon.colcon_core.shell:Skip shell extension 'powershell' for command environment: Not usable outside of PowerShell
[17.897s] DEBUG:colcon.colcon_core.shell:Skip shell extension 'dsv' for command environment
[20.160s] INFO:colcon.colcon_core.task.python.build:Building Python package in '/home/puzzlebot/ros2_ws/src/puzzlebot_ros'
[20.370s] INFO:colcon.colcon_core.shell:Skip shell extension 'powershell' for command environment: Not usable outside of PowerShell
[20.370s] DEBUG:colcon.colcon_core.shell:Skip shell extension 'dsv' for command environment
[23.500s] DEBUG:colcon.colcon_core.event_handler.log_command:Invoking command in '/home/puzzlebot/ros2_ws/build/puzzlebot_ros': PYTHONPATH=/home/puzzlebot/ros2_ws/build/puzzlebot_ros/prefix_override:/home/puzzlebot/ros2_ws/install/puzzlebot_ros/lib/python3.8/site-packages:${PYTHONPATH} /usr/bin/python3 setup.py develop --editable --build-directory /home/puzzlebot/ros2_ws/build/puzzlebot_ros/build --no-deps install_data
[25.852s] Level 1:colcon.colcon_core.shell:create_environment_hook('puzzlebot_ros', 'pythonpath_develop')
[25.854s] DEBUG:colcon.colcon_core.event_handler.log_command:Invoked command in '/home/puzzlebot/ros2_ws/build/puzzlebot_ros' returned '0': PYTHONPATH=/home/puzzlebot/ros2_ws/build/puzzlebot_ros/prefix_override:/home/puzzlebot/ros2_ws/install/puzzlebot_ros/lib/python3.8/site-packages:${PYTHONPATH} /usr/bin/python3 setup.py develop --editable --build-directory /home/puzzlebot/ros2_ws/build/puzzlebot_ros/build --no-deps install_data
[26.064s] INFO:colcon.colcon_core.shell:Creating environment hook '/home/puzzlebot/ros2_ws/build/puzzlebot_ros/share/puzzlebot_ros/hook/pythonpath_develop.ps1'
[26.066s] INFO:colcon.colcon_core.shell:Creating environment descriptor '/home/puzzlebot/ros2_ws/build/puzzlebot_ros/share/puzzlebot_ros/hook/pythonpath_develop.dsv'
[26.067s] INFO:colcon.colcon_core.shell:Creating environment hook '/home/puzzlebot/ros2_ws/build/puzzlebot_ros/share/puzzlebot_ros/hook/pythonpath_develop.sh'
[26.293s] Level 1:colcon.colcon_core.environment:checking '/home/puzzlebot/ros2_ws/install/puzzlebot_ros' for CMake module files
[26.296s] Level 1:colcon.colcon_core.environment:checking '/home/puzzlebot/ros2_ws/install/puzzlebot_ros' for CMake config files
[26.300s] Level 1:colcon.colcon_core.environment:checking '/home/puzzlebot/ros2_ws/install/puzzlebot_ros/lib'
[26.301s] Level 1:colcon.colcon_core.environment:checking '/home/puzzlebot/ros2_ws/install/puzzlebot_ros/bin'
[26.301s] Level 1:colcon.colcon_core.environment:checking '/home/puzzlebot/ros2_ws/install/puzzlebot_ros/lib/pkgconfig/puzzlebot_ros.pc'
[26.302s] Level 1:colcon.colcon_core.environment:checking '/home/puzzlebot/ros2_ws/install/puzzlebot_ros/lib/python3.8/site-packages'
[26.302s] Level 1:colcon.colcon_core.shell:create_environment_hook('puzzlebot_ros', 'pythonpath')
[26.516s] INFO:colcon.colcon_core.shell:Creating environment hook '/home/puzzlebot/ros2_ws/install/puzzlebot_ros/share/puzzlebot_ros/hook/pythonpath.ps1'
[26.518s] INFO:colcon.colcon_core.shell:Creating environment descriptor '/home/puzzlebot/ros2_ws/install/puzzlebot_ros/share/puzzlebot_ros/hook/pythonpath.dsv'
[26.519s] INFO:colcon.colcon_core.shell:Creating environment hook '/home/puzzlebot/ros2_ws/install/puzzlebot_ros/share/puzzlebot_ros/hook/pythonpath.sh'
[26.521s] Level 1:colcon.colcon_core.environment:checking '/home/puzzlebot/ros2_ws/install/puzzlebot_ros/bin'
[26.522s] Level 1:colcon.colcon_core.environment:create_environment_scripts_only(puzzlebot_ros)
[26.760s] INFO:colcon.colcon_core.shell:Creating package script '/home/puzzlebot/ros2_ws/install/puzzlebot_ros/share/puzzlebot_ros/package.ps1'
[26.765s] INFO:colcon.colcon_core.shell:Creating package descriptor '/home/puzzlebot/ros2_ws/install/puzzlebot_ros/share/puzzlebot_ros/package.dsv'
[26.771s] INFO:colcon.colcon_core.shell:Creating package script '/home/puzzlebot/ros2_ws/install/puzzlebot_ros/share/puzzlebot_ros/package.sh'
[26.778s] INFO:colcon.colcon_core.shell:Creating package script '/home/puzzlebot/ros2_ws/install/puzzlebot_ros/share/puzzlebot_ros/package.bash'
[26.784s] INFO:colcon.colcon_core.shell:Creating package script '/home/puzzlebot/ros2_ws/install/puzzlebot_ros/share/puzzlebot_ros/package.zsh'
[26.790s] Level 1:colcon.colcon_core.environment:create_file_with_runtime_dependencies(/home/puzzlebot/ros2_ws/install/puzzlebot_ros/share/colcon-core/packages/puzzlebot_ros)
[26.792s] DEBUG:colcon.colcon_parallel_executor.executor.parallel:closing loop
[26.793s] DEBUG:colcon.colcon_parallel_executor.executor.parallel:loop closed
[26.793s] DEBUG:colcon.colcon_parallel_executor.executor.parallel:run_until_complete finished with '0'
[26.793s] DEBUG:colcon.colcon_core.event_reactor:joining thread
[27.064s] INFO:colcon.colcon_core.plugin_system:Skipping extension 'colcon_notification.desktop_notification.terminal_notifier': Not used on non-Darwin systems
[27.064s] INFO:colcon.colcon_core.plugin_system:Skipping extension 'colcon_notification.desktop_notification.win32': Not used on non-Windows systems
[27.064s] INFO:colcon.colcon_notification.desktop_notification:Sending desktop notification using 'notify2'
[27.216s] DEBUG:colcon.colcon_core.event_reactor:joined thread
[27.438s] INFO:colcon.colcon_core.shell:Creating prefix script '/home/puzzlebot/ros2_ws/install/local_setup.ps1'
[27.443s] INFO:colcon.colcon_core.shell:Creating prefix util module '/home/puzzlebot/ros2_ws/install/_local_setup_util_ps1.py'
[27.453s] INFO:colcon.colcon_core.shell:Creating prefix chain script '/home/puzzlebot/ros2_ws/install/setup.ps1'
[27.663s] INFO:colcon.colcon_core.shell:Creating prefix script '/home/puzzlebot/ros2_ws/install/local_setup.sh'
[27.669s] INFO:colcon.colcon_core.shell:Creating prefix util module '/home/puzzlebot/ros2_ws/install/_local_setup_util_sh.py'
[27.671s] INFO:colcon.colcon_core.shell:Creating prefix chain script '/home/puzzlebot/ros2_ws/install/setup.sh'
[27.880s] INFO:colcon.colcon_core.shell:Creating prefix script '/home/puzzlebot/ros2_ws/install/local_setup.bash'
[27.885s] INFO:colcon.colcon_core.shell:Creating prefix chain script '/home/puzzlebot/ros2_ws/install/setup.bash'
[28.091s] INFO:colcon.colcon_core.shell:Creating prefix script '/home/puzzlebot/ros2_ws/install/local_setup.zsh'
[28.096s] INFO:colcon.colcon_core.shell:Creating prefix chain script '/home/puzzlebot/ros2_ws/install/setup.zsh'
