[0.568s] Invoking command in '/home/humberto/ros2_ws/src/puzzlebot_sim': PYTHONPATH=/home/humberto/ros2_ws/build/puzzlebot_sim/prefix_override:/usr/lib/python3/dist-packages/colcon_core/task/python/colcon_distutils_commands:/home/humberto/ros2_ws/install/puzzlebot_sim/lib/python3.10/site-packages:${PYTHONPATH} /usr/bin/python3 -W ignore:setup.py install is deprecated -W ignore:easy_install command is deprecated setup.py egg_info --egg-base ../ros2_ws/build/puzzlebot_sim build --build-base /home/humberto/ros2_ws/build/puzzlebot_sim/build install --record /home/humberto/ros2_ws/build/puzzlebot_sim/install.log --single-version-externally-managed install_data
[0.800s] running egg_info
[0.800s] writing ../ros2_ws/build/puzzlebot_sim/puzzlebot_sim.egg-info/PKG-INFO
[0.800s] writing dependency_links to ../ros2_ws/build/puzzlebot_sim/puzzlebot_sim.egg-info/dependency_links.txt
[0.801s] writing entry points to ../ros2_ws/build/puzzlebot_sim/puzzlebot_sim.egg-info/entry_points.txt
[0.801s] writing requirements to ../ros2_ws/build/puzzlebot_sim/puzzlebot_sim.egg-info/requires.txt
[0.801s] writing top-level names to ../ros2_ws/build/puzzlebot_sim/puzzlebot_sim.egg-info/top_level.txt
[0.802s] reading manifest file '../ros2_ws/build/puzzlebot_sim/puzzlebot_sim.egg-info/SOURCES.txt'
[0.803s] writing manifest file '../ros2_ws/build/puzzlebot_sim/puzzlebot_sim.egg-info/SOURCES.txt'
[0.803s] running build
[0.803s] running build_py
[0.803s] copying puzzlebot_sim/joint_state_publisher.py -> /home/humberto/ros2_ws/build/puzzlebot_sim/build/lib/puzzlebot_sim
[0.803s] running install
[0.803s] running install_lib
[0.804s] copying /home/humberto/ros2_ws/build/puzzlebot_sim/build/lib/puzzlebot_sim/joint_state_publisher.py -> /home/humberto/ros2_ws/install/puzzlebot_sim/lib/python3.10/site-packages/puzzlebot_sim
[0.804s] byte-compiling /home/humberto/ros2_ws/install/puzzlebot_sim/lib/python3.10/site-packages/puzzlebot_sim/joint_state_publisher.py to joint_state_publisher.cpython-310.pyc
[0.805s] running install_data
[0.805s] copying launch/puzzlebot_launch.py -> /home/humberto/ros2_ws/install/puzzlebot_sim/share/puzzlebot_sim/launch
[0.806s] running install_egg_info
[0.807s] removing '/home/humberto/ros2_ws/install/puzzlebot_sim/lib/python3.10/site-packages/puzzlebot_sim-1.0.0-py3.10.egg-info' (and everything under it)
[0.808s] Copying ../ros2_ws/build/puzzlebot_sim/puzzlebot_sim.egg-info to /home/humberto/ros2_ws/install/puzzlebot_sim/lib/python3.10/site-packages/puzzlebot_sim-1.0.0-py3.10.egg-info
[0.808s] running install_scripts
[0.825s] Installing joint_state_publisher script to /home/humberto/ros2_ws/install/puzzlebot_sim/lib/puzzlebot_sim
[0.825s] writing list of installed files to '/home/humberto/ros2_ws/build/puzzlebot_sim/install.log'
[0.844s] Invoked command in '/home/humberto/ros2_ws/src/puzzlebot_sim' returned '0': PYTHONPATH=/home/humberto/ros2_ws/build/puzzlebot_sim/prefix_override:/usr/lib/python3/dist-packages/colcon_core/task/python/colcon_distutils_commands:/home/humberto/ros2_ws/install/puzzlebot_sim/lib/python3.10/site-packages:${PYTHONPATH} /usr/bin/python3 -W ignore:setup.py install is deprecated -W ignore:easy_install command is deprecated setup.py egg_info --egg-base ../ros2_ws/build/puzzlebot_sim build --build-base /home/humberto/ros2_ws/build/puzzlebot_sim/build install --record /home/humberto/ros2_ws/build/puzzlebot_sim/install.log --single-version-externally-managed install_data
